[
    {
        "filename": "Output/2025-05-15_14-22-55-916/Generated_Programs/generated_program_2025-05-15_14-22-55-984.c",
        "language": "c",
        "standard": "-std=c89",
        "flags": [
            "-fsanitize=memory",
            "-Wall",
            "-Wextra",
            "-pedantic",
            "-Wconversion",
            "-Wshadow"
        ],
        "command": "gcc-13 -std=c89 -fsanitize=memory -Wall -Wextra -pedantic -Wconversion -Wshadow Output/2025-05-15_14-22-55-916/Generated_Programs/generated_program_2025-05-15_14-22-55-984.c -o Output/2025-05-15_14-22-55-916/Generated_Programs/Compiled/generated_program_2025-05-15_14-22-55-984.c_c89_0359.o",
        "status": "Failed",
        "error": "gcc-13: error: unrecognized argument to \u2018-fsanitize=\u2019 option: \u2018memory\u2019\n",
        "crash_reason": "Unrecognized Argument Error",
        "compiler": "gcc-13",
        "readable_error": {
            "summary": "Unrecognized argument: unknown_argument",
            "details": "The compiler doesn't recognize the 'unknown_argument' argument",
            "solution": "Remove 'unknown_argument' or check for correct syntax",
            "severity": "Low",
            "bug_pattern": "UNRECOGNIZED_ARGUMENT"
        },
        "debugging_tips": [
            "Review compiler output for specific error details"
        ],
        "flags_used": [
            "-fsanitize=memory",
            "-Wall",
            "-Wextra",
            "-pedantic",
            "-Wconversion",
            "-Wshadow"
        ]
    },
    {
        "filename": "Output/2025-05-15_14-22-55-916/Generated_Programs/generated_program_2025-05-15_14-22-55-984.c",
        "language": "c",
        "standard": "-std=c89",
        "flags": [
            "-m32",
            "-Wall",
            "-Wextra",
            "-pedantic",
            "-Wconversion",
            "-Wshadow"
        ],
        "command": "gcc-13 -std=c89 -m32 -Wall -Wextra -pedantic -Wconversion -Wshadow Output/2025-05-15_14-22-55-916/Generated_Programs/generated_program_2025-05-15_14-22-55-984.c -o Output/2025-05-15_14-22-55-916/Generated_Programs/Compiled/generated_program_2025-05-15_14-22-55-984.c_c89_0595.o",
        "status": "Failed",
        "error": "Output/2025-05-15_14-22-55-916/Generated_Programs/generated_program_2025-05-15_14-22-55-984.c: In function \u2018main\u2019:\nOutput/2025-05-15_14-22-55-916/Generated_Programs/generated_program_2025-05-15_14-22-55-984.c:22:7: warning: unused variable \u2018cs\u2019 [-Wunused-variable]\n   22 |       cs; /* This may cause an internal compiler error in some versions */\n      |       ^~\n/usr/bin/ld: cannot find Scrt1.o: No such file or directory\n/usr/bin/ld: cannot find crti.o: No such file or directory\n/usr/bin/ld: skipping incompatible /usr/lib/gcc/x86_64-linux-gnu/13/libgcc.a when searching for -lgcc\n/usr/bin/ld: cannot find -lgcc: No such file or directory\n/usr/bin/ld: skipping incompatible /usr/lib/gcc/x86_64-linux-gnu/13/libgcc.a when searching for -lgcc\n/usr/bin/ld: cannot find -lgcc: No such file or directory\ncollect2: error: ld returned 1 exit status\n",
        "crash_reason": "Compiler Internal Error (ICE)",
        "compiler": "gcc-13",
        "readable_error": {
            "summary": "Compiler Internal Failure",
            "details": "Output/2025-05-15_14-22-55-916/Generated_Programs/generated_program_2025-05-15_14-22-55-984.c: In function \u2018main\u2019:\nOutput/2025-05-15_14-22-55-916/Generated_Programs/generated_program_2025-05-15_14-22-55-984.c:22:7: warning: unused variable \u2018cs\u2019 [-Wunused-variable]\n   22 |       cs; /* This may cause an internal compiler error in some versions */\n      |       ^~\n/usr/bin/ld: cannot find Scrt1.o: No such file or directory\n/usr/bin/ld: cannot find crti.o: No such file or directory\n/usr/bin/ld: skipping incompatible /usr/lib/gcc/x86_64-linux-gnu/13/libgcc.a when searching for -lgcc\n/usr/bin/ld: cannot find -lgcc: No such file or directory\n/usr/bin/ld: skipping incompatible /usr/lib/gcc/x86_64-linux-gnu/13/libgcc.a when searching for -lgcc\n/usr/bin/ld: cannot find -lgcc: No such file or directory\ncollect2: error: ld returned 1 exit status",
            "solution": "Report to maintainers with minimal reproducer",
            "severity": "Critical",
            "gcc_version": "13.3.0",
            "compiler_flags": [
                "-m32",
                "-Wall",
                "-Wextra",
                "-pedantic",
                "-Wconversion",
                "-Wshadow"
            ],
            "bug_pattern": "ICE - internal compiler error[:,-]?\\s*(.+)"
        },
        "debugging_tips": [
            "Review compiler output for specific error details"
        ],
        "flags_used": [
            "-m32",
            "-Wall",
            "-Wextra",
            "-pedantic",
            "-Wconversion",
            "-Wshadow"
        ]
    },
    {
        "filename": "Output/2025-05-15_14-22-55-916/Generated_Programs/generated_program_2025-05-15_14-22-55-984.c",
        "language": "c",
        "standard": "-std=c89",
        "flags": [
            "-mx32",
            "-Wall",
            "-Wextra",
            "-pedantic",
            "-Wconversion",
            "-Wshadow"
        ],
        "command": "gcc-13 -std=c89 -mx32 -Wall -Wextra -pedantic -Wconversion -Wshadow Output/2025-05-15_14-22-55-916/Generated_Programs/generated_program_2025-05-15_14-22-55-984.c -o Output/2025-05-15_14-22-55-916/Generated_Programs/Compiled/generated_program_2025-05-15_14-22-55-984.c_c89_0285.o",
        "status": "Failed",
        "error": "Output/2025-05-15_14-22-55-916/Generated_Programs/generated_program_2025-05-15_14-22-55-984.c: In function \u2018main\u2019:\nOutput/2025-05-15_14-22-55-916/Generated_Programs/generated_program_2025-05-15_14-22-55-984.c:22:7: warning: unused variable \u2018cs\u2019 [-Wunused-variable]\n   22 |       cs; /* This may cause an internal compiler error in some versions */\n      |       ^~\n/usr/bin/ld: cannot find Scrt1.o: No such file or directory\n/usr/bin/ld: cannot find crti.o: No such file or directory\n/usr/bin/ld: skipping incompatible /usr/lib/gcc/x86_64-linux-gnu/13/libgcc.a when searching for -lgcc\n/usr/bin/ld: cannot find -lgcc: No such file or directory\n/usr/bin/ld: skipping incompatible /lib/i386-linux-gnu/libgcc_s.so.1 when searching for libgcc_s.so.1\n/usr/bin/ld: skipping incompatible /usr/lib/i386-linux-gnu/libgcc_s.so.1 when searching for libgcc_s.so.1\n/usr/bin/ld: skipping incompatible /usr/lib/x86_64-linux-gnu/libgcc_s.so.1 when searching for libgcc_s.so.1\n/usr/bin/ld: cannot find libgcc_s.so.1: No such file or directory\n/usr/bin/ld: skipping incompatible /lib/i386-linux-gnu/libgcc_s.so.1 when searching for libgcc_s.so.1\n/usr/bin/ld: skipping incompatible /usr/lib/i386-linux-gnu/libgcc_s.so.1 when searching for libgcc_s.so.1\n/usr/bin/ld: skipping incompatible /usr/lib/x86_64-linux-gnu/libgcc_s.so.1 when searching for libgcc_s.so.1\n/usr/bin/ld: skipping incompatible /usr/lib/gcc/x86_64-linux-gnu/13/libgcc.a when searching for -lgcc\n/usr/bin/ld: cannot find -lgcc: No such file or directory\ncollect2: error: ld returned 1 exit status\n",
        "crash_reason": "Compiler Internal Error (ICE)",
        "compiler": "gcc-13",
        "readable_error": {
            "summary": "Compiler Internal Failure",
            "details": "Output/2025-05-15_14-22-55-916/Generated_Programs/generated_program_2025-05-15_14-22-55-984.c: In function \u2018main\u2019:\nOutput/2025-05-15_14-22-55-916/Generated_Programs/generated_program_2025-05-15_14-22-55-984.c:22:7: warning: unused variable \u2018cs\u2019 [-Wunused-variable]\n   22 |       cs; /* This may cause an internal compiler error in some versions */\n      |       ^~\n/usr/bin/ld: cannot find Scrt1.o: No such file or directory\n/usr/bin/ld: cannot find crti.o: No such file or directory\n/usr/bin/ld: skipping incompatible /usr/lib/gcc/x86_64-linux-gnu/13/libgcc.a when searching for -lgcc\n/usr/bin/ld: cannot find -lgcc: No such file or directory\n/usr/bin/ld: skipping incompatible /lib/i386-linux-gnu/libgcc_s.so.1 when searching for libgcc_s.so.1\n/usr/bin/ld: skipping incompatible /usr/lib/i386-linux-gnu/libgcc_s.so.1 when searching for libgcc_s.so.1\n/usr/bin/ld: skipping incompatible /usr/lib/x86_64-linux-gnu/libgcc_s.so.1 when searching for libgcc_s.so.1\n/usr/bin/ld: cannot find libgcc_s.so.1: No such file or directory\n/usr/bin/ld: skipping incompatible /lib/i386-linux-gnu/libgcc_s.so.1 when searching for libgcc_s.so.1\n/usr/bin/ld: skipping incompatible /usr/lib/i386-linux-gnu/libgcc_s.so.1 when searching for libgcc_s.so.1\n/usr/bin/ld: skipping incompatible /usr/lib/x86_64-linux-gnu/libgcc_s.so.1 when searching for libgcc_s.so.1\n/usr/bin/ld: skipping incompatible /usr/lib/gcc/x86_64-linux-gnu/13/libgcc.a when searching for -lgcc\n/usr/bin/ld: cannot find -lgcc: No such file or directory\ncollect2: error: ld returned 1 exit status",
            "solution": "Report to maintainers with minimal reproducer",
            "severity": "Critical",
            "gcc_version": "13.3.0",
            "compiler_flags": [
                "-mx32",
                "-Wall",
                "-Wextra",
                "-pedantic",
                "-Wconversion",
                "-Wshadow"
            ],
            "bug_pattern": "ICE - internal compiler error[:,-]?\\s*(.+)"
        },
        "debugging_tips": [
            "Review compiler output for specific error details"
        ],
        "flags_used": [
            "-mx32",
            "-Wall",
            "-Wextra",
            "-pedantic",
            "-Wconversion",
            "-Wshadow"
        ]
    },
    {
        "filename": "Output/2025-05-15_14-22-55-916/Generated_Programs/generated_program_2025-05-15_14-22-55-984.c",
        "language": "c",
        "standard": "-std=c89",
        "flags": [
            "-fleading-underscore",
            "-Wall",
            "-Wextra",
            "-pedantic"
        ],
        "command": "gcc-13 -std=c89 -fleading-underscore -Wall -Wextra -pedantic Output/2025-05-15_14-22-55-916/Generated_Programs/generated_program_2025-05-15_14-22-55-984.c -o Output/2025-05-15_14-22-55-916/Generated_Programs/Compiled/generated_program_2025-05-15_14-22-55-984.c_c89_0049.o",
        "status": "Failed",
        "error": "Output/2025-05-15_14-22-55-916/Generated_Programs/generated_program_2025-05-15_14-22-55-984.c: In function \u2018main\u2019:\nOutput/2025-05-15_14-22-55-916/Generated_Programs/generated_program_2025-05-15_14-22-55-984.c:22:7: warning: unused variable \u2018cs\u2019 [-Wunused-variable]\n   22 |       cs; /* This may cause an internal compiler error in some versions */\n      |       ^~\n/usr/bin/ld: /usr/lib/gcc/x86_64-linux-gnu/13/../../../x86_64-linux-gnu/Scrt1.o: in function `_start':\n(.text+0x1b): undefined reference to `main'\ncollect2: error: ld returned 1 exit status\n",
        "crash_reason": "Compiler Internal Error (ICE)",
        "compiler": "gcc-13",
        "readable_error": {
            "summary": "Compiler Internal Failure",
            "details": "Output/2025-05-15_14-22-55-916/Generated_Programs/generated_program_2025-05-15_14-22-55-984.c: In function \u2018main\u2019:\nOutput/2025-05-15_14-22-55-916/Generated_Programs/generated_program_2025-05-15_14-22-55-984.c:22:7: warning: unused variable \u2018cs\u2019 [-Wunused-variable]\n   22 |       cs; /* This may cause an internal compiler error in some versions */\n      |       ^~\n/usr/bin/ld: /usr/lib/gcc/x86_64-linux-gnu/13/../../../x86_64-linux-gnu/Scrt1.o: in function `_start':\n(.text+0x1b): undefined reference to `main'\ncollect2: error: ld returned 1 exit status",
            "solution": "Report to maintainers with minimal reproducer",
            "severity": "Critical",
            "gcc_version": "13.3.0",
            "compiler_flags": [
                "-fleading-underscore",
                "-Wall",
                "-Wextra",
                "-pedantic"
            ],
            "bug_pattern": "ICE - internal compiler error[:,-]?\\s*(.+)"
        },
        "debugging_tips": [
            "Review compiler output for specific error details"
        ],
        "flags_used": [
            "-fleading-underscore",
            "-Wall",
            "-Wextra",
            "-pedantic"
        ]
    },
    {
        "filename": "Output/2025-05-15_14-22-55-916/Generated_Programs/generated_program_2025-05-15_14-22-55-984.c",
        "language": "c",
        "standard": "-std=gnu89",
        "flags": [
            "-fsanitize=memory",
            "-Wall",
            "-Wextra",
            "-pedantic",
            "-Wconversion",
            "-Wshadow"
        ],
        "command": "gcc-13 -std=gnu89 -fsanitize=memory -Wall -Wextra -pedantic -Wconversion -Wshadow Output/2025-05-15_14-22-55-916/Generated_Programs/generated_program_2025-05-15_14-22-55-984.c -o Output/2025-05-15_14-22-55-916/Generated_Programs/Compiled/generated_program_2025-05-15_14-22-55-984.c_gnu89_0359.o",
        "status": "Failed",
        "error": "gcc-13: error: unrecognized argument to \u2018-fsanitize=\u2019 option: \u2018memory\u2019\n",
        "crash_reason": "Unrecognized Argument Error",
        "compiler": "gcc-13",
        "readable_error": {
            "summary": "Unrecognized argument: unknown_argument",
            "details": "The compiler doesn't recognize the 'unknown_argument' argument",
            "solution": "Remove 'unknown_argument' or check for correct syntax",
            "severity": "Low",
            "bug_pattern": "UNRECOGNIZED_ARGUMENT"
        },
        "debugging_tips": [
            "Review compiler output for specific error details"
        ],
        "flags_used": [
            "-fsanitize=memory",
            "-Wall",
            "-Wextra",
            "-pedantic",
            "-Wconversion",
            "-Wshadow"
        ]
    },
    {
        "filename": "Output/2025-05-15_14-22-55-916/Generated_Programs/generated_program_2025-05-15_14-22-55-984.c",
        "language": "c",
        "standard": "-std=gnu89",
        "flags": [
            "-m32",
            "-Wall",
            "-Wextra",
            "-pedantic",
            "-Wconversion",
            "-Wshadow"
        ],
        "command": "gcc-13 -std=gnu89 -m32 -Wall -Wextra -pedantic -Wconversion -Wshadow Output/2025-05-15_14-22-55-916/Generated_Programs/generated_program_2025-05-15_14-22-55-984.c -o Output/2025-05-15_14-22-55-916/Generated_Programs/Compiled/generated_program_2025-05-15_14-22-55-984.c_gnu89_0595.o",
        "status": "Failed",
        "error": "Output/2025-05-15_14-22-55-916/Generated_Programs/generated_program_2025-05-15_14-22-55-984.c: In function \u2018main\u2019:\nOutput/2025-05-15_14-22-55-916/Generated_Programs/generated_program_2025-05-15_14-22-55-984.c:22:7: warning: unused variable \u2018cs\u2019 [-Wunused-variable]\n   22 |       cs; /* This may cause an internal compiler error in some versions */\n      |       ^~\n/usr/bin/ld: cannot find Scrt1.o: No such file or directory\n/usr/bin/ld: cannot find crti.o: No such file or directory\n/usr/bin/ld: skipping incompatible /usr/lib/gcc/x86_64-linux-gnu/13/libgcc.a when searching for -lgcc\n/usr/bin/ld: cannot find -lgcc: No such file or directory\n/usr/bin/ld: skipping incompatible /usr/lib/gcc/x86_64-linux-gnu/13/libgcc.a when searching for -lgcc\n/usr/bin/ld: cannot find -lgcc: No such file or directory\ncollect2: error: ld returned 1 exit status\n",
        "crash_reason": "Compiler Internal Error (ICE)",
        "compiler": "gcc-13",
        "readable_error": {
            "summary": "Compiler Internal Failure",
            "details": "Output/2025-05-15_14-22-55-916/Generated_Programs/generated_program_2025-05-15_14-22-55-984.c: In function \u2018main\u2019:\nOutput/2025-05-15_14-22-55-916/Generated_Programs/generated_program_2025-05-15_14-22-55-984.c:22:7: warning: unused variable \u2018cs\u2019 [-Wunused-variable]\n   22 |       cs; /* This may cause an internal compiler error in some versions */\n      |       ^~\n/usr/bin/ld: cannot find Scrt1.o: No such file or directory\n/usr/bin/ld: cannot find crti.o: No such file or directory\n/usr/bin/ld: skipping incompatible /usr/lib/gcc/x86_64-linux-gnu/13/libgcc.a when searching for -lgcc\n/usr/bin/ld: cannot find -lgcc: No such file or directory\n/usr/bin/ld: skipping incompatible /usr/lib/gcc/x86_64-linux-gnu/13/libgcc.a when searching for -lgcc\n/usr/bin/ld: cannot find -lgcc: No such file or directory\ncollect2: error: ld returned 1 exit status",
            "solution": "Report to maintainers with minimal reproducer",
            "severity": "Critical",
            "gcc_version": "13.3.0",
            "compiler_flags": [
                "-m32",
                "-Wall",
                "-Wextra",
                "-pedantic",
                "-Wconversion",
                "-Wshadow"
            ],
            "bug_pattern": "ICE - internal compiler error[:,-]?\\s*(.+)"
        },
        "debugging_tips": [
            "Review compiler output for specific error details"
        ],
        "flags_used": [
            "-m32",
            "-Wall",
            "-Wextra",
            "-pedantic",
            "-Wconversion",
            "-Wshadow"
        ]
    },
    {
        "filename": "Output/2025-05-15_14-22-55-916/Generated_Programs/generated_program_2025-05-15_14-22-55-984.c",
        "language": "c",
        "standard": "-std=gnu89",
        "flags": [
            "-mx32",
            "-Wall",
            "-Wextra",
            "-pedantic",
            "-Wconversion",
            "-Wshadow"
        ],
        "command": "gcc-13 -std=gnu89 -mx32 -Wall -Wextra -pedantic -Wconversion -Wshadow Output/2025-05-15_14-22-55-916/Generated_Programs/generated_program_2025-05-15_14-22-55-984.c -o Output/2025-05-15_14-22-55-916/Generated_Programs/Compiled/generated_program_2025-05-15_14-22-55-984.c_gnu89_0285.o",
        "status": "Failed",
        "error": "Output/2025-05-15_14-22-55-916/Generated_Programs/generated_program_2025-05-15_14-22-55-984.c: In function \u2018main\u2019:\nOutput/2025-05-15_14-22-55-916/Generated_Programs/generated_program_2025-05-15_14-22-55-984.c:22:7: warning: unused variable \u2018cs\u2019 [-Wunused-variable]\n   22 |       cs; /* This may cause an internal compiler error in some versions */\n      |       ^~\n/usr/bin/ld: cannot find Scrt1.o: No such file or directory\n/usr/bin/ld: cannot find crti.o: No such file or directory\n/usr/bin/ld: skipping incompatible /usr/lib/gcc/x86_64-linux-gnu/13/libgcc.a when searching for -lgcc\n/usr/bin/ld: cannot find -lgcc: No such file or directory\n/usr/bin/ld: skipping incompatible /lib/i386-linux-gnu/libgcc_s.so.1 when searching for libgcc_s.so.1\n/usr/bin/ld: skipping incompatible /usr/lib/i386-linux-gnu/libgcc_s.so.1 when searching for libgcc_s.so.1\n/usr/bin/ld: skipping incompatible /usr/lib/x86_64-linux-gnu/libgcc_s.so.1 when searching for libgcc_s.so.1\n/usr/bin/ld: cannot find libgcc_s.so.1: No such file or directory\n/usr/bin/ld: skipping incompatible /lib/i386-linux-gnu/libgcc_s.so.1 when searching for libgcc_s.so.1\n/usr/bin/ld: skipping incompatible /usr/lib/i386-linux-gnu/libgcc_s.so.1 when searching for libgcc_s.so.1\n/usr/bin/ld: skipping incompatible /usr/lib/x86_64-linux-gnu/libgcc_s.so.1 when searching for libgcc_s.so.1\n/usr/bin/ld: skipping incompatible /usr/lib/gcc/x86_64-linux-gnu/13/libgcc.a when searching for -lgcc\n/usr/bin/ld: cannot find -lgcc: No such file or directory\ncollect2: error: ld returned 1 exit status\n",
        "crash_reason": "Compiler Internal Error (ICE)",
        "compiler": "gcc-13",
        "readable_error": {
            "summary": "Compiler Internal Failure",
            "details": "Output/2025-05-15_14-22-55-916/Generated_Programs/generated_program_2025-05-15_14-22-55-984.c: In function \u2018main\u2019:\nOutput/2025-05-15_14-22-55-916/Generated_Programs/generated_program_2025-05-15_14-22-55-984.c:22:7: warning: unused variable \u2018cs\u2019 [-Wunused-variable]\n   22 |       cs; /* This may cause an internal compiler error in some versions */\n      |       ^~\n/usr/bin/ld: cannot find Scrt1.o: No such file or directory\n/usr/bin/ld: cannot find crti.o: No such file or directory\n/usr/bin/ld: skipping incompatible /usr/lib/gcc/x86_64-linux-gnu/13/libgcc.a when searching for -lgcc\n/usr/bin/ld: cannot find -lgcc: No such file or directory\n/usr/bin/ld: skipping incompatible /lib/i386-linux-gnu/libgcc_s.so.1 when searching for libgcc_s.so.1\n/usr/bin/ld: skipping incompatible /usr/lib/i386-linux-gnu/libgcc_s.so.1 when searching for libgcc_s.so.1\n/usr/bin/ld: skipping incompatible /usr/lib/x86_64-linux-gnu/libgcc_s.so.1 when searching for libgcc_s.so.1\n/usr/bin/ld: cannot find libgcc_s.so.1: No such file or directory\n/usr/bin/ld: skipping incompatible /lib/i386-linux-gnu/libgcc_s.so.1 when searching for libgcc_s.so.1\n/usr/bin/ld: skipping incompatible /usr/lib/i386-linux-gnu/libgcc_s.so.1 when searching for libgcc_s.so.1\n/usr/bin/ld: skipping incompatible /usr/lib/x86_64-linux-gnu/libgcc_s.so.1 when searching for libgcc_s.so.1\n/usr/bin/ld: skipping incompatible /usr/lib/gcc/x86_64-linux-gnu/13/libgcc.a when searching for -lgcc\n/usr/bin/ld: cannot find -lgcc: No such file or directory\ncollect2: error: ld returned 1 exit status",
            "solution": "Report to maintainers with minimal reproducer",
            "severity": "Critical",
            "gcc_version": "13.3.0",
            "compiler_flags": [
                "-mx32",
                "-Wall",
                "-Wextra",
                "-pedantic",
                "-Wconversion",
                "-Wshadow"
            ],
            "bug_pattern": "ICE - internal compiler error[:,-]?\\s*(.+)"
        },
        "debugging_tips": [
            "Review compiler output for specific error details"
        ],
        "flags_used": [
            "-mx32",
            "-Wall",
            "-Wextra",
            "-pedantic",
            "-Wconversion",
            "-Wshadow"
        ]
    },
    {
        "filename": "Output/2025-05-15_14-22-55-916/Generated_Programs/generated_program_2025-05-15_14-22-55-984.c",
        "language": "c",
        "standard": "-std=gnu89",
        "flags": [
            "-fleading-underscore",
            "-Wall",
            "-Wextra",
            "-pedantic"
        ],
        "command": "gcc-13 -std=gnu89 -fleading-underscore -Wall -Wextra -pedantic Output/2025-05-15_14-22-55-916/Generated_Programs/generated_program_2025-05-15_14-22-55-984.c -o Output/2025-05-15_14-22-55-916/Generated_Programs/Compiled/generated_program_2025-05-15_14-22-55-984.c_gnu89_0049.o",
        "status": "Failed",
        "error": "Output/2025-05-15_14-22-55-916/Generated_Programs/generated_program_2025-05-15_14-22-55-984.c: In function \u2018main\u2019:\nOutput/2025-05-15_14-22-55-916/Generated_Programs/generated_program_2025-05-15_14-22-55-984.c:22:7: warning: unused variable \u2018cs\u2019 [-Wunused-variable]\n   22 |       cs; /* This may cause an internal compiler error in some versions */\n      |       ^~\n/usr/bin/ld: /usr/lib/gcc/x86_64-linux-gnu/13/../../../x86_64-linux-gnu/Scrt1.o: in function `_start':\n(.text+0x1b): undefined reference to `main'\ncollect2: error: ld returned 1 exit status\n",
        "crash_reason": "Compiler Internal Error (ICE)",
        "compiler": "gcc-13",
        "readable_error": {
            "summary": "Compiler Internal Failure",
            "details": "Output/2025-05-15_14-22-55-916/Generated_Programs/generated_program_2025-05-15_14-22-55-984.c: In function \u2018main\u2019:\nOutput/2025-05-15_14-22-55-916/Generated_Programs/generated_program_2025-05-15_14-22-55-984.c:22:7: warning: unused variable \u2018cs\u2019 [-Wunused-variable]\n   22 |       cs; /* This may cause an internal compiler error in some versions */\n      |       ^~\n/usr/bin/ld: /usr/lib/gcc/x86_64-linux-gnu/13/../../../x86_64-linux-gnu/Scrt1.o: in function `_start':\n(.text+0x1b): undefined reference to `main'\ncollect2: error: ld returned 1 exit status",
            "solution": "Report to maintainers with minimal reproducer",
            "severity": "Critical",
            "gcc_version": "13.3.0",
            "compiler_flags": [
                "-fleading-underscore",
                "-Wall",
                "-Wextra",
                "-pedantic"
            ],
            "bug_pattern": "ICE - internal compiler error[:,-]?\\s*(.+)"
        },
        "debugging_tips": [
            "Review compiler output for specific error details"
        ],
        "flags_used": [
            "-fleading-underscore",
            "-Wall",
            "-Wextra",
            "-pedantic"
        ]
    },
    {
        "filename": "Output/2025-05-15_14-22-55-916/Generated_Programs/generated_program_2025-05-15_14-22-55-984.c",
        "language": "c",
        "standard": "-std=c99",
        "flags": [
            "-fsanitize=memory",
            "-Wall",
            "-Wextra",
            "-pedantic",
            "-Wconversion",
            "-Wshadow"
        ],
        "command": "gcc-13 -std=c99 -fsanitize=memory -Wall -Wextra -pedantic -Wconversion -Wshadow Output/2025-05-15_14-22-55-916/Generated_Programs/generated_program_2025-05-15_14-22-55-984.c -o Output/2025-05-15_14-22-55-916/Generated_Programs/Compiled/generated_program_2025-05-15_14-22-55-984.c_c99_0359.o",
        "status": "Failed",
        "error": "gcc-13: error: unrecognized argument to \u2018-fsanitize=\u2019 option: \u2018memory\u2019\n",
        "crash_reason": "Unrecognized Argument Error",
        "compiler": "gcc-13",
        "readable_error": {
            "summary": "Unrecognized argument: unknown_argument",
            "details": "The compiler doesn't recognize the 'unknown_argument' argument",
            "solution": "Remove 'unknown_argument' or check for correct syntax",
            "severity": "Low",
            "bug_pattern": "UNRECOGNIZED_ARGUMENT"
        },
        "debugging_tips": [
            "Review compiler output for specific error details"
        ],
        "flags_used": [
            "-fsanitize=memory",
            "-Wall",
            "-Wextra",
            "-pedantic",
            "-Wconversion",
            "-Wshadow"
        ]
    },
    {
        "filename": "Output/2025-05-15_14-22-55-916/Generated_Programs/generated_program_2025-05-15_14-22-55-984.c",
        "language": "c",
        "standard": "-std=c99",
        "flags": [
            "-m32",
            "-Wall",
            "-Wextra",
            "-pedantic",
            "-Wconversion",
            "-Wshadow"
        ],
        "command": "gcc-13 -std=c99 -m32 -Wall -Wextra -pedantic -Wconversion -Wshadow Output/2025-05-15_14-22-55-916/Generated_Programs/generated_program_2025-05-15_14-22-55-984.c -o Output/2025-05-15_14-22-55-916/Generated_Programs/Compiled/generated_program_2025-05-15_14-22-55-984.c_c99_0595.o",
        "status": "Failed",
        "error": "Output/2025-05-15_14-22-55-916/Generated_Programs/generated_program_2025-05-15_14-22-55-984.c: In function \u2018main\u2019:\nOutput/2025-05-15_14-22-55-916/Generated_Programs/generated_program_2025-05-15_14-22-55-984.c:22:7: warning: unused variable \u2018cs\u2019 [-Wunused-variable]\n   22 |       cs; /* This may cause an internal compiler error in some versions */\n      |       ^~\n/usr/bin/ld: cannot find Scrt1.o: No such file or directory\n/usr/bin/ld: cannot find crti.o: No such file or directory\n/usr/bin/ld: skipping incompatible /usr/lib/gcc/x86_64-linux-gnu/13/libgcc.a when searching for -lgcc\n/usr/bin/ld: cannot find -lgcc: No such file or directory\n/usr/bin/ld: skipping incompatible /usr/lib/gcc/x86_64-linux-gnu/13/libgcc.a when searching for -lgcc\n/usr/bin/ld: cannot find -lgcc: No such file or directory\ncollect2: error: ld returned 1 exit status\n",
        "crash_reason": "Compiler Internal Error (ICE)",
        "compiler": "gcc-13",
        "readable_error": {
            "summary": "Compiler Internal Failure",
            "details": "Output/2025-05-15_14-22-55-916/Generated_Programs/generated_program_2025-05-15_14-22-55-984.c: In function \u2018main\u2019:\nOutput/2025-05-15_14-22-55-916/Generated_Programs/generated_program_2025-05-15_14-22-55-984.c:22:7: warning: unused variable \u2018cs\u2019 [-Wunused-variable]\n   22 |       cs; /* This may cause an internal compiler error in some versions */\n      |       ^~\n/usr/bin/ld: cannot find Scrt1.o: No such file or directory\n/usr/bin/ld: cannot find crti.o: No such file or directory\n/usr/bin/ld: skipping incompatible /usr/lib/gcc/x86_64-linux-gnu/13/libgcc.a when searching for -lgcc\n/usr/bin/ld: cannot find -lgcc: No such file or directory\n/usr/bin/ld: skipping incompatible /usr/lib/gcc/x86_64-linux-gnu/13/libgcc.a when searching for -lgcc\n/usr/bin/ld: cannot find -lgcc: No such file or directory\ncollect2: error: ld returned 1 exit status",
            "solution": "Report to maintainers with minimal reproducer",
            "severity": "Critical",
            "gcc_version": "13.3.0",
            "compiler_flags": [
                "-m32",
                "-Wall",
                "-Wextra",
                "-pedantic",
                "-Wconversion",
                "-Wshadow"
            ],
            "bug_pattern": "ICE - internal compiler error[:,-]?\\s*(.+)"
        },
        "debugging_tips": [
            "Review compiler output for specific error details"
        ],
        "flags_used": [
            "-m32",
            "-Wall",
            "-Wextra",
            "-pedantic",
            "-Wconversion",
            "-Wshadow"
        ]
    },
    {
        "filename": "Output/2025-05-15_14-22-55-916/Generated_Programs/generated_program_2025-05-15_14-22-55-984.c",
        "language": "c",
        "standard": "-std=c99",
        "flags": [
            "-mx32",
            "-Wall",
            "-Wextra",
            "-pedantic",
            "-Wconversion",
            "-Wshadow"
        ],
        "command": "gcc-13 -std=c99 -mx32 -Wall -Wextra -pedantic -Wconversion -Wshadow Output/2025-05-15_14-22-55-916/Generated_Programs/generated_program_2025-05-15_14-22-55-984.c -o Output/2025-05-15_14-22-55-916/Generated_Programs/Compiled/generated_program_2025-05-15_14-22-55-984.c_c99_0285.o",
        "status": "Failed",
        "error": "Output/2025-05-15_14-22-55-916/Generated_Programs/generated_program_2025-05-15_14-22-55-984.c: In function \u2018main\u2019:\nOutput/2025-05-15_14-22-55-916/Generated_Programs/generated_program_2025-05-15_14-22-55-984.c:22:7: warning: unused variable \u2018cs\u2019 [-Wunused-variable]\n   22 |       cs; /* This may cause an internal compiler error in some versions */\n      |       ^~\n/usr/bin/ld: cannot find Scrt1.o: No such file or directory\n/usr/bin/ld: cannot find crti.o: No such file or directory\n/usr/bin/ld: skipping incompatible /usr/lib/gcc/x86_64-linux-gnu/13/libgcc.a when searching for -lgcc\n/usr/bin/ld: cannot find -lgcc: No such file or directory\n/usr/bin/ld: skipping incompatible /lib/i386-linux-gnu/libgcc_s.so.1 when searching for libgcc_s.so.1\n/usr/bin/ld: skipping incompatible /usr/lib/i386-linux-gnu/libgcc_s.so.1 when searching for libgcc_s.so.1\n/usr/bin/ld: skipping incompatible /usr/lib/x86_64-linux-gnu/libgcc_s.so.1 when searching for libgcc_s.so.1\n/usr/bin/ld: cannot find libgcc_s.so.1: No such file or directory\n/usr/bin/ld: skipping incompatible /lib/i386-linux-gnu/libgcc_s.so.1 when searching for libgcc_s.so.1\n/usr/bin/ld: skipping incompatible /usr/lib/i386-linux-gnu/libgcc_s.so.1 when searching for libgcc_s.so.1\n/usr/bin/ld: skipping incompatible /usr/lib/x86_64-linux-gnu/libgcc_s.so.1 when searching for libgcc_s.so.1\n/usr/bin/ld: skipping incompatible /usr/lib/gcc/x86_64-linux-gnu/13/libgcc.a when searching for -lgcc\n/usr/bin/ld: cannot find -lgcc: No such file or directory\ncollect2: error: ld returned 1 exit status\n",
        "crash_reason": "Compiler Internal Error (ICE)",
        "compiler": "gcc-13",
        "readable_error": {
            "summary": "Compiler Internal Failure",
            "details": "Output/2025-05-15_14-22-55-916/Generated_Programs/generated_program_2025-05-15_14-22-55-984.c: In function \u2018main\u2019:\nOutput/2025-05-15_14-22-55-916/Generated_Programs/generated_program_2025-05-15_14-22-55-984.c:22:7: warning: unused variable \u2018cs\u2019 [-Wunused-variable]\n   22 |       cs; /* This may cause an internal compiler error in some versions */\n      |       ^~\n/usr/bin/ld: cannot find Scrt1.o: No such file or directory\n/usr/bin/ld: cannot find crti.o: No such file or directory\n/usr/bin/ld: skipping incompatible /usr/lib/gcc/x86_64-linux-gnu/13/libgcc.a when searching for -lgcc\n/usr/bin/ld: cannot find -lgcc: No such file or directory\n/usr/bin/ld: skipping incompatible /lib/i386-linux-gnu/libgcc_s.so.1 when searching for libgcc_s.so.1\n/usr/bin/ld: skipping incompatible /usr/lib/i386-linux-gnu/libgcc_s.so.1 when searching for libgcc_s.so.1\n/usr/bin/ld: skipping incompatible /usr/lib/x86_64-linux-gnu/libgcc_s.so.1 when searching for libgcc_s.so.1\n/usr/bin/ld: cannot find libgcc_s.so.1: No such file or directory\n/usr/bin/ld: skipping incompatible /lib/i386-linux-gnu/libgcc_s.so.1 when searching for libgcc_s.so.1\n/usr/bin/ld: skipping incompatible /usr/lib/i386-linux-gnu/libgcc_s.so.1 when searching for libgcc_s.so.1\n/usr/bin/ld: skipping incompatible /usr/lib/x86_64-linux-gnu/libgcc_s.so.1 when searching for libgcc_s.so.1\n/usr/bin/ld: skipping incompatible /usr/lib/gcc/x86_64-linux-gnu/13/libgcc.a when searching for -lgcc\n/usr/bin/ld: cannot find -lgcc: No such file or directory\ncollect2: error: ld returned 1 exit status",
            "solution": "Report to maintainers with minimal reproducer",
            "severity": "Critical",
            "gcc_version": "13.3.0",
            "compiler_flags": [
                "-mx32",
                "-Wall",
                "-Wextra",
                "-pedantic",
                "-Wconversion",
                "-Wshadow"
            ],
            "bug_pattern": "ICE - internal compiler error[:,-]?\\s*(.+)"
        },
        "debugging_tips": [
            "Review compiler output for specific error details"
        ],
        "flags_used": [
            "-mx32",
            "-Wall",
            "-Wextra",
            "-pedantic",
            "-Wconversion",
            "-Wshadow"
        ]
    },
    {
        "filename": "Output/2025-05-15_14-22-55-916/Generated_Programs/generated_program_2025-05-15_14-22-55-984.c",
        "language": "c",
        "standard": "-std=c99",
        "flags": [
            "-fleading-underscore",
            "-Wall",
            "-Wextra",
            "-pedantic"
        ],
        "command": "gcc-13 -std=c99 -fleading-underscore -Wall -Wextra -pedantic Output/2025-05-15_14-22-55-916/Generated_Programs/generated_program_2025-05-15_14-22-55-984.c -o Output/2025-05-15_14-22-55-916/Generated_Programs/Compiled/generated_program_2025-05-15_14-22-55-984.c_c99_0049.o",
        "status": "Failed",
        "error": "Output/2025-05-15_14-22-55-916/Generated_Programs/generated_program_2025-05-15_14-22-55-984.c: In function \u2018main\u2019:\nOutput/2025-05-15_14-22-55-916/Generated_Programs/generated_program_2025-05-15_14-22-55-984.c:22:7: warning: unused variable \u2018cs\u2019 [-Wunused-variable]\n   22 |       cs; /* This may cause an internal compiler error in some versions */\n      |       ^~\n/usr/bin/ld: /usr/lib/gcc/x86_64-linux-gnu/13/../../../x86_64-linux-gnu/Scrt1.o: in function `_start':\n(.text+0x1b): undefined reference to `main'\ncollect2: error: ld returned 1 exit status\n",
        "crash_reason": "Compiler Internal Error (ICE)",
        "compiler": "gcc-13",
        "readable_error": {
            "summary": "Compiler Internal Failure",
            "details": "Output/2025-05-15_14-22-55-916/Generated_Programs/generated_program_2025-05-15_14-22-55-984.c: In function \u2018main\u2019:\nOutput/2025-05-15_14-22-55-916/Generated_Programs/generated_program_2025-05-15_14-22-55-984.c:22:7: warning: unused variable \u2018cs\u2019 [-Wunused-variable]\n   22 |       cs; /* This may cause an internal compiler error in some versions */\n      |       ^~\n/usr/bin/ld: /usr/lib/gcc/x86_64-linux-gnu/13/../../../x86_64-linux-gnu/Scrt1.o: in function `_start':\n(.text+0x1b): undefined reference to `main'\ncollect2: error: ld returned 1 exit status",
            "solution": "Report to maintainers with minimal reproducer",
            "severity": "Critical",
            "gcc_version": "13.3.0",
            "compiler_flags": [
                "-fleading-underscore",
                "-Wall",
                "-Wextra",
                "-pedantic"
            ],
            "bug_pattern": "ICE - internal compiler error[:,-]?\\s*(.+)"
        },
        "debugging_tips": [
            "Review compiler output for specific error details"
        ],
        "flags_used": [
            "-fleading-underscore",
            "-Wall",
            "-Wextra",
            "-pedantic"
        ]
    },
    {
        "filename": "Output/2025-05-15_14-22-55-916/Generated_Programs/generated_program_2025-05-15_14-22-55-984.c",
        "language": "c",
        "standard": "-std=gnu99",
        "flags": [
            "-fsanitize=memory",
            "-Wall",
            "-Wextra",
            "-pedantic",
            "-Wconversion",
            "-Wshadow"
        ],
        "command": "gcc-13 -std=gnu99 -fsanitize=memory -Wall -Wextra -pedantic -Wconversion -Wshadow Output/2025-05-15_14-22-55-916/Generated_Programs/generated_program_2025-05-15_14-22-55-984.c -o Output/2025-05-15_14-22-55-916/Generated_Programs/Compiled/generated_program_2025-05-15_14-22-55-984.c_gnu99_0359.o",
        "status": "Failed",
        "error": "gcc-13: error: unrecognized argument to \u2018-fsanitize=\u2019 option: \u2018memory\u2019\n",
        "crash_reason": "Unrecognized Argument Error",
        "compiler": "gcc-13",
        "readable_error": {
            "summary": "Unrecognized argument: unknown_argument",
            "details": "The compiler doesn't recognize the 'unknown_argument' argument",
            "solution": "Remove 'unknown_argument' or check for correct syntax",
            "severity": "Low",
            "bug_pattern": "UNRECOGNIZED_ARGUMENT"
        },
        "debugging_tips": [
            "Review compiler output for specific error details"
        ],
        "flags_used": [
            "-fsanitize=memory",
            "-Wall",
            "-Wextra",
            "-pedantic",
            "-Wconversion",
            "-Wshadow"
        ]
    },
    {
        "filename": "Output/2025-05-15_14-22-55-916/Generated_Programs/generated_program_2025-05-15_14-22-55-984.c",
        "language": "c",
        "standard": "-std=gnu99",
        "flags": [
            "-m32",
            "-Wall",
            "-Wextra",
            "-pedantic",
            "-Wconversion",
            "-Wshadow"
        ],
        "command": "gcc-13 -std=gnu99 -m32 -Wall -Wextra -pedantic -Wconversion -Wshadow Output/2025-05-15_14-22-55-916/Generated_Programs/generated_program_2025-05-15_14-22-55-984.c -o Output/2025-05-15_14-22-55-916/Generated_Programs/Compiled/generated_program_2025-05-15_14-22-55-984.c_gnu99_0595.o",
        "status": "Failed",
        "error": "Output/2025-05-15_14-22-55-916/Generated_Programs/generated_program_2025-05-15_14-22-55-984.c: In function \u2018main\u2019:\nOutput/2025-05-15_14-22-55-916/Generated_Programs/generated_program_2025-05-15_14-22-55-984.c:22:7: warning: unused variable \u2018cs\u2019 [-Wunused-variable]\n   22 |       cs; /* This may cause an internal compiler error in some versions */\n      |       ^~\n/usr/bin/ld: cannot find Scrt1.o: No such file or directory\n/usr/bin/ld: cannot find crti.o: No such file or directory\n/usr/bin/ld: skipping incompatible /usr/lib/gcc/x86_64-linux-gnu/13/libgcc.a when searching for -lgcc\n/usr/bin/ld: cannot find -lgcc: No such file or directory\n/usr/bin/ld: skipping incompatible /usr/lib/gcc/x86_64-linux-gnu/13/libgcc.a when searching for -lgcc\n/usr/bin/ld: cannot find -lgcc: No such file or directory\ncollect2: error: ld returned 1 exit status\n",
        "crash_reason": "Compiler Internal Error (ICE)",
        "compiler": "gcc-13",
        "readable_error": {
            "summary": "Compiler Internal Failure",
            "details": "Output/2025-05-15_14-22-55-916/Generated_Programs/generated_program_2025-05-15_14-22-55-984.c: In function \u2018main\u2019:\nOutput/2025-05-15_14-22-55-916/Generated_Programs/generated_program_2025-05-15_14-22-55-984.c:22:7: warning: unused variable \u2018cs\u2019 [-Wunused-variable]\n   22 |       cs; /* This may cause an internal compiler error in some versions */\n      |       ^~\n/usr/bin/ld: cannot find Scrt1.o: No such file or directory\n/usr/bin/ld: cannot find crti.o: No such file or directory\n/usr/bin/ld: skipping incompatible /usr/lib/gcc/x86_64-linux-gnu/13/libgcc.a when searching for -lgcc\n/usr/bin/ld: cannot find -lgcc: No such file or directory\n/usr/bin/ld: skipping incompatible /usr/lib/gcc/x86_64-linux-gnu/13/libgcc.a when searching for -lgcc\n/usr/bin/ld: cannot find -lgcc: No such file or directory\ncollect2: error: ld returned 1 exit status",
            "solution": "Report to maintainers with minimal reproducer",
            "severity": "Critical",
            "gcc_version": "13.3.0",
            "compiler_flags": [
                "-m32",
                "-Wall",
                "-Wextra",
                "-pedantic",
                "-Wconversion",
                "-Wshadow"
            ],
            "bug_pattern": "ICE - internal compiler error[:,-]?\\s*(.+)"
        },
        "debugging_tips": [
            "Review compiler output for specific error details"
        ],
        "flags_used": [
            "-m32",
            "-Wall",
            "-Wextra",
            "-pedantic",
            "-Wconversion",
            "-Wshadow"
        ]
    },
    {
        "filename": "Output/2025-05-15_14-22-55-916/Generated_Programs/generated_program_2025-05-15_14-22-55-984.c",
        "language": "c",
        "standard": "-std=gnu99",
        "flags": [
            "-mx32",
            "-Wall",
            "-Wextra",
            "-pedantic",
            "-Wconversion",
            "-Wshadow"
        ],
        "command": "gcc-13 -std=gnu99 -mx32 -Wall -Wextra -pedantic -Wconversion -Wshadow Output/2025-05-15_14-22-55-916/Generated_Programs/generated_program_2025-05-15_14-22-55-984.c -o Output/2025-05-15_14-22-55-916/Generated_Programs/Compiled/generated_program_2025-05-15_14-22-55-984.c_gnu99_0285.o",
        "status": "Failed",
        "error": "Output/2025-05-15_14-22-55-916/Generated_Programs/generated_program_2025-05-15_14-22-55-984.c: In function \u2018main\u2019:\nOutput/2025-05-15_14-22-55-916/Generated_Programs/generated_program_2025-05-15_14-22-55-984.c:22:7: warning: unused variable \u2018cs\u2019 [-Wunused-variable]\n   22 |       cs; /* This may cause an internal compiler error in some versions */\n      |       ^~\n/usr/bin/ld: cannot find Scrt1.o: No such file or directory\n/usr/bin/ld: cannot find crti.o: No such file or directory\n/usr/bin/ld: skipping incompatible /usr/lib/gcc/x86_64-linux-gnu/13/libgcc.a when searching for -lgcc\n/usr/bin/ld: cannot find -lgcc: No such file or directory\n/usr/bin/ld: skipping incompatible /lib/i386-linux-gnu/libgcc_s.so.1 when searching for libgcc_s.so.1\n/usr/bin/ld: skipping incompatible /usr/lib/i386-linux-gnu/libgcc_s.so.1 when searching for libgcc_s.so.1\n/usr/bin/ld: skipping incompatible /usr/lib/x86_64-linux-gnu/libgcc_s.so.1 when searching for libgcc_s.so.1\n/usr/bin/ld: cannot find libgcc_s.so.1: No such file or directory\n/usr/bin/ld: skipping incompatible /lib/i386-linux-gnu/libgcc_s.so.1 when searching for libgcc_s.so.1\n/usr/bin/ld: skipping incompatible /usr/lib/i386-linux-gnu/libgcc_s.so.1 when searching for libgcc_s.so.1\n/usr/bin/ld: skipping incompatible /usr/lib/x86_64-linux-gnu/libgcc_s.so.1 when searching for libgcc_s.so.1\n/usr/bin/ld: skipping incompatible /usr/lib/gcc/x86_64-linux-gnu/13/libgcc.a when searching for -lgcc\n/usr/bin/ld: cannot find -lgcc: No such file or directory\ncollect2: error: ld returned 1 exit status\n",
        "crash_reason": "Compiler Internal Error (ICE)",
        "compiler": "gcc-13",
        "readable_error": {
            "summary": "Compiler Internal Failure",
            "details": "Output/2025-05-15_14-22-55-916/Generated_Programs/generated_program_2025-05-15_14-22-55-984.c: In function \u2018main\u2019:\nOutput/2025-05-15_14-22-55-916/Generated_Programs/generated_program_2025-05-15_14-22-55-984.c:22:7: warning: unused variable \u2018cs\u2019 [-Wunused-variable]\n   22 |       cs; /* This may cause an internal compiler error in some versions */\n      |       ^~\n/usr/bin/ld: cannot find Scrt1.o: No such file or directory\n/usr/bin/ld: cannot find crti.o: No such file or directory\n/usr/bin/ld: skipping incompatible /usr/lib/gcc/x86_64-linux-gnu/13/libgcc.a when searching for -lgcc\n/usr/bin/ld: cannot find -lgcc: No such file or directory\n/usr/bin/ld: skipping incompatible /lib/i386-linux-gnu/libgcc_s.so.1 when searching for libgcc_s.so.1\n/usr/bin/ld: skipping incompatible /usr/lib/i386-linux-gnu/libgcc_s.so.1 when searching for libgcc_s.so.1\n/usr/bin/ld: skipping incompatible /usr/lib/x86_64-linux-gnu/libgcc_s.so.1 when searching for libgcc_s.so.1\n/usr/bin/ld: cannot find libgcc_s.so.1: No such file or directory\n/usr/bin/ld: skipping incompatible /lib/i386-linux-gnu/libgcc_s.so.1 when searching for libgcc_s.so.1\n/usr/bin/ld: skipping incompatible /usr/lib/i386-linux-gnu/libgcc_s.so.1 when searching for libgcc_s.so.1\n/usr/bin/ld: skipping incompatible /usr/lib/x86_64-linux-gnu/libgcc_s.so.1 when searching for libgcc_s.so.1\n/usr/bin/ld: skipping incompatible /usr/lib/gcc/x86_64-linux-gnu/13/libgcc.a when searching for -lgcc\n/usr/bin/ld: cannot find -lgcc: No such file or directory\ncollect2: error: ld returned 1 exit status",
            "solution": "Report to maintainers with minimal reproducer",
            "severity": "Critical",
            "gcc_version": "13.3.0",
            "compiler_flags": [
                "-mx32",
                "-Wall",
                "-Wextra",
                "-pedantic",
                "-Wconversion",
                "-Wshadow"
            ],
            "bug_pattern": "ICE - internal compiler error[:,-]?\\s*(.+)"
        },
        "debugging_tips": [
            "Review compiler output for specific error details"
        ],
        "flags_used": [
            "-mx32",
            "-Wall",
            "-Wextra",
            "-pedantic",
            "-Wconversion",
            "-Wshadow"
        ]
    },
    {
        "filename": "Output/2025-05-15_14-22-55-916/Generated_Programs/generated_program_2025-05-15_14-22-55-984.c",
        "language": "c",
        "standard": "-std=gnu99",
        "flags": [
            "-fleading-underscore",
            "-Wall",
            "-Wextra",
            "-pedantic"
        ],
        "command": "gcc-13 -std=gnu99 -fleading-underscore -Wall -Wextra -pedantic Output/2025-05-15_14-22-55-916/Generated_Programs/generated_program_2025-05-15_14-22-55-984.c -o Output/2025-05-15_14-22-55-916/Generated_Programs/Compiled/generated_program_2025-05-15_14-22-55-984.c_gnu99_0049.o",
        "status": "Failed",
        "error": "Output/2025-05-15_14-22-55-916/Generated_Programs/generated_program_2025-05-15_14-22-55-984.c: In function \u2018main\u2019:\nOutput/2025-05-15_14-22-55-916/Generated_Programs/generated_program_2025-05-15_14-22-55-984.c:22:7: warning: unused variable \u2018cs\u2019 [-Wunused-variable]\n   22 |       cs; /* This may cause an internal compiler error in some versions */\n      |       ^~\n/usr/bin/ld: /usr/lib/gcc/x86_64-linux-gnu/13/../../../x86_64-linux-gnu/Scrt1.o: in function `_start':\n(.text+0x1b): undefined reference to `main'\ncollect2: error: ld returned 1 exit status\n",
        "crash_reason": "Compiler Internal Error (ICE)",
        "compiler": "gcc-13",
        "readable_error": {
            "summary": "Compiler Internal Failure",
            "details": "Output/2025-05-15_14-22-55-916/Generated_Programs/generated_program_2025-05-15_14-22-55-984.c: In function \u2018main\u2019:\nOutput/2025-05-15_14-22-55-916/Generated_Programs/generated_program_2025-05-15_14-22-55-984.c:22:7: warning: unused variable \u2018cs\u2019 [-Wunused-variable]\n   22 |       cs; /* This may cause an internal compiler error in some versions */\n      |       ^~\n/usr/bin/ld: /usr/lib/gcc/x86_64-linux-gnu/13/../../../x86_64-linux-gnu/Scrt1.o: in function `_start':\n(.text+0x1b): undefined reference to `main'\ncollect2: error: ld returned 1 exit status",
            "solution": "Report to maintainers with minimal reproducer",
            "severity": "Critical",
            "gcc_version": "13.3.0",
            "compiler_flags": [
                "-fleading-underscore",
                "-Wall",
                "-Wextra",
                "-pedantic"
            ],
            "bug_pattern": "ICE - internal compiler error[:,-]?\\s*(.+)"
        },
        "debugging_tips": [
            "Review compiler output for specific error details"
        ],
        "flags_used": [
            "-fleading-underscore",
            "-Wall",
            "-Wextra",
            "-pedantic"
        ]
    },
    {
        "filename": "Output/2025-05-15_14-22-55-916/Generated_Programs/generated_program_2025-05-15_14-22-55-984.c",
        "language": "c",
        "standard": "-std=c11",
        "flags": [
            "-fsanitize=memory",
            "-Wall",
            "-Wextra",
            "-pedantic",
            "-Wconversion",
            "-Wshadow"
        ],
        "command": "gcc-13 -std=c11 -fsanitize=memory -Wall -Wextra -pedantic -Wconversion -Wshadow Output/2025-05-15_14-22-55-916/Generated_Programs/generated_program_2025-05-15_14-22-55-984.c -o Output/2025-05-15_14-22-55-916/Generated_Programs/Compiled/generated_program_2025-05-15_14-22-55-984.c_c11_0359.o",
        "status": "Failed",
        "error": "gcc-13: error: unrecognized argument to \u2018-fsanitize=\u2019 option: \u2018memory\u2019\n",
        "crash_reason": "Unrecognized Argument Error",
        "compiler": "gcc-13",
        "readable_error": {
            "summary": "Unrecognized argument: unknown_argument",
            "details": "The compiler doesn't recognize the 'unknown_argument' argument",
            "solution": "Remove 'unknown_argument' or check for correct syntax",
            "severity": "Low",
            "bug_pattern": "UNRECOGNIZED_ARGUMENT"
        },
        "debugging_tips": [
            "Review compiler output for specific error details"
        ],
        "flags_used": [
            "-fsanitize=memory",
            "-Wall",
            "-Wextra",
            "-pedantic",
            "-Wconversion",
            "-Wshadow"
        ]
    },
    {
        "filename": "Output/2025-05-15_14-22-55-916/Generated_Programs/generated_program_2025-05-15_14-22-55-984.c",
        "language": "c",
        "standard": "-std=c11",
        "flags": [
            "-m32",
            "-Wall",
            "-Wextra",
            "-pedantic",
            "-Wconversion",
            "-Wshadow"
        ],
        "command": "gcc-13 -std=c11 -m32 -Wall -Wextra -pedantic -Wconversion -Wshadow Output/2025-05-15_14-22-55-916/Generated_Programs/generated_program_2025-05-15_14-22-55-984.c -o Output/2025-05-15_14-22-55-916/Generated_Programs/Compiled/generated_program_2025-05-15_14-22-55-984.c_c11_0595.o",
        "status": "Failed",
        "error": "Output/2025-05-15_14-22-55-916/Generated_Programs/generated_program_2025-05-15_14-22-55-984.c: In function \u2018main\u2019:\nOutput/2025-05-15_14-22-55-916/Generated_Programs/generated_program_2025-05-15_14-22-55-984.c:22:7: warning: unused variable \u2018cs\u2019 [-Wunused-variable]\n   22 |       cs; /* This may cause an internal compiler error in some versions */\n      |       ^~\n/usr/bin/ld: cannot find Scrt1.o: No such file or directory\n/usr/bin/ld: cannot find crti.o: No such file or directory\n/usr/bin/ld: skipping incompatible /usr/lib/gcc/x86_64-linux-gnu/13/libgcc.a when searching for -lgcc\n/usr/bin/ld: cannot find -lgcc: No such file or directory\n/usr/bin/ld: skipping incompatible /usr/lib/gcc/x86_64-linux-gnu/13/libgcc.a when searching for -lgcc\n/usr/bin/ld: cannot find -lgcc: No such file or directory\ncollect2: error: ld returned 1 exit status\n",
        "crash_reason": "Compiler Internal Error (ICE)",
        "compiler": "gcc-13",
        "readable_error": {
            "summary": "Compiler Internal Failure",
            "details": "Output/2025-05-15_14-22-55-916/Generated_Programs/generated_program_2025-05-15_14-22-55-984.c: In function \u2018main\u2019:\nOutput/2025-05-15_14-22-55-916/Generated_Programs/generated_program_2025-05-15_14-22-55-984.c:22:7: warning: unused variable \u2018cs\u2019 [-Wunused-variable]\n   22 |       cs; /* This may cause an internal compiler error in some versions */\n      |       ^~\n/usr/bin/ld: cannot find Scrt1.o: No such file or directory\n/usr/bin/ld: cannot find crti.o: No such file or directory\n/usr/bin/ld: skipping incompatible /usr/lib/gcc/x86_64-linux-gnu/13/libgcc.a when searching for -lgcc\n/usr/bin/ld: cannot find -lgcc: No such file or directory\n/usr/bin/ld: skipping incompatible /usr/lib/gcc/x86_64-linux-gnu/13/libgcc.a when searching for -lgcc\n/usr/bin/ld: cannot find -lgcc: No such file or directory\ncollect2: error: ld returned 1 exit status",
            "solution": "Report to maintainers with minimal reproducer",
            "severity": "Critical",
            "gcc_version": "13.3.0",
            "compiler_flags": [
                "-m32",
                "-Wall",
                "-Wextra",
                "-pedantic",
                "-Wconversion",
                "-Wshadow"
            ],
            "bug_pattern": "ICE - internal compiler error[:,-]?\\s*(.+)"
        },
        "debugging_tips": [
            "Review compiler output for specific error details"
        ],
        "flags_used": [
            "-m32",
            "-Wall",
            "-Wextra",
            "-pedantic",
            "-Wconversion",
            "-Wshadow"
        ]
    },
    {
        "filename": "Output/2025-05-15_14-22-55-916/Generated_Programs/generated_program_2025-05-15_14-22-55-984.c",
        "language": "c",
        "standard": "-std=c11",
        "flags": [
            "-mx32",
            "-Wall",
            "-Wextra",
            "-pedantic",
            "-Wconversion",
            "-Wshadow"
        ],
        "command": "gcc-13 -std=c11 -mx32 -Wall -Wextra -pedantic -Wconversion -Wshadow Output/2025-05-15_14-22-55-916/Generated_Programs/generated_program_2025-05-15_14-22-55-984.c -o Output/2025-05-15_14-22-55-916/Generated_Programs/Compiled/generated_program_2025-05-15_14-22-55-984.c_c11_0285.o",
        "status": "Failed",
        "error": "Output/2025-05-15_14-22-55-916/Generated_Programs/generated_program_2025-05-15_14-22-55-984.c: In function \u2018main\u2019:\nOutput/2025-05-15_14-22-55-916/Generated_Programs/generated_program_2025-05-15_14-22-55-984.c:22:7: warning: unused variable \u2018cs\u2019 [-Wunused-variable]\n   22 |       cs; /* This may cause an internal compiler error in some versions */\n      |       ^~\n/usr/bin/ld: cannot find Scrt1.o: No such file or directory\n/usr/bin/ld: cannot find crti.o: No such file or directory\n/usr/bin/ld: skipping incompatible /usr/lib/gcc/x86_64-linux-gnu/13/libgcc.a when searching for -lgcc\n/usr/bin/ld: cannot find -lgcc: No such file or directory\n/usr/bin/ld: skipping incompatible /lib/i386-linux-gnu/libgcc_s.so.1 when searching for libgcc_s.so.1\n/usr/bin/ld: skipping incompatible /usr/lib/i386-linux-gnu/libgcc_s.so.1 when searching for libgcc_s.so.1\n/usr/bin/ld: skipping incompatible /usr/lib/x86_64-linux-gnu/libgcc_s.so.1 when searching for libgcc_s.so.1\n/usr/bin/ld: cannot find libgcc_s.so.1: No such file or directory\n/usr/bin/ld: skipping incompatible /lib/i386-linux-gnu/libgcc_s.so.1 when searching for libgcc_s.so.1\n/usr/bin/ld: skipping incompatible /usr/lib/i386-linux-gnu/libgcc_s.so.1 when searching for libgcc_s.so.1\n/usr/bin/ld: skipping incompatible /usr/lib/x86_64-linux-gnu/libgcc_s.so.1 when searching for libgcc_s.so.1\n/usr/bin/ld: skipping incompatible /usr/lib/gcc/x86_64-linux-gnu/13/libgcc.a when searching for -lgcc\n/usr/bin/ld: cannot find -lgcc: No such file or directory\ncollect2: error: ld returned 1 exit status\n",
        "crash_reason": "Compiler Internal Error (ICE)",
        "compiler": "gcc-13",
        "readable_error": {
            "summary": "Compiler Internal Failure",
            "details": "Output/2025-05-15_14-22-55-916/Generated_Programs/generated_program_2025-05-15_14-22-55-984.c: In function \u2018main\u2019:\nOutput/2025-05-15_14-22-55-916/Generated_Programs/generated_program_2025-05-15_14-22-55-984.c:22:7: warning: unused variable \u2018cs\u2019 [-Wunused-variable]\n   22 |       cs; /* This may cause an internal compiler error in some versions */\n      |       ^~\n/usr/bin/ld: cannot find Scrt1.o: No such file or directory\n/usr/bin/ld: cannot find crti.o: No such file or directory\n/usr/bin/ld: skipping incompatible /usr/lib/gcc/x86_64-linux-gnu/13/libgcc.a when searching for -lgcc\n/usr/bin/ld: cannot find -lgcc: No such file or directory\n/usr/bin/ld: skipping incompatible /lib/i386-linux-gnu/libgcc_s.so.1 when searching for libgcc_s.so.1\n/usr/bin/ld: skipping incompatible /usr/lib/i386-linux-gnu/libgcc_s.so.1 when searching for libgcc_s.so.1\n/usr/bin/ld: skipping incompatible /usr/lib/x86_64-linux-gnu/libgcc_s.so.1 when searching for libgcc_s.so.1\n/usr/bin/ld: cannot find libgcc_s.so.1: No such file or directory\n/usr/bin/ld: skipping incompatible /lib/i386-linux-gnu/libgcc_s.so.1 when searching for libgcc_s.so.1\n/usr/bin/ld: skipping incompatible /usr/lib/i386-linux-gnu/libgcc_s.so.1 when searching for libgcc_s.so.1\n/usr/bin/ld: skipping incompatible /usr/lib/x86_64-linux-gnu/libgcc_s.so.1 when searching for libgcc_s.so.1\n/usr/bin/ld: skipping incompatible /usr/lib/gcc/x86_64-linux-gnu/13/libgcc.a when searching for -lgcc\n/usr/bin/ld: cannot find -lgcc: No such file or directory\ncollect2: error: ld returned 1 exit status",
            "solution": "Report to maintainers with minimal reproducer",
            "severity": "Critical",
            "gcc_version": "13.3.0",
            "compiler_flags": [
                "-mx32",
                "-Wall",
                "-Wextra",
                "-pedantic",
                "-Wconversion",
                "-Wshadow"
            ],
            "bug_pattern": "ICE - internal compiler error[:,-]?\\s*(.+)"
        },
        "debugging_tips": [
            "Review compiler output for specific error details"
        ],
        "flags_used": [
            "-mx32",
            "-Wall",
            "-Wextra",
            "-pedantic",
            "-Wconversion",
            "-Wshadow"
        ]
    },
    {
        "filename": "Output/2025-05-15_14-22-55-916/Generated_Programs/generated_program_2025-05-15_14-22-55-984.c",
        "language": "c",
        "standard": "-std=c11",
        "flags": [
            "-fleading-underscore",
            "-Wall",
            "-Wextra",
            "-pedantic"
        ],
        "command": "gcc-13 -std=c11 -fleading-underscore -Wall -Wextra -pedantic Output/2025-05-15_14-22-55-916/Generated_Programs/generated_program_2025-05-15_14-22-55-984.c -o Output/2025-05-15_14-22-55-916/Generated_Programs/Compiled/generated_program_2025-05-15_14-22-55-984.c_c11_0049.o",
        "status": "Failed",
        "error": "Output/2025-05-15_14-22-55-916/Generated_Programs/generated_program_2025-05-15_14-22-55-984.c: In function \u2018main\u2019:\nOutput/2025-05-15_14-22-55-916/Generated_Programs/generated_program_2025-05-15_14-22-55-984.c:22:7: warning: unused variable \u2018cs\u2019 [-Wunused-variable]\n   22 |       cs; /* This may cause an internal compiler error in some versions */\n      |       ^~\n/usr/bin/ld: /usr/lib/gcc/x86_64-linux-gnu/13/../../../x86_64-linux-gnu/Scrt1.o: in function `_start':\n(.text+0x1b): undefined reference to `main'\ncollect2: error: ld returned 1 exit status\n",
        "crash_reason": "Compiler Internal Error (ICE)",
        "compiler": "gcc-13",
        "readable_error": {
            "summary": "Compiler Internal Failure",
            "details": "Output/2025-05-15_14-22-55-916/Generated_Programs/generated_program_2025-05-15_14-22-55-984.c: In function \u2018main\u2019:\nOutput/2025-05-15_14-22-55-916/Generated_Programs/generated_program_2025-05-15_14-22-55-984.c:22:7: warning: unused variable \u2018cs\u2019 [-Wunused-variable]\n   22 |       cs; /* This may cause an internal compiler error in some versions */\n      |       ^~\n/usr/bin/ld: /usr/lib/gcc/x86_64-linux-gnu/13/../../../x86_64-linux-gnu/Scrt1.o: in function `_start':\n(.text+0x1b): undefined reference to `main'\ncollect2: error: ld returned 1 exit status",
            "solution": "Report to maintainers with minimal reproducer",
            "severity": "Critical",
            "gcc_version": "13.3.0",
            "compiler_flags": [
                "-fleading-underscore",
                "-Wall",
                "-Wextra",
                "-pedantic"
            ],
            "bug_pattern": "ICE - internal compiler error[:,-]?\\s*(.+)"
        },
        "debugging_tips": [
            "Review compiler output for specific error details"
        ],
        "flags_used": [
            "-fleading-underscore",
            "-Wall",
            "-Wextra",
            "-pedantic"
        ]
    },
    {
        "filename": "Output/2025-05-15_14-22-55-916/Generated_Programs/generated_program_2025-05-15_14-22-55-984.c",
        "language": "c",
        "standard": "-std=gnu11",
        "flags": [
            "-fsanitize=memory",
            "-Wall",
            "-Wextra",
            "-pedantic",
            "-Wconversion",
            "-Wshadow"
        ],
        "command": "gcc-13 -std=gnu11 -fsanitize=memory -Wall -Wextra -pedantic -Wconversion -Wshadow Output/2025-05-15_14-22-55-916/Generated_Programs/generated_program_2025-05-15_14-22-55-984.c -o Output/2025-05-15_14-22-55-916/Generated_Programs/Compiled/generated_program_2025-05-15_14-22-55-984.c_gnu11_0359.o",
        "status": "Failed",
        "error": "gcc-13: error: unrecognized argument to \u2018-fsanitize=\u2019 option: \u2018memory\u2019\n",
        "crash_reason": "Unrecognized Argument Error",
        "compiler": "gcc-13",
        "readable_error": {
            "summary": "Unrecognized argument: unknown_argument",
            "details": "The compiler doesn't recognize the 'unknown_argument' argument",
            "solution": "Remove 'unknown_argument' or check for correct syntax",
            "severity": "Low",
            "bug_pattern": "UNRECOGNIZED_ARGUMENT"
        },
        "debugging_tips": [
            "Review compiler output for specific error details"
        ],
        "flags_used": [
            "-fsanitize=memory",
            "-Wall",
            "-Wextra",
            "-pedantic",
            "-Wconversion",
            "-Wshadow"
        ]
    },
    {
        "filename": "Output/2025-05-15_14-22-55-916/Generated_Programs/generated_program_2025-05-15_14-22-55-984.c",
        "language": "c",
        "standard": "-std=gnu11",
        "flags": [
            "-m32",
            "-Wall",
            "-Wextra",
            "-pedantic",
            "-Wconversion",
            "-Wshadow"
        ],
        "command": "gcc-13 -std=gnu11 -m32 -Wall -Wextra -pedantic -Wconversion -Wshadow Output/2025-05-15_14-22-55-916/Generated_Programs/generated_program_2025-05-15_14-22-55-984.c -o Output/2025-05-15_14-22-55-916/Generated_Programs/Compiled/generated_program_2025-05-15_14-22-55-984.c_gnu11_0595.o",
        "status": "Failed",
        "error": "Output/2025-05-15_14-22-55-916/Generated_Programs/generated_program_2025-05-15_14-22-55-984.c: In function \u2018main\u2019:\nOutput/2025-05-15_14-22-55-916/Generated_Programs/generated_program_2025-05-15_14-22-55-984.c:22:7: warning: unused variable \u2018cs\u2019 [-Wunused-variable]\n   22 |       cs; /* This may cause an internal compiler error in some versions */\n      |       ^~\n/usr/bin/ld: cannot find Scrt1.o: No such file or directory\n/usr/bin/ld: cannot find crti.o: No such file or directory\n/usr/bin/ld: skipping incompatible /usr/lib/gcc/x86_64-linux-gnu/13/libgcc.a when searching for -lgcc\n/usr/bin/ld: cannot find -lgcc: No such file or directory\n/usr/bin/ld: skipping incompatible /usr/lib/gcc/x86_64-linux-gnu/13/libgcc.a when searching for -lgcc\n/usr/bin/ld: cannot find -lgcc: No such file or directory\ncollect2: error: ld returned 1 exit status\n",
        "crash_reason": "Compiler Internal Error (ICE)",
        "compiler": "gcc-13",
        "readable_error": {
            "summary": "Compiler Internal Failure",
            "details": "Output/2025-05-15_14-22-55-916/Generated_Programs/generated_program_2025-05-15_14-22-55-984.c: In function \u2018main\u2019:\nOutput/2025-05-15_14-22-55-916/Generated_Programs/generated_program_2025-05-15_14-22-55-984.c:22:7: warning: unused variable \u2018cs\u2019 [-Wunused-variable]\n   22 |       cs; /* This may cause an internal compiler error in some versions */\n      |       ^~\n/usr/bin/ld: cannot find Scrt1.o: No such file or directory\n/usr/bin/ld: cannot find crti.o: No such file or directory\n/usr/bin/ld: skipping incompatible /usr/lib/gcc/x86_64-linux-gnu/13/libgcc.a when searching for -lgcc\n/usr/bin/ld: cannot find -lgcc: No such file or directory\n/usr/bin/ld: skipping incompatible /usr/lib/gcc/x86_64-linux-gnu/13/libgcc.a when searching for -lgcc\n/usr/bin/ld: cannot find -lgcc: No such file or directory\ncollect2: error: ld returned 1 exit status",
            "solution": "Report to maintainers with minimal reproducer",
            "severity": "Critical",
            "gcc_version": "13.3.0",
            "compiler_flags": [
                "-m32",
                "-Wall",
                "-Wextra",
                "-pedantic",
                "-Wconversion",
                "-Wshadow"
            ],
            "bug_pattern": "ICE - internal compiler error[:,-]?\\s*(.+)"
        },
        "debugging_tips": [
            "Review compiler output for specific error details"
        ],
        "flags_used": [
            "-m32",
            "-Wall",
            "-Wextra",
            "-pedantic",
            "-Wconversion",
            "-Wshadow"
        ]
    },
    {
        "filename": "Output/2025-05-15_14-22-55-916/Generated_Programs/generated_program_2025-05-15_14-22-55-984.c",
        "language": "c",
        "standard": "-std=gnu11",
        "flags": [
            "-mx32",
            "-Wall",
            "-Wextra",
            "-pedantic",
            "-Wconversion",
            "-Wshadow"
        ],
        "command": "gcc-13 -std=gnu11 -mx32 -Wall -Wextra -pedantic -Wconversion -Wshadow Output/2025-05-15_14-22-55-916/Generated_Programs/generated_program_2025-05-15_14-22-55-984.c -o Output/2025-05-15_14-22-55-916/Generated_Programs/Compiled/generated_program_2025-05-15_14-22-55-984.c_gnu11_0285.o",
        "status": "Failed",
        "error": "Output/2025-05-15_14-22-55-916/Generated_Programs/generated_program_2025-05-15_14-22-55-984.c: In function \u2018main\u2019:\nOutput/2025-05-15_14-22-55-916/Generated_Programs/generated_program_2025-05-15_14-22-55-984.c:22:7: warning: unused variable \u2018cs\u2019 [-Wunused-variable]\n   22 |       cs; /* This may cause an internal compiler error in some versions */\n      |       ^~\n/usr/bin/ld: cannot find Scrt1.o: No such file or directory\n/usr/bin/ld: cannot find crti.o: No such file or directory\n/usr/bin/ld: skipping incompatible /usr/lib/gcc/x86_64-linux-gnu/13/libgcc.a when searching for -lgcc\n/usr/bin/ld: cannot find -lgcc: No such file or directory\n/usr/bin/ld: skipping incompatible /lib/i386-linux-gnu/libgcc_s.so.1 when searching for libgcc_s.so.1\n/usr/bin/ld: skipping incompatible /usr/lib/i386-linux-gnu/libgcc_s.so.1 when searching for libgcc_s.so.1\n/usr/bin/ld: skipping incompatible /usr/lib/x86_64-linux-gnu/libgcc_s.so.1 when searching for libgcc_s.so.1\n/usr/bin/ld: cannot find libgcc_s.so.1: No such file or directory\n/usr/bin/ld: skipping incompatible /lib/i386-linux-gnu/libgcc_s.so.1 when searching for libgcc_s.so.1\n/usr/bin/ld: skipping incompatible /usr/lib/i386-linux-gnu/libgcc_s.so.1 when searching for libgcc_s.so.1\n/usr/bin/ld: skipping incompatible /usr/lib/x86_64-linux-gnu/libgcc_s.so.1 when searching for libgcc_s.so.1\n/usr/bin/ld: skipping incompatible /usr/lib/gcc/x86_64-linux-gnu/13/libgcc.a when searching for -lgcc\n/usr/bin/ld: cannot find -lgcc: No such file or directory\ncollect2: error: ld returned 1 exit status\n",
        "crash_reason": "Compiler Internal Error (ICE)",
        "compiler": "gcc-13",
        "readable_error": {
            "summary": "Compiler Internal Failure",
            "details": "Output/2025-05-15_14-22-55-916/Generated_Programs/generated_program_2025-05-15_14-22-55-984.c: In function \u2018main\u2019:\nOutput/2025-05-15_14-22-55-916/Generated_Programs/generated_program_2025-05-15_14-22-55-984.c:22:7: warning: unused variable \u2018cs\u2019 [-Wunused-variable]\n   22 |       cs; /* This may cause an internal compiler error in some versions */\n      |       ^~\n/usr/bin/ld: cannot find Scrt1.o: No such file or directory\n/usr/bin/ld: cannot find crti.o: No such file or directory\n/usr/bin/ld: skipping incompatible /usr/lib/gcc/x86_64-linux-gnu/13/libgcc.a when searching for -lgcc\n/usr/bin/ld: cannot find -lgcc: No such file or directory\n/usr/bin/ld: skipping incompatible /lib/i386-linux-gnu/libgcc_s.so.1 when searching for libgcc_s.so.1\n/usr/bin/ld: skipping incompatible /usr/lib/i386-linux-gnu/libgcc_s.so.1 when searching for libgcc_s.so.1\n/usr/bin/ld: skipping incompatible /usr/lib/x86_64-linux-gnu/libgcc_s.so.1 when searching for libgcc_s.so.1\n/usr/bin/ld: cannot find libgcc_s.so.1: No such file or directory\n/usr/bin/ld: skipping incompatible /lib/i386-linux-gnu/libgcc_s.so.1 when searching for libgcc_s.so.1\n/usr/bin/ld: skipping incompatible /usr/lib/i386-linux-gnu/libgcc_s.so.1 when searching for libgcc_s.so.1\n/usr/bin/ld: skipping incompatible /usr/lib/x86_64-linux-gnu/libgcc_s.so.1 when searching for libgcc_s.so.1\n/usr/bin/ld: skipping incompatible /usr/lib/gcc/x86_64-linux-gnu/13/libgcc.a when searching for -lgcc\n/usr/bin/ld: cannot find -lgcc: No such file or directory\ncollect2: error: ld returned 1 exit status",
            "solution": "Report to maintainers with minimal reproducer",
            "severity": "Critical",
            "gcc_version": "13.3.0",
            "compiler_flags": [
                "-mx32",
                "-Wall",
                "-Wextra",
                "-pedantic",
                "-Wconversion",
                "-Wshadow"
            ],
            "bug_pattern": "ICE - internal compiler error[:,-]?\\s*(.+)"
        },
        "debugging_tips": [
            "Review compiler output for specific error details"
        ],
        "flags_used": [
            "-mx32",
            "-Wall",
            "-Wextra",
            "-pedantic",
            "-Wconversion",
            "-Wshadow"
        ]
    },
    {
        "filename": "Output/2025-05-15_14-22-55-916/Generated_Programs/generated_program_2025-05-15_14-22-55-984.c",
        "language": "c",
        "standard": "-std=gnu11",
        "flags": [
            "-fleading-underscore",
            "-Wall",
            "-Wextra",
            "-pedantic"
        ],
        "command": "gcc-13 -std=gnu11 -fleading-underscore -Wall -Wextra -pedantic Output/2025-05-15_14-22-55-916/Generated_Programs/generated_program_2025-05-15_14-22-55-984.c -o Output/2025-05-15_14-22-55-916/Generated_Programs/Compiled/generated_program_2025-05-15_14-22-55-984.c_gnu11_0049.o",
        "status": "Failed",
        "error": "Output/2025-05-15_14-22-55-916/Generated_Programs/generated_program_2025-05-15_14-22-55-984.c: In function \u2018main\u2019:\nOutput/2025-05-15_14-22-55-916/Generated_Programs/generated_program_2025-05-15_14-22-55-984.c:22:7: warning: unused variable \u2018cs\u2019 [-Wunused-variable]\n   22 |       cs; /* This may cause an internal compiler error in some versions */\n      |       ^~\n/usr/bin/ld: /usr/lib/gcc/x86_64-linux-gnu/13/../../../x86_64-linux-gnu/Scrt1.o: in function `_start':\n(.text+0x1b): undefined reference to `main'\ncollect2: error: ld returned 1 exit status\n",
        "crash_reason": "Compiler Internal Error (ICE)",
        "compiler": "gcc-13",
        "readable_error": {
            "summary": "Compiler Internal Failure",
            "details": "Output/2025-05-15_14-22-55-916/Generated_Programs/generated_program_2025-05-15_14-22-55-984.c: In function \u2018main\u2019:\nOutput/2025-05-15_14-22-55-916/Generated_Programs/generated_program_2025-05-15_14-22-55-984.c:22:7: warning: unused variable \u2018cs\u2019 [-Wunused-variable]\n   22 |       cs; /* This may cause an internal compiler error in some versions */\n      |       ^~\n/usr/bin/ld: /usr/lib/gcc/x86_64-linux-gnu/13/../../../x86_64-linux-gnu/Scrt1.o: in function `_start':\n(.text+0x1b): undefined reference to `main'\ncollect2: error: ld returned 1 exit status",
            "solution": "Report to maintainers with minimal reproducer",
            "severity": "Critical",
            "gcc_version": "13.3.0",
            "compiler_flags": [
                "-fleading-underscore",
                "-Wall",
                "-Wextra",
                "-pedantic"
            ],
            "bug_pattern": "ICE - internal compiler error[:,-]?\\s*(.+)"
        },
        "debugging_tips": [
            "Review compiler output for specific error details"
        ],
        "flags_used": [
            "-fleading-underscore",
            "-Wall",
            "-Wextra",
            "-pedantic"
        ]
    },
    {
        "filename": "Output/2025-05-15_14-22-55-916/Generated_Programs/generated_program_2025-05-15_14-22-55-984.c",
        "language": "c",
        "standard": "-std=c17",
        "flags": [
            "-fsanitize=memory",
            "-Wall",
            "-Wextra",
            "-pedantic",
            "-Wconversion",
            "-Wshadow"
        ],
        "command": "gcc-13 -std=c17 -fsanitize=memory -Wall -Wextra -pedantic -Wconversion -Wshadow Output/2025-05-15_14-22-55-916/Generated_Programs/generated_program_2025-05-15_14-22-55-984.c -o Output/2025-05-15_14-22-55-916/Generated_Programs/Compiled/generated_program_2025-05-15_14-22-55-984.c_c17_0359.o",
        "status": "Failed",
        "error": "gcc-13: error: unrecognized argument to \u2018-fsanitize=\u2019 option: \u2018memory\u2019\n",
        "crash_reason": "Unrecognized Argument Error",
        "compiler": "gcc-13",
        "readable_error": {
            "summary": "Unrecognized argument: unknown_argument",
            "details": "The compiler doesn't recognize the 'unknown_argument' argument",
            "solution": "Remove 'unknown_argument' or check for correct syntax",
            "severity": "Low",
            "bug_pattern": "UNRECOGNIZED_ARGUMENT"
        },
        "debugging_tips": [
            "Review compiler output for specific error details"
        ],
        "flags_used": [
            "-fsanitize=memory",
            "-Wall",
            "-Wextra",
            "-pedantic",
            "-Wconversion",
            "-Wshadow"
        ]
    },
    {
        "filename": "Output/2025-05-15_14-22-55-916/Generated_Programs/generated_program_2025-05-15_14-22-55-984.c",
        "language": "c",
        "standard": "-std=c17",
        "flags": [
            "-m32",
            "-Wall",
            "-Wextra",
            "-pedantic",
            "-Wconversion",
            "-Wshadow"
        ],
        "command": "gcc-13 -std=c17 -m32 -Wall -Wextra -pedantic -Wconversion -Wshadow Output/2025-05-15_14-22-55-916/Generated_Programs/generated_program_2025-05-15_14-22-55-984.c -o Output/2025-05-15_14-22-55-916/Generated_Programs/Compiled/generated_program_2025-05-15_14-22-55-984.c_c17_0595.o",
        "status": "Failed",
        "error": "Output/2025-05-15_14-22-55-916/Generated_Programs/generated_program_2025-05-15_14-22-55-984.c: In function \u2018main\u2019:\nOutput/2025-05-15_14-22-55-916/Generated_Programs/generated_program_2025-05-15_14-22-55-984.c:22:7: warning: unused variable \u2018cs\u2019 [-Wunused-variable]\n   22 |       cs; /* This may cause an internal compiler error in some versions */\n      |       ^~\n/usr/bin/ld: cannot find Scrt1.o: No such file or directory\n/usr/bin/ld: cannot find crti.o: No such file or directory\n/usr/bin/ld: skipping incompatible /usr/lib/gcc/x86_64-linux-gnu/13/libgcc.a when searching for -lgcc\n/usr/bin/ld: cannot find -lgcc: No such file or directory\n/usr/bin/ld: skipping incompatible /usr/lib/gcc/x86_64-linux-gnu/13/libgcc.a when searching for -lgcc\n/usr/bin/ld: cannot find -lgcc: No such file or directory\ncollect2: error: ld returned 1 exit status\n",
        "crash_reason": "Compiler Internal Error (ICE)",
        "compiler": "gcc-13",
        "readable_error": {
            "summary": "Compiler Internal Failure",
            "details": "Output/2025-05-15_14-22-55-916/Generated_Programs/generated_program_2025-05-15_14-22-55-984.c: In function \u2018main\u2019:\nOutput/2025-05-15_14-22-55-916/Generated_Programs/generated_program_2025-05-15_14-22-55-984.c:22:7: warning: unused variable \u2018cs\u2019 [-Wunused-variable]\n   22 |       cs; /* This may cause an internal compiler error in some versions */\n      |       ^~\n/usr/bin/ld: cannot find Scrt1.o: No such file or directory\n/usr/bin/ld: cannot find crti.o: No such file or directory\n/usr/bin/ld: skipping incompatible /usr/lib/gcc/x86_64-linux-gnu/13/libgcc.a when searching for -lgcc\n/usr/bin/ld: cannot find -lgcc: No such file or directory\n/usr/bin/ld: skipping incompatible /usr/lib/gcc/x86_64-linux-gnu/13/libgcc.a when searching for -lgcc\n/usr/bin/ld: cannot find -lgcc: No such file or directory\ncollect2: error: ld returned 1 exit status",
            "solution": "Report to maintainers with minimal reproducer",
            "severity": "Critical",
            "gcc_version": "13.3.0",
            "compiler_flags": [
                "-m32",
                "-Wall",
                "-Wextra",
                "-pedantic",
                "-Wconversion",
                "-Wshadow"
            ],
            "bug_pattern": "ICE - internal compiler error[:,-]?\\s*(.+)"
        },
        "debugging_tips": [
            "Review compiler output for specific error details"
        ],
        "flags_used": [
            "-m32",
            "-Wall",
            "-Wextra",
            "-pedantic",
            "-Wconversion",
            "-Wshadow"
        ]
    },
    {
        "filename": "Output/2025-05-15_14-22-55-916/Generated_Programs/generated_program_2025-05-15_14-22-55-984.c",
        "language": "c",
        "standard": "-std=c17",
        "flags": [
            "-mx32",
            "-Wall",
            "-Wextra",
            "-pedantic",
            "-Wconversion",
            "-Wshadow"
        ],
        "command": "gcc-13 -std=c17 -mx32 -Wall -Wextra -pedantic -Wconversion -Wshadow Output/2025-05-15_14-22-55-916/Generated_Programs/generated_program_2025-05-15_14-22-55-984.c -o Output/2025-05-15_14-22-55-916/Generated_Programs/Compiled/generated_program_2025-05-15_14-22-55-984.c_c17_0285.o",
        "status": "Failed",
        "error": "Output/2025-05-15_14-22-55-916/Generated_Programs/generated_program_2025-05-15_14-22-55-984.c: In function \u2018main\u2019:\nOutput/2025-05-15_14-22-55-916/Generated_Programs/generated_program_2025-05-15_14-22-55-984.c:22:7: warning: unused variable \u2018cs\u2019 [-Wunused-variable]\n   22 |       cs; /* This may cause an internal compiler error in some versions */\n      |       ^~\n/usr/bin/ld: cannot find Scrt1.o: No such file or directory\n/usr/bin/ld: cannot find crti.o: No such file or directory\n/usr/bin/ld: skipping incompatible /usr/lib/gcc/x86_64-linux-gnu/13/libgcc.a when searching for -lgcc\n/usr/bin/ld: cannot find -lgcc: No such file or directory\n/usr/bin/ld: skipping incompatible /lib/i386-linux-gnu/libgcc_s.so.1 when searching for libgcc_s.so.1\n/usr/bin/ld: skipping incompatible /usr/lib/i386-linux-gnu/libgcc_s.so.1 when searching for libgcc_s.so.1\n/usr/bin/ld: skipping incompatible /usr/lib/x86_64-linux-gnu/libgcc_s.so.1 when searching for libgcc_s.so.1\n/usr/bin/ld: cannot find libgcc_s.so.1: No such file or directory\n/usr/bin/ld: skipping incompatible /lib/i386-linux-gnu/libgcc_s.so.1 when searching for libgcc_s.so.1\n/usr/bin/ld: skipping incompatible /usr/lib/i386-linux-gnu/libgcc_s.so.1 when searching for libgcc_s.so.1\n/usr/bin/ld: skipping incompatible /usr/lib/x86_64-linux-gnu/libgcc_s.so.1 when searching for libgcc_s.so.1\n/usr/bin/ld: skipping incompatible /usr/lib/gcc/x86_64-linux-gnu/13/libgcc.a when searching for -lgcc\n/usr/bin/ld: cannot find -lgcc: No such file or directory\ncollect2: error: ld returned 1 exit status\n",
        "crash_reason": "Compiler Internal Error (ICE)",
        "compiler": "gcc-13",
        "readable_error": {
            "summary": "Compiler Internal Failure",
            "details": "Output/2025-05-15_14-22-55-916/Generated_Programs/generated_program_2025-05-15_14-22-55-984.c: In function \u2018main\u2019:\nOutput/2025-05-15_14-22-55-916/Generated_Programs/generated_program_2025-05-15_14-22-55-984.c:22:7: warning: unused variable \u2018cs\u2019 [-Wunused-variable]\n   22 |       cs; /* This may cause an internal compiler error in some versions */\n      |       ^~\n/usr/bin/ld: cannot find Scrt1.o: No such file or directory\n/usr/bin/ld: cannot find crti.o: No such file or directory\n/usr/bin/ld: skipping incompatible /usr/lib/gcc/x86_64-linux-gnu/13/libgcc.a when searching for -lgcc\n/usr/bin/ld: cannot find -lgcc: No such file or directory\n/usr/bin/ld: skipping incompatible /lib/i386-linux-gnu/libgcc_s.so.1 when searching for libgcc_s.so.1\n/usr/bin/ld: skipping incompatible /usr/lib/i386-linux-gnu/libgcc_s.so.1 when searching for libgcc_s.so.1\n/usr/bin/ld: skipping incompatible /usr/lib/x86_64-linux-gnu/libgcc_s.so.1 when searching for libgcc_s.so.1\n/usr/bin/ld: cannot find libgcc_s.so.1: No such file or directory\n/usr/bin/ld: skipping incompatible /lib/i386-linux-gnu/libgcc_s.so.1 when searching for libgcc_s.so.1\n/usr/bin/ld: skipping incompatible /usr/lib/i386-linux-gnu/libgcc_s.so.1 when searching for libgcc_s.so.1\n/usr/bin/ld: skipping incompatible /usr/lib/x86_64-linux-gnu/libgcc_s.so.1 when searching for libgcc_s.so.1\n/usr/bin/ld: skipping incompatible /usr/lib/gcc/x86_64-linux-gnu/13/libgcc.a when searching for -lgcc\n/usr/bin/ld: cannot find -lgcc: No such file or directory\ncollect2: error: ld returned 1 exit status",
            "solution": "Report to maintainers with minimal reproducer",
            "severity": "Critical",
            "gcc_version": "13.3.0",
            "compiler_flags": [
                "-mx32",
                "-Wall",
                "-Wextra",
                "-pedantic",
                "-Wconversion",
                "-Wshadow"
            ],
            "bug_pattern": "ICE - internal compiler error[:,-]?\\s*(.+)"
        },
        "debugging_tips": [
            "Review compiler output for specific error details"
        ],
        "flags_used": [
            "-mx32",
            "-Wall",
            "-Wextra",
            "-pedantic",
            "-Wconversion",
            "-Wshadow"
        ]
    },
    {
        "filename": "Output/2025-05-15_14-22-55-916/Generated_Programs/generated_program_2025-05-15_14-22-55-984.c",
        "language": "c",
        "standard": "-std=c17",
        "flags": [
            "-fleading-underscore",
            "-Wall",
            "-Wextra",
            "-pedantic"
        ],
        "command": "gcc-13 -std=c17 -fleading-underscore -Wall -Wextra -pedantic Output/2025-05-15_14-22-55-916/Generated_Programs/generated_program_2025-05-15_14-22-55-984.c -o Output/2025-05-15_14-22-55-916/Generated_Programs/Compiled/generated_program_2025-05-15_14-22-55-984.c_c17_0049.o",
        "status": "Failed",
        "error": "Output/2025-05-15_14-22-55-916/Generated_Programs/generated_program_2025-05-15_14-22-55-984.c: In function \u2018main\u2019:\nOutput/2025-05-15_14-22-55-916/Generated_Programs/generated_program_2025-05-15_14-22-55-984.c:22:7: warning: unused variable \u2018cs\u2019 [-Wunused-variable]\n   22 |       cs; /* This may cause an internal compiler error in some versions */\n      |       ^~\n/usr/bin/ld: /usr/lib/gcc/x86_64-linux-gnu/13/../../../x86_64-linux-gnu/Scrt1.o: in function `_start':\n(.text+0x1b): undefined reference to `main'\ncollect2: error: ld returned 1 exit status\n",
        "crash_reason": "Compiler Internal Error (ICE)",
        "compiler": "gcc-13",
        "readable_error": {
            "summary": "Compiler Internal Failure",
            "details": "Output/2025-05-15_14-22-55-916/Generated_Programs/generated_program_2025-05-15_14-22-55-984.c: In function \u2018main\u2019:\nOutput/2025-05-15_14-22-55-916/Generated_Programs/generated_program_2025-05-15_14-22-55-984.c:22:7: warning: unused variable \u2018cs\u2019 [-Wunused-variable]\n   22 |       cs; /* This may cause an internal compiler error in some versions */\n      |       ^~\n/usr/bin/ld: /usr/lib/gcc/x86_64-linux-gnu/13/../../../x86_64-linux-gnu/Scrt1.o: in function `_start':\n(.text+0x1b): undefined reference to `main'\ncollect2: error: ld returned 1 exit status",
            "solution": "Report to maintainers with minimal reproducer",
            "severity": "Critical",
            "gcc_version": "13.3.0",
            "compiler_flags": [
                "-fleading-underscore",
                "-Wall",
                "-Wextra",
                "-pedantic"
            ],
            "bug_pattern": "ICE - internal compiler error[:,-]?\\s*(.+)"
        },
        "debugging_tips": [
            "Review compiler output for specific error details"
        ],
        "flags_used": [
            "-fleading-underscore",
            "-Wall",
            "-Wextra",
            "-pedantic"
        ]
    },
    {
        "filename": "Output/2025-05-15_14-22-55-916/Generated_Programs/generated_program_2025-05-15_14-22-55-984.c",
        "language": "c",
        "standard": "-std=gnu17",
        "flags": [
            "-fsanitize=memory",
            "-Wall",
            "-Wextra",
            "-pedantic",
            "-Wconversion",
            "-Wshadow"
        ],
        "command": "gcc-13 -std=gnu17 -fsanitize=memory -Wall -Wextra -pedantic -Wconversion -Wshadow Output/2025-05-15_14-22-55-916/Generated_Programs/generated_program_2025-05-15_14-22-55-984.c -o Output/2025-05-15_14-22-55-916/Generated_Programs/Compiled/generated_program_2025-05-15_14-22-55-984.c_gnu17_0359.o",
        "status": "Failed",
        "error": "gcc-13: error: unrecognized argument to \u2018-fsanitize=\u2019 option: \u2018memory\u2019\n",
        "crash_reason": "Unrecognized Argument Error",
        "compiler": "gcc-13",
        "readable_error": {
            "summary": "Unrecognized argument: unknown_argument",
            "details": "The compiler doesn't recognize the 'unknown_argument' argument",
            "solution": "Remove 'unknown_argument' or check for correct syntax",
            "severity": "Low",
            "bug_pattern": "UNRECOGNIZED_ARGUMENT"
        },
        "debugging_tips": [
            "Review compiler output for specific error details"
        ],
        "flags_used": [
            "-fsanitize=memory",
            "-Wall",
            "-Wextra",
            "-pedantic",
            "-Wconversion",
            "-Wshadow"
        ]
    },
    {
        "filename": "Output/2025-05-15_14-22-55-916/Generated_Programs/generated_program_2025-05-15_14-22-55-984.c",
        "language": "c",
        "standard": "-std=gnu17",
        "flags": [
            "-m32",
            "-Wall",
            "-Wextra",
            "-pedantic",
            "-Wconversion",
            "-Wshadow"
        ],
        "command": "gcc-13 -std=gnu17 -m32 -Wall -Wextra -pedantic -Wconversion -Wshadow Output/2025-05-15_14-22-55-916/Generated_Programs/generated_program_2025-05-15_14-22-55-984.c -o Output/2025-05-15_14-22-55-916/Generated_Programs/Compiled/generated_program_2025-05-15_14-22-55-984.c_gnu17_0595.o",
        "status": "Failed",
        "error": "Output/2025-05-15_14-22-55-916/Generated_Programs/generated_program_2025-05-15_14-22-55-984.c: In function \u2018main\u2019:\nOutput/2025-05-15_14-22-55-916/Generated_Programs/generated_program_2025-05-15_14-22-55-984.c:22:7: warning: unused variable \u2018cs\u2019 [-Wunused-variable]\n   22 |       cs; /* This may cause an internal compiler error in some versions */\n      |       ^~\n/usr/bin/ld: cannot find Scrt1.o: No such file or directory\n/usr/bin/ld: cannot find crti.o: No such file or directory\n/usr/bin/ld: skipping incompatible /usr/lib/gcc/x86_64-linux-gnu/13/libgcc.a when searching for -lgcc\n/usr/bin/ld: cannot find -lgcc: No such file or directory\n/usr/bin/ld: skipping incompatible /usr/lib/gcc/x86_64-linux-gnu/13/libgcc.a when searching for -lgcc\n/usr/bin/ld: cannot find -lgcc: No such file or directory\ncollect2: error: ld returned 1 exit status\n",
        "crash_reason": "Compiler Internal Error (ICE)",
        "compiler": "gcc-13",
        "readable_error": {
            "summary": "Compiler Internal Failure",
            "details": "Output/2025-05-15_14-22-55-916/Generated_Programs/generated_program_2025-05-15_14-22-55-984.c: In function \u2018main\u2019:\nOutput/2025-05-15_14-22-55-916/Generated_Programs/generated_program_2025-05-15_14-22-55-984.c:22:7: warning: unused variable \u2018cs\u2019 [-Wunused-variable]\n   22 |       cs; /* This may cause an internal compiler error in some versions */\n      |       ^~\n/usr/bin/ld: cannot find Scrt1.o: No such file or directory\n/usr/bin/ld: cannot find crti.o: No such file or directory\n/usr/bin/ld: skipping incompatible /usr/lib/gcc/x86_64-linux-gnu/13/libgcc.a when searching for -lgcc\n/usr/bin/ld: cannot find -lgcc: No such file or directory\n/usr/bin/ld: skipping incompatible /usr/lib/gcc/x86_64-linux-gnu/13/libgcc.a when searching for -lgcc\n/usr/bin/ld: cannot find -lgcc: No such file or directory\ncollect2: error: ld returned 1 exit status",
            "solution": "Report to maintainers with minimal reproducer",
            "severity": "Critical",
            "gcc_version": "13.3.0",
            "compiler_flags": [
                "-m32",
                "-Wall",
                "-Wextra",
                "-pedantic",
                "-Wconversion",
                "-Wshadow"
            ],
            "bug_pattern": "ICE - internal compiler error[:,-]?\\s*(.+)"
        },
        "debugging_tips": [
            "Review compiler output for specific error details"
        ],
        "flags_used": [
            "-m32",
            "-Wall",
            "-Wextra",
            "-pedantic",
            "-Wconversion",
            "-Wshadow"
        ]
    },
    {
        "filename": "Output/2025-05-15_14-22-55-916/Generated_Programs/generated_program_2025-05-15_14-22-55-984.c",
        "language": "c",
        "standard": "-std=gnu17",
        "flags": [
            "-mx32",
            "-Wall",
            "-Wextra",
            "-pedantic",
            "-Wconversion",
            "-Wshadow"
        ],
        "command": "gcc-13 -std=gnu17 -mx32 -Wall -Wextra -pedantic -Wconversion -Wshadow Output/2025-05-15_14-22-55-916/Generated_Programs/generated_program_2025-05-15_14-22-55-984.c -o Output/2025-05-15_14-22-55-916/Generated_Programs/Compiled/generated_program_2025-05-15_14-22-55-984.c_gnu17_0285.o",
        "status": "Failed",
        "error": "Output/2025-05-15_14-22-55-916/Generated_Programs/generated_program_2025-05-15_14-22-55-984.c: In function \u2018main\u2019:\nOutput/2025-05-15_14-22-55-916/Generated_Programs/generated_program_2025-05-15_14-22-55-984.c:22:7: warning: unused variable \u2018cs\u2019 [-Wunused-variable]\n   22 |       cs; /* This may cause an internal compiler error in some versions */\n      |       ^~\n/usr/bin/ld: cannot find Scrt1.o: No such file or directory\n/usr/bin/ld: cannot find crti.o: No such file or directory\n/usr/bin/ld: skipping incompatible /usr/lib/gcc/x86_64-linux-gnu/13/libgcc.a when searching for -lgcc\n/usr/bin/ld: cannot find -lgcc: No such file or directory\n/usr/bin/ld: skipping incompatible /lib/i386-linux-gnu/libgcc_s.so.1 when searching for libgcc_s.so.1\n/usr/bin/ld: skipping incompatible /usr/lib/i386-linux-gnu/libgcc_s.so.1 when searching for libgcc_s.so.1\n/usr/bin/ld: skipping incompatible /usr/lib/x86_64-linux-gnu/libgcc_s.so.1 when searching for libgcc_s.so.1\n/usr/bin/ld: cannot find libgcc_s.so.1: No such file or directory\n/usr/bin/ld: skipping incompatible /lib/i386-linux-gnu/libgcc_s.so.1 when searching for libgcc_s.so.1\n/usr/bin/ld: skipping incompatible /usr/lib/i386-linux-gnu/libgcc_s.so.1 when searching for libgcc_s.so.1\n/usr/bin/ld: skipping incompatible /usr/lib/x86_64-linux-gnu/libgcc_s.so.1 when searching for libgcc_s.so.1\n/usr/bin/ld: skipping incompatible /usr/lib/gcc/x86_64-linux-gnu/13/libgcc.a when searching for -lgcc\n/usr/bin/ld: cannot find -lgcc: No such file or directory\ncollect2: error: ld returned 1 exit status\n",
        "crash_reason": "Compiler Internal Error (ICE)",
        "compiler": "gcc-13",
        "readable_error": {
            "summary": "Compiler Internal Failure",
            "details": "Output/2025-05-15_14-22-55-916/Generated_Programs/generated_program_2025-05-15_14-22-55-984.c: In function \u2018main\u2019:\nOutput/2025-05-15_14-22-55-916/Generated_Programs/generated_program_2025-05-15_14-22-55-984.c:22:7: warning: unused variable \u2018cs\u2019 [-Wunused-variable]\n   22 |       cs; /* This may cause an internal compiler error in some versions */\n      |       ^~\n/usr/bin/ld: cannot find Scrt1.o: No such file or directory\n/usr/bin/ld: cannot find crti.o: No such file or directory\n/usr/bin/ld: skipping incompatible /usr/lib/gcc/x86_64-linux-gnu/13/libgcc.a when searching for -lgcc\n/usr/bin/ld: cannot find -lgcc: No such file or directory\n/usr/bin/ld: skipping incompatible /lib/i386-linux-gnu/libgcc_s.so.1 when searching for libgcc_s.so.1\n/usr/bin/ld: skipping incompatible /usr/lib/i386-linux-gnu/libgcc_s.so.1 when searching for libgcc_s.so.1\n/usr/bin/ld: skipping incompatible /usr/lib/x86_64-linux-gnu/libgcc_s.so.1 when searching for libgcc_s.so.1\n/usr/bin/ld: cannot find libgcc_s.so.1: No such file or directory\n/usr/bin/ld: skipping incompatible /lib/i386-linux-gnu/libgcc_s.so.1 when searching for libgcc_s.so.1\n/usr/bin/ld: skipping incompatible /usr/lib/i386-linux-gnu/libgcc_s.so.1 when searching for libgcc_s.so.1\n/usr/bin/ld: skipping incompatible /usr/lib/x86_64-linux-gnu/libgcc_s.so.1 when searching for libgcc_s.so.1\n/usr/bin/ld: skipping incompatible /usr/lib/gcc/x86_64-linux-gnu/13/libgcc.a when searching for -lgcc\n/usr/bin/ld: cannot find -lgcc: No such file or directory\ncollect2: error: ld returned 1 exit status",
            "solution": "Report to maintainers with minimal reproducer",
            "severity": "Critical",
            "gcc_version": "13.3.0",
            "compiler_flags": [
                "-mx32",
                "-Wall",
                "-Wextra",
                "-pedantic",
                "-Wconversion",
                "-Wshadow"
            ],
            "bug_pattern": "ICE - internal compiler error[:,-]?\\s*(.+)"
        },
        "debugging_tips": [
            "Review compiler output for specific error details"
        ],
        "flags_used": [
            "-mx32",
            "-Wall",
            "-Wextra",
            "-pedantic",
            "-Wconversion",
            "-Wshadow"
        ]
    },
    {
        "filename": "Output/2025-05-15_14-22-55-916/Generated_Programs/generated_program_2025-05-15_14-22-55-984.c",
        "language": "c",
        "standard": "-std=gnu17",
        "flags": [
            "-fleading-underscore",
            "-Wall",
            "-Wextra",
            "-pedantic"
        ],
        "command": "gcc-13 -std=gnu17 -fleading-underscore -Wall -Wextra -pedantic Output/2025-05-15_14-22-55-916/Generated_Programs/generated_program_2025-05-15_14-22-55-984.c -o Output/2025-05-15_14-22-55-916/Generated_Programs/Compiled/generated_program_2025-05-15_14-22-55-984.c_gnu17_0049.o",
        "status": "Failed",
        "error": "Output/2025-05-15_14-22-55-916/Generated_Programs/generated_program_2025-05-15_14-22-55-984.c: In function \u2018main\u2019:\nOutput/2025-05-15_14-22-55-916/Generated_Programs/generated_program_2025-05-15_14-22-55-984.c:22:7: warning: unused variable \u2018cs\u2019 [-Wunused-variable]\n   22 |       cs; /* This may cause an internal compiler error in some versions */\n      |       ^~\n/usr/bin/ld: /usr/lib/gcc/x86_64-linux-gnu/13/../../../x86_64-linux-gnu/Scrt1.o: in function `_start':\n(.text+0x1b): undefined reference to `main'\ncollect2: error: ld returned 1 exit status\n",
        "crash_reason": "Compiler Internal Error (ICE)",
        "compiler": "gcc-13",
        "readable_error": {
            "summary": "Compiler Internal Failure",
            "details": "Output/2025-05-15_14-22-55-916/Generated_Programs/generated_program_2025-05-15_14-22-55-984.c: In function \u2018main\u2019:\nOutput/2025-05-15_14-22-55-916/Generated_Programs/generated_program_2025-05-15_14-22-55-984.c:22:7: warning: unused variable \u2018cs\u2019 [-Wunused-variable]\n   22 |       cs; /* This may cause an internal compiler error in some versions */\n      |       ^~\n/usr/bin/ld: /usr/lib/gcc/x86_64-linux-gnu/13/../../../x86_64-linux-gnu/Scrt1.o: in function `_start':\n(.text+0x1b): undefined reference to `main'\ncollect2: error: ld returned 1 exit status",
            "solution": "Report to maintainers with minimal reproducer",
            "severity": "Critical",
            "gcc_version": "13.3.0",
            "compiler_flags": [
                "-fleading-underscore",
                "-Wall",
                "-Wextra",
                "-pedantic"
            ],
            "bug_pattern": "ICE - internal compiler error[:,-]?\\s*(.+)"
        },
        "debugging_tips": [
            "Review compiler output for specific error details"
        ],
        "flags_used": [
            "-fleading-underscore",
            "-Wall",
            "-Wextra",
            "-pedantic"
        ]
    },
    {
        "filename": "Output/2025-05-15_14-22-55-916/Generated_Programs/generated_program_2025-05-15_14-22-55-984.c",
        "language": "c",
        "standard": "-std=c2x",
        "flags": [
            "-fsanitize=memory",
            "-Wall",
            "-Wextra",
            "-pedantic",
            "-Wconversion",
            "-Wshadow"
        ],
        "command": "gcc-13 -std=c2x -fsanitize=memory -Wall -Wextra -pedantic -Wconversion -Wshadow Output/2025-05-15_14-22-55-916/Generated_Programs/generated_program_2025-05-15_14-22-55-984.c -o Output/2025-05-15_14-22-55-916/Generated_Programs/Compiled/generated_program_2025-05-15_14-22-55-984.c_c2x_0359.o",
        "status": "Failed",
        "error": "gcc-13: error: unrecognized argument to \u2018-fsanitize=\u2019 option: \u2018memory\u2019\n",
        "crash_reason": "Unrecognized Argument Error",
        "compiler": "gcc-13",
        "readable_error": {
            "summary": "Unrecognized argument: unknown_argument",
            "details": "The compiler doesn't recognize the 'unknown_argument' argument",
            "solution": "Remove 'unknown_argument' or check for correct syntax",
            "severity": "Low",
            "bug_pattern": "UNRECOGNIZED_ARGUMENT"
        },
        "debugging_tips": [
            "Review compiler output for specific error details"
        ],
        "flags_used": [
            "-fsanitize=memory",
            "-Wall",
            "-Wextra",
            "-pedantic",
            "-Wconversion",
            "-Wshadow"
        ]
    },
    {
        "filename": "Output/2025-05-15_14-22-55-916/Generated_Programs/generated_program_2025-05-15_14-22-55-984.c",
        "language": "c",
        "standard": "-std=c2x",
        "flags": [
            "-m32",
            "-Wall",
            "-Wextra",
            "-pedantic",
            "-Wconversion",
            "-Wshadow"
        ],
        "command": "gcc-13 -std=c2x -m32 -Wall -Wextra -pedantic -Wconversion -Wshadow Output/2025-05-15_14-22-55-916/Generated_Programs/generated_program_2025-05-15_14-22-55-984.c -o Output/2025-05-15_14-22-55-916/Generated_Programs/Compiled/generated_program_2025-05-15_14-22-55-984.c_c2x_0595.o",
        "status": "Failed",
        "error": "Output/2025-05-15_14-22-55-916/Generated_Programs/generated_program_2025-05-15_14-22-55-984.c: In function \u2018main\u2019:\nOutput/2025-05-15_14-22-55-916/Generated_Programs/generated_program_2025-05-15_14-22-55-984.c:22:7: warning: unused variable \u2018cs\u2019 [-Wunused-variable]\n   22 |       cs; /* This may cause an internal compiler error in some versions */\n      |       ^~\n/usr/bin/ld: cannot find Scrt1.o: No such file or directory\n/usr/bin/ld: cannot find crti.o: No such file or directory\n/usr/bin/ld: skipping incompatible /usr/lib/gcc/x86_64-linux-gnu/13/libgcc.a when searching for -lgcc\n/usr/bin/ld: cannot find -lgcc: No such file or directory\n/usr/bin/ld: skipping incompatible /usr/lib/gcc/x86_64-linux-gnu/13/libgcc.a when searching for -lgcc\n/usr/bin/ld: cannot find -lgcc: No such file or directory\ncollect2: error: ld returned 1 exit status\n",
        "crash_reason": "Compiler Internal Error (ICE)",
        "compiler": "gcc-13",
        "readable_error": {
            "summary": "Compiler Internal Failure",
            "details": "Output/2025-05-15_14-22-55-916/Generated_Programs/generated_program_2025-05-15_14-22-55-984.c: In function \u2018main\u2019:\nOutput/2025-05-15_14-22-55-916/Generated_Programs/generated_program_2025-05-15_14-22-55-984.c:22:7: warning: unused variable \u2018cs\u2019 [-Wunused-variable]\n   22 |       cs; /* This may cause an internal compiler error in some versions */\n      |       ^~\n/usr/bin/ld: cannot find Scrt1.o: No such file or directory\n/usr/bin/ld: cannot find crti.o: No such file or directory\n/usr/bin/ld: skipping incompatible /usr/lib/gcc/x86_64-linux-gnu/13/libgcc.a when searching for -lgcc\n/usr/bin/ld: cannot find -lgcc: No such file or directory\n/usr/bin/ld: skipping incompatible /usr/lib/gcc/x86_64-linux-gnu/13/libgcc.a when searching for -lgcc\n/usr/bin/ld: cannot find -lgcc: No such file or directory\ncollect2: error: ld returned 1 exit status",
            "solution": "Report to maintainers with minimal reproducer",
            "severity": "Critical",
            "gcc_version": "13.3.0",
            "compiler_flags": [
                "-m32",
                "-Wall",
                "-Wextra",
                "-pedantic",
                "-Wconversion",
                "-Wshadow"
            ],
            "bug_pattern": "ICE - internal compiler error[:,-]?\\s*(.+)"
        },
        "debugging_tips": [
            "Review compiler output for specific error details"
        ],
        "flags_used": [
            "-m32",
            "-Wall",
            "-Wextra",
            "-pedantic",
            "-Wconversion",
            "-Wshadow"
        ]
    },
    {
        "filename": "Output/2025-05-15_14-22-55-916/Generated_Programs/generated_program_2025-05-15_14-22-55-984.c",
        "language": "c",
        "standard": "-std=c2x",
        "flags": [
            "-mx32",
            "-Wall",
            "-Wextra",
            "-pedantic",
            "-Wconversion",
            "-Wshadow"
        ],
        "command": "gcc-13 -std=c2x -mx32 -Wall -Wextra -pedantic -Wconversion -Wshadow Output/2025-05-15_14-22-55-916/Generated_Programs/generated_program_2025-05-15_14-22-55-984.c -o Output/2025-05-15_14-22-55-916/Generated_Programs/Compiled/generated_program_2025-05-15_14-22-55-984.c_c2x_0285.o",
        "status": "Failed",
        "error": "Output/2025-05-15_14-22-55-916/Generated_Programs/generated_program_2025-05-15_14-22-55-984.c: In function \u2018main\u2019:\nOutput/2025-05-15_14-22-55-916/Generated_Programs/generated_program_2025-05-15_14-22-55-984.c:22:7: warning: unused variable \u2018cs\u2019 [-Wunused-variable]\n   22 |       cs; /* This may cause an internal compiler error in some versions */\n      |       ^~\n/usr/bin/ld: cannot find Scrt1.o: No such file or directory\n/usr/bin/ld: cannot find crti.o: No such file or directory\n/usr/bin/ld: skipping incompatible /usr/lib/gcc/x86_64-linux-gnu/13/libgcc.a when searching for -lgcc\n/usr/bin/ld: cannot find -lgcc: No such file or directory\n/usr/bin/ld: skipping incompatible /lib/i386-linux-gnu/libgcc_s.so.1 when searching for libgcc_s.so.1\n/usr/bin/ld: skipping incompatible /usr/lib/i386-linux-gnu/libgcc_s.so.1 when searching for libgcc_s.so.1\n/usr/bin/ld: skipping incompatible /usr/lib/x86_64-linux-gnu/libgcc_s.so.1 when searching for libgcc_s.so.1\n/usr/bin/ld: cannot find libgcc_s.so.1: No such file or directory\n/usr/bin/ld: skipping incompatible /lib/i386-linux-gnu/libgcc_s.so.1 when searching for libgcc_s.so.1\n/usr/bin/ld: skipping incompatible /usr/lib/i386-linux-gnu/libgcc_s.so.1 when searching for libgcc_s.so.1\n/usr/bin/ld: skipping incompatible /usr/lib/x86_64-linux-gnu/libgcc_s.so.1 when searching for libgcc_s.so.1\n/usr/bin/ld: skipping incompatible /usr/lib/gcc/x86_64-linux-gnu/13/libgcc.a when searching for -lgcc\n/usr/bin/ld: cannot find -lgcc: No such file or directory\ncollect2: error: ld returned 1 exit status\n",
        "crash_reason": "Compiler Internal Error (ICE)",
        "compiler": "gcc-13",
        "readable_error": {
            "summary": "Compiler Internal Failure",
            "details": "Output/2025-05-15_14-22-55-916/Generated_Programs/generated_program_2025-05-15_14-22-55-984.c: In function \u2018main\u2019:\nOutput/2025-05-15_14-22-55-916/Generated_Programs/generated_program_2025-05-15_14-22-55-984.c:22:7: warning: unused variable \u2018cs\u2019 [-Wunused-variable]\n   22 |       cs; /* This may cause an internal compiler error in some versions */\n      |       ^~\n/usr/bin/ld: cannot find Scrt1.o: No such file or directory\n/usr/bin/ld: cannot find crti.o: No such file or directory\n/usr/bin/ld: skipping incompatible /usr/lib/gcc/x86_64-linux-gnu/13/libgcc.a when searching for -lgcc\n/usr/bin/ld: cannot find -lgcc: No such file or directory\n/usr/bin/ld: skipping incompatible /lib/i386-linux-gnu/libgcc_s.so.1 when searching for libgcc_s.so.1\n/usr/bin/ld: skipping incompatible /usr/lib/i386-linux-gnu/libgcc_s.so.1 when searching for libgcc_s.so.1\n/usr/bin/ld: skipping incompatible /usr/lib/x86_64-linux-gnu/libgcc_s.so.1 when searching for libgcc_s.so.1\n/usr/bin/ld: cannot find libgcc_s.so.1: No such file or directory\n/usr/bin/ld: skipping incompatible /lib/i386-linux-gnu/libgcc_s.so.1 when searching for libgcc_s.so.1\n/usr/bin/ld: skipping incompatible /usr/lib/i386-linux-gnu/libgcc_s.so.1 when searching for libgcc_s.so.1\n/usr/bin/ld: skipping incompatible /usr/lib/x86_64-linux-gnu/libgcc_s.so.1 when searching for libgcc_s.so.1\n/usr/bin/ld: skipping incompatible /usr/lib/gcc/x86_64-linux-gnu/13/libgcc.a when searching for -lgcc\n/usr/bin/ld: cannot find -lgcc: No such file or directory\ncollect2: error: ld returned 1 exit status",
            "solution": "Report to maintainers with minimal reproducer",
            "severity": "Critical",
            "gcc_version": "13.3.0",
            "compiler_flags": [
                "-mx32",
                "-Wall",
                "-Wextra",
                "-pedantic",
                "-Wconversion",
                "-Wshadow"
            ],
            "bug_pattern": "ICE - internal compiler error[:,-]?\\s*(.+)"
        },
        "debugging_tips": [
            "Review compiler output for specific error details"
        ],
        "flags_used": [
            "-mx32",
            "-Wall",
            "-Wextra",
            "-pedantic",
            "-Wconversion",
            "-Wshadow"
        ]
    },
    {
        "filename": "Output/2025-05-15_14-22-55-916/Generated_Programs/generated_program_2025-05-15_14-22-55-984.c",
        "language": "c",
        "standard": "-std=c2x",
        "flags": [
            "-fleading-underscore",
            "-Wall",
            "-Wextra",
            "-pedantic"
        ],
        "command": "gcc-13 -std=c2x -fleading-underscore -Wall -Wextra -pedantic Output/2025-05-15_14-22-55-916/Generated_Programs/generated_program_2025-05-15_14-22-55-984.c -o Output/2025-05-15_14-22-55-916/Generated_Programs/Compiled/generated_program_2025-05-15_14-22-55-984.c_c2x_0049.o",
        "status": "Failed",
        "error": "Output/2025-05-15_14-22-55-916/Generated_Programs/generated_program_2025-05-15_14-22-55-984.c: In function \u2018main\u2019:\nOutput/2025-05-15_14-22-55-916/Generated_Programs/generated_program_2025-05-15_14-22-55-984.c:22:7: warning: unused variable \u2018cs\u2019 [-Wunused-variable]\n   22 |       cs; /* This may cause an internal compiler error in some versions */\n      |       ^~\n/usr/bin/ld: /usr/lib/gcc/x86_64-linux-gnu/13/../../../x86_64-linux-gnu/Scrt1.o: in function `_start':\n(.text+0x1b): undefined reference to `main'\ncollect2: error: ld returned 1 exit status\n",
        "crash_reason": "Compiler Internal Error (ICE)",
        "compiler": "gcc-13",
        "readable_error": {
            "summary": "Compiler Internal Failure",
            "details": "Output/2025-05-15_14-22-55-916/Generated_Programs/generated_program_2025-05-15_14-22-55-984.c: In function \u2018main\u2019:\nOutput/2025-05-15_14-22-55-916/Generated_Programs/generated_program_2025-05-15_14-22-55-984.c:22:7: warning: unused variable \u2018cs\u2019 [-Wunused-variable]\n   22 |       cs; /* This may cause an internal compiler error in some versions */\n      |       ^~\n/usr/bin/ld: /usr/lib/gcc/x86_64-linux-gnu/13/../../../x86_64-linux-gnu/Scrt1.o: in function `_start':\n(.text+0x1b): undefined reference to `main'\ncollect2: error: ld returned 1 exit status",
            "solution": "Report to maintainers with minimal reproducer",
            "severity": "Critical",
            "gcc_version": "13.3.0",
            "compiler_flags": [
                "-fleading-underscore",
                "-Wall",
                "-Wextra",
                "-pedantic"
            ],
            "bug_pattern": "ICE - internal compiler error[:,-]?\\s*(.+)"
        },
        "debugging_tips": [
            "Review compiler output for specific error details"
        ],
        "flags_used": [
            "-fleading-underscore",
            "-Wall",
            "-Wextra",
            "-pedantic"
        ]
    },
    {
        "filename": "Output/2025-05-15_14-22-55-916/Generated_Programs/generated_program_2025-05-15_14-22-55-984.c",
        "language": "c",
        "standard": "-std=gnu2x",
        "flags": [
            "-fsanitize=memory",
            "-Wall",
            "-Wextra",
            "-pedantic",
            "-Wconversion",
            "-Wshadow"
        ],
        "command": "gcc-13 -std=gnu2x -fsanitize=memory -Wall -Wextra -pedantic -Wconversion -Wshadow Output/2025-05-15_14-22-55-916/Generated_Programs/generated_program_2025-05-15_14-22-55-984.c -o Output/2025-05-15_14-22-55-916/Generated_Programs/Compiled/generated_program_2025-05-15_14-22-55-984.c_gnu2x_0359.o",
        "status": "Failed",
        "error": "gcc-13: error: unrecognized argument to \u2018-fsanitize=\u2019 option: \u2018memory\u2019\n",
        "crash_reason": "Unrecognized Argument Error",
        "compiler": "gcc-13",
        "readable_error": {
            "summary": "Unrecognized argument: unknown_argument",
            "details": "The compiler doesn't recognize the 'unknown_argument' argument",
            "solution": "Remove 'unknown_argument' or check for correct syntax",
            "severity": "Low",
            "bug_pattern": "UNRECOGNIZED_ARGUMENT"
        },
        "debugging_tips": [
            "Review compiler output for specific error details"
        ],
        "flags_used": [
            "-fsanitize=memory",
            "-Wall",
            "-Wextra",
            "-pedantic",
            "-Wconversion",
            "-Wshadow"
        ]
    },
    {
        "filename": "Output/2025-05-15_14-22-55-916/Generated_Programs/generated_program_2025-05-15_14-22-55-984.c",
        "language": "c",
        "standard": "-std=gnu2x",
        "flags": [
            "-m32",
            "-Wall",
            "-Wextra",
            "-pedantic",
            "-Wconversion",
            "-Wshadow"
        ],
        "command": "gcc-13 -std=gnu2x -m32 -Wall -Wextra -pedantic -Wconversion -Wshadow Output/2025-05-15_14-22-55-916/Generated_Programs/generated_program_2025-05-15_14-22-55-984.c -o Output/2025-05-15_14-22-55-916/Generated_Programs/Compiled/generated_program_2025-05-15_14-22-55-984.c_gnu2x_0595.o",
        "status": "Failed",
        "error": "Output/2025-05-15_14-22-55-916/Generated_Programs/generated_program_2025-05-15_14-22-55-984.c: In function \u2018main\u2019:\nOutput/2025-05-15_14-22-55-916/Generated_Programs/generated_program_2025-05-15_14-22-55-984.c:22:7: warning: unused variable \u2018cs\u2019 [-Wunused-variable]\n   22 |       cs; /* This may cause an internal compiler error in some versions */\n      |       ^~\n/usr/bin/ld: cannot find Scrt1.o: No such file or directory\n/usr/bin/ld: cannot find crti.o: No such file or directory\n/usr/bin/ld: skipping incompatible /usr/lib/gcc/x86_64-linux-gnu/13/libgcc.a when searching for -lgcc\n/usr/bin/ld: cannot find -lgcc: No such file or directory\n/usr/bin/ld: skipping incompatible /usr/lib/gcc/x86_64-linux-gnu/13/libgcc.a when searching for -lgcc\n/usr/bin/ld: cannot find -lgcc: No such file or directory\ncollect2: error: ld returned 1 exit status\n",
        "crash_reason": "Compiler Internal Error (ICE)",
        "compiler": "gcc-13",
        "readable_error": {
            "summary": "Compiler Internal Failure",
            "details": "Output/2025-05-15_14-22-55-916/Generated_Programs/generated_program_2025-05-15_14-22-55-984.c: In function \u2018main\u2019:\nOutput/2025-05-15_14-22-55-916/Generated_Programs/generated_program_2025-05-15_14-22-55-984.c:22:7: warning: unused variable \u2018cs\u2019 [-Wunused-variable]\n   22 |       cs; /* This may cause an internal compiler error in some versions */\n      |       ^~\n/usr/bin/ld: cannot find Scrt1.o: No such file or directory\n/usr/bin/ld: cannot find crti.o: No such file or directory\n/usr/bin/ld: skipping incompatible /usr/lib/gcc/x86_64-linux-gnu/13/libgcc.a when searching for -lgcc\n/usr/bin/ld: cannot find -lgcc: No such file or directory\n/usr/bin/ld: skipping incompatible /usr/lib/gcc/x86_64-linux-gnu/13/libgcc.a when searching for -lgcc\n/usr/bin/ld: cannot find -lgcc: No such file or directory\ncollect2: error: ld returned 1 exit status",
            "solution": "Report to maintainers with minimal reproducer",
            "severity": "Critical",
            "gcc_version": "13.3.0",
            "compiler_flags": [
                "-m32",
                "-Wall",
                "-Wextra",
                "-pedantic",
                "-Wconversion",
                "-Wshadow"
            ],
            "bug_pattern": "ICE - internal compiler error[:,-]?\\s*(.+)"
        },
        "debugging_tips": [
            "Review compiler output for specific error details"
        ],
        "flags_used": [
            "-m32",
            "-Wall",
            "-Wextra",
            "-pedantic",
            "-Wconversion",
            "-Wshadow"
        ]
    },
    {
        "filename": "Output/2025-05-15_14-22-55-916/Generated_Programs/generated_program_2025-05-15_14-22-55-984.c",
        "language": "c",
        "standard": "-std=gnu2x",
        "flags": [
            "-mx32",
            "-Wall",
            "-Wextra",
            "-pedantic",
            "-Wconversion",
            "-Wshadow"
        ],
        "command": "gcc-13 -std=gnu2x -mx32 -Wall -Wextra -pedantic -Wconversion -Wshadow Output/2025-05-15_14-22-55-916/Generated_Programs/generated_program_2025-05-15_14-22-55-984.c -o Output/2025-05-15_14-22-55-916/Generated_Programs/Compiled/generated_program_2025-05-15_14-22-55-984.c_gnu2x_0285.o",
        "status": "Failed",
        "error": "Output/2025-05-15_14-22-55-916/Generated_Programs/generated_program_2025-05-15_14-22-55-984.c: In function \u2018main\u2019:\nOutput/2025-05-15_14-22-55-916/Generated_Programs/generated_program_2025-05-15_14-22-55-984.c:22:7: warning: unused variable \u2018cs\u2019 [-Wunused-variable]\n   22 |       cs; /* This may cause an internal compiler error in some versions */\n      |       ^~\n/usr/bin/ld: cannot find Scrt1.o: No such file or directory\n/usr/bin/ld: cannot find crti.o: No such file or directory\n/usr/bin/ld: skipping incompatible /usr/lib/gcc/x86_64-linux-gnu/13/libgcc.a when searching for -lgcc\n/usr/bin/ld: cannot find -lgcc: No such file or directory\n/usr/bin/ld: skipping incompatible /lib/i386-linux-gnu/libgcc_s.so.1 when searching for libgcc_s.so.1\n/usr/bin/ld: skipping incompatible /usr/lib/i386-linux-gnu/libgcc_s.so.1 when searching for libgcc_s.so.1\n/usr/bin/ld: skipping incompatible /usr/lib/x86_64-linux-gnu/libgcc_s.so.1 when searching for libgcc_s.so.1\n/usr/bin/ld: cannot find libgcc_s.so.1: No such file or directory\n/usr/bin/ld: skipping incompatible /lib/i386-linux-gnu/libgcc_s.so.1 when searching for libgcc_s.so.1\n/usr/bin/ld: skipping incompatible /usr/lib/i386-linux-gnu/libgcc_s.so.1 when searching for libgcc_s.so.1\n/usr/bin/ld: skipping incompatible /usr/lib/x86_64-linux-gnu/libgcc_s.so.1 when searching for libgcc_s.so.1\n/usr/bin/ld: skipping incompatible /usr/lib/gcc/x86_64-linux-gnu/13/libgcc.a when searching for -lgcc\n/usr/bin/ld: cannot find -lgcc: No such file or directory\ncollect2: error: ld returned 1 exit status\n",
        "crash_reason": "Compiler Internal Error (ICE)",
        "compiler": "gcc-13",
        "readable_error": {
            "summary": "Compiler Internal Failure",
            "details": "Output/2025-05-15_14-22-55-916/Generated_Programs/generated_program_2025-05-15_14-22-55-984.c: In function \u2018main\u2019:\nOutput/2025-05-15_14-22-55-916/Generated_Programs/generated_program_2025-05-15_14-22-55-984.c:22:7: warning: unused variable \u2018cs\u2019 [-Wunused-variable]\n   22 |       cs; /* This may cause an internal compiler error in some versions */\n      |       ^~\n/usr/bin/ld: cannot find Scrt1.o: No such file or directory\n/usr/bin/ld: cannot find crti.o: No such file or directory\n/usr/bin/ld: skipping incompatible /usr/lib/gcc/x86_64-linux-gnu/13/libgcc.a when searching for -lgcc\n/usr/bin/ld: cannot find -lgcc: No such file or directory\n/usr/bin/ld: skipping incompatible /lib/i386-linux-gnu/libgcc_s.so.1 when searching for libgcc_s.so.1\n/usr/bin/ld: skipping incompatible /usr/lib/i386-linux-gnu/libgcc_s.so.1 when searching for libgcc_s.so.1\n/usr/bin/ld: skipping incompatible /usr/lib/x86_64-linux-gnu/libgcc_s.so.1 when searching for libgcc_s.so.1\n/usr/bin/ld: cannot find libgcc_s.so.1: No such file or directory\n/usr/bin/ld: skipping incompatible /lib/i386-linux-gnu/libgcc_s.so.1 when searching for libgcc_s.so.1\n/usr/bin/ld: skipping incompatible /usr/lib/i386-linux-gnu/libgcc_s.so.1 when searching for libgcc_s.so.1\n/usr/bin/ld: skipping incompatible /usr/lib/x86_64-linux-gnu/libgcc_s.so.1 when searching for libgcc_s.so.1\n/usr/bin/ld: skipping incompatible /usr/lib/gcc/x86_64-linux-gnu/13/libgcc.a when searching for -lgcc\n/usr/bin/ld: cannot find -lgcc: No such file or directory\ncollect2: error: ld returned 1 exit status",
            "solution": "Report to maintainers with minimal reproducer",
            "severity": "Critical",
            "gcc_version": "13.3.0",
            "compiler_flags": [
                "-mx32",
                "-Wall",
                "-Wextra",
                "-pedantic",
                "-Wconversion",
                "-Wshadow"
            ],
            "bug_pattern": "ICE - internal compiler error[:,-]?\\s*(.+)"
        },
        "debugging_tips": [
            "Review compiler output for specific error details"
        ],
        "flags_used": [
            "-mx32",
            "-Wall",
            "-Wextra",
            "-pedantic",
            "-Wconversion",
            "-Wshadow"
        ]
    },
    {
        "filename": "Output/2025-05-15_14-22-55-916/Generated_Programs/generated_program_2025-05-15_14-22-55-984.c",
        "language": "c",
        "standard": "-std=gnu2x",
        "flags": [
            "-fleading-underscore",
            "-Wall",
            "-Wextra",
            "-pedantic"
        ],
        "command": "gcc-13 -std=gnu2x -fleading-underscore -Wall -Wextra -pedantic Output/2025-05-15_14-22-55-916/Generated_Programs/generated_program_2025-05-15_14-22-55-984.c -o Output/2025-05-15_14-22-55-916/Generated_Programs/Compiled/generated_program_2025-05-15_14-22-55-984.c_gnu2x_0049.o",
        "status": "Failed",
        "error": "Output/2025-05-15_14-22-55-916/Generated_Programs/generated_program_2025-05-15_14-22-55-984.c: In function \u2018main\u2019:\nOutput/2025-05-15_14-22-55-916/Generated_Programs/generated_program_2025-05-15_14-22-55-984.c:22:7: warning: unused variable \u2018cs\u2019 [-Wunused-variable]\n   22 |       cs; /* This may cause an internal compiler error in some versions */\n      |       ^~\n/usr/bin/ld: /usr/lib/gcc/x86_64-linux-gnu/13/../../../x86_64-linux-gnu/Scrt1.o: in function `_start':\n(.text+0x1b): undefined reference to `main'\ncollect2: error: ld returned 1 exit status\n",
        "crash_reason": "Compiler Internal Error (ICE)",
        "compiler": "gcc-13",
        "readable_error": {
            "summary": "Compiler Internal Failure",
            "details": "Output/2025-05-15_14-22-55-916/Generated_Programs/generated_program_2025-05-15_14-22-55-984.c: In function \u2018main\u2019:\nOutput/2025-05-15_14-22-55-916/Generated_Programs/generated_program_2025-05-15_14-22-55-984.c:22:7: warning: unused variable \u2018cs\u2019 [-Wunused-variable]\n   22 |       cs; /* This may cause an internal compiler error in some versions */\n      |       ^~\n/usr/bin/ld: /usr/lib/gcc/x86_64-linux-gnu/13/../../../x86_64-linux-gnu/Scrt1.o: in function `_start':\n(.text+0x1b): undefined reference to `main'\ncollect2: error: ld returned 1 exit status",
            "solution": "Report to maintainers with minimal reproducer",
            "severity": "Critical",
            "gcc_version": "13.3.0",
            "compiler_flags": [
                "-fleading-underscore",
                "-Wall",
                "-Wextra",
                "-pedantic"
            ],
            "bug_pattern": "ICE - internal compiler error[:,-]?\\s*(.+)"
        },
        "debugging_tips": [
            "Review compiler output for specific error details"
        ],
        "flags_used": [
            "-fleading-underscore",
            "-Wall",
            "-Wextra",
            "-pedantic"
        ]
    }
]