[
    {
        "filename": "Output/2025-05-15_14-10-07-588/Generated_Programs/generated_program_2025-05-15_14-10-07-654.c",
        "language": "c",
        "standard": "-std=c89",
        "flags": [
            "-m32",
            "-Wall",
            "-Wextra",
            "-pedantic",
            "-Wconversion",
            "-Wshadow"
        ],
        "command": "gcc-11 -std=c89 -m32 -Wall -Wextra -pedantic -Wconversion -Wshadow Output/2025-05-15_14-10-07-588/Generated_Programs/generated_program_2025-05-15_14-10-07-654.c -o Output/2025-05-15_14-10-07-588/Generated_Programs/Compiled/generated_program_2025-05-15_14-10-07-654.c_c89_0356.o",
        "status": "Failed",
        "error": "Output/2025-05-15_14-10-07-588/Generated_Programs/generated_program_2025-05-15_14-10-07-654.c: In function \u2018main\u2019:\nOutput/2025-05-15_14-10-07-588/Generated_Programs/generated_program_2025-05-15_14-10-07-654.c:10:7: warning: unused variable \u2018s\u2019 [-Wunused-variable]\n   10 |       s[100000]; /* This may cause an internal compiler error due to size */\n      |       ^\n/usr/bin/ld: cannot find Scrt1.o: No such file or directory\n/usr/bin/ld: cannot find crti.o: No such file or directory\n/usr/bin/ld: skipping incompatible /usr/lib/gcc/x86_64-linux-gnu/11/libgcc.a when searching for -lgcc\n/usr/bin/ld: cannot find -lgcc: No such file or directory\n/usr/bin/ld: skipping incompatible /usr/lib/gcc/x86_64-linux-gnu/11/libgcc.a when searching for -lgcc\n/usr/bin/ld: cannot find -lgcc: No such file or directory\ncollect2: error: ld returned 1 exit status\n",
        "crash_reason": "Compiler Internal Error (ICE)",
        "compiler": "gcc-11",
        "readable_error": {
            "summary": "Compiler Internal Failure",
            "details": "Output/2025-05-15_14-10-07-588/Generated_Programs/generated_program_2025-05-15_14-10-07-654.c: In function \u2018main\u2019:\nOutput/2025-05-15_14-10-07-588/Generated_Programs/generated_program_2025-05-15_14-10-07-654.c:10:7: warning: unused variable \u2018s\u2019 [-Wunused-variable]\n   10 |       s[100000]; /* This may cause an internal compiler error due to size */\n      |       ^\n/usr/bin/ld: cannot find Scrt1.o: No such file or directory\n/usr/bin/ld: cannot find crti.o: No such file or directory\n/usr/bin/ld: skipping incompatible /usr/lib/gcc/x86_64-linux-gnu/11/libgcc.a when searching for -lgcc\n/usr/bin/ld: cannot find -lgcc: No such file or directory\n/usr/bin/ld: skipping incompatible /usr/lib/gcc/x86_64-linux-gnu/11/libgcc.a when searching for -lgcc\n/usr/bin/ld: cannot find -lgcc: No such file or directory\ncollect2: error: ld returned 1 exit status",
            "solution": "Report to maintainers with minimal reproducer",
            "severity": "Critical",
            "gcc_version": "11.4.0",
            "compiler_flags": [
                "-m32",
                "-Wall",
                "-Wextra",
                "-pedantic",
                "-Wconversion",
                "-Wshadow"
            ],
            "bug_pattern": "ICE - internal compiler error[:,-]?\\s*(.+)"
        },
        "debugging_tips": [
            "Review compiler output for specific error details"
        ],
        "flags_used": [
            "-m32",
            "-Wall",
            "-Wextra",
            "-pedantic",
            "-Wconversion",
            "-Wshadow"
        ]
    },
    {
        "filename": "Output/2025-05-15_14-10-07-588/Generated_Programs/generated_program_2025-05-15_14-10-07-654.c",
        "language": "c",
        "standard": "-std=c89",
        "flags": [
            "-mx32",
            "-Wall",
            "-Wextra",
            "-pedantic",
            "-Wconversion",
            "-Wshadow"
        ],
        "command": "gcc-11 -std=c89 -mx32 -Wall -Wextra -pedantic -Wconversion -Wshadow Output/2025-05-15_14-10-07-588/Generated_Programs/generated_program_2025-05-15_14-10-07-654.c -o Output/2025-05-15_14-10-07-588/Generated_Programs/Compiled/generated_program_2025-05-15_14-10-07-654.c_c89_0287.o",
        "status": "Failed",
        "error": "Output/2025-05-15_14-10-07-588/Generated_Programs/generated_program_2025-05-15_14-10-07-654.c: In function \u2018main\u2019:\nOutput/2025-05-15_14-10-07-588/Generated_Programs/generated_program_2025-05-15_14-10-07-654.c:10:7: warning: unused variable \u2018s\u2019 [-Wunused-variable]\n   10 |       s[100000]; /* This may cause an internal compiler error due to size */\n      |       ^\n/usr/bin/ld: cannot find Scrt1.o: No such file or directory\n/usr/bin/ld: cannot find crti.o: No such file or directory\n/usr/bin/ld: skipping incompatible /usr/lib/gcc/x86_64-linux-gnu/11/libgcc.a when searching for -lgcc\n/usr/bin/ld: cannot find -lgcc: No such file or directory\n/usr/bin/ld: skipping incompatible /lib/i386-linux-gnu/libgcc_s.so.1 when searching for libgcc_s.so.1\n/usr/bin/ld: skipping incompatible /usr/lib/i386-linux-gnu/libgcc_s.so.1 when searching for libgcc_s.so.1\n/usr/bin/ld: skipping incompatible /usr/lib/x86_64-linux-gnu/libgcc_s.so.1 when searching for libgcc_s.so.1\n/usr/bin/ld: cannot find libgcc_s.so.1: No such file or directory\n/usr/bin/ld: skipping incompatible /lib/i386-linux-gnu/libgcc_s.so.1 when searching for libgcc_s.so.1\n/usr/bin/ld: skipping incompatible /usr/lib/i386-linux-gnu/libgcc_s.so.1 when searching for libgcc_s.so.1\n/usr/bin/ld: skipping incompatible /usr/lib/x86_64-linux-gnu/libgcc_s.so.1 when searching for libgcc_s.so.1\n/usr/bin/ld: skipping incompatible /usr/lib/gcc/x86_64-linux-gnu/11/libgcc.a when searching for -lgcc\n/usr/bin/ld: cannot find -lgcc: No such file or directory\ncollect2: error: ld returned 1 exit status\n",
        "crash_reason": "Compiler Internal Error (ICE)",
        "compiler": "gcc-11",
        "readable_error": {
            "summary": "Compiler Internal Failure",
            "details": "Output/2025-05-15_14-10-07-588/Generated_Programs/generated_program_2025-05-15_14-10-07-654.c: In function \u2018main\u2019:\nOutput/2025-05-15_14-10-07-588/Generated_Programs/generated_program_2025-05-15_14-10-07-654.c:10:7: warning: unused variable \u2018s\u2019 [-Wunused-variable]\n   10 |       s[100000]; /* This may cause an internal compiler error due to size */\n      |       ^\n/usr/bin/ld: cannot find Scrt1.o: No such file or directory\n/usr/bin/ld: cannot find crti.o: No such file or directory\n/usr/bin/ld: skipping incompatible /usr/lib/gcc/x86_64-linux-gnu/11/libgcc.a when searching for -lgcc\n/usr/bin/ld: cannot find -lgcc: No such file or directory\n/usr/bin/ld: skipping incompatible /lib/i386-linux-gnu/libgcc_s.so.1 when searching for libgcc_s.so.1\n/usr/bin/ld: skipping incompatible /usr/lib/i386-linux-gnu/libgcc_s.so.1 when searching for libgcc_s.so.1\n/usr/bin/ld: skipping incompatible /usr/lib/x86_64-linux-gnu/libgcc_s.so.1 when searching for libgcc_s.so.1\n/usr/bin/ld: cannot find libgcc_s.so.1: No such file or directory\n/usr/bin/ld: skipping incompatible /lib/i386-linux-gnu/libgcc_s.so.1 when searching for libgcc_s.so.1\n/usr/bin/ld: skipping incompatible /usr/lib/i386-linux-gnu/libgcc_s.so.1 when searching for libgcc_s.so.1\n/usr/bin/ld: skipping incompatible /usr/lib/x86_64-linux-gnu/libgcc_s.so.1 when searching for libgcc_s.so.1\n/usr/bin/ld: skipping incompatible /usr/lib/gcc/x86_64-linux-gnu/11/libgcc.a when searching for -lgcc\n/usr/bin/ld: cannot find -lgcc: No such file or directory\ncollect2: error: ld returned 1 exit status",
            "solution": "Report to maintainers with minimal reproducer",
            "severity": "Critical",
            "gcc_version": "11.4.0",
            "compiler_flags": [
                "-mx32",
                "-Wall",
                "-Wextra",
                "-pedantic",
                "-Wconversion",
                "-Wshadow"
            ],
            "bug_pattern": "ICE - internal compiler error[:,-]?\\s*(.+)"
        },
        "debugging_tips": [
            "Review compiler output for specific error details"
        ],
        "flags_used": [
            "-mx32",
            "-Wall",
            "-Wextra",
            "-pedantic",
            "-Wconversion",
            "-Wshadow"
        ]
    },
    {
        "filename": "Output/2025-05-15_14-10-07-588/Generated_Programs/generated_program_2025-05-15_14-10-07-654.c",
        "language": "c",
        "standard": "-std=c89",
        "flags": [
            "-fleading-underscore",
            "-Wall",
            "-Wextra",
            "-pedantic"
        ],
        "command": "gcc-11 -std=c89 -fleading-underscore -Wall -Wextra -pedantic Output/2025-05-15_14-10-07-588/Generated_Programs/generated_program_2025-05-15_14-10-07-654.c -o Output/2025-05-15_14-10-07-588/Generated_Programs/Compiled/generated_program_2025-05-15_14-10-07-654.c_c89_0897.o",
        "status": "Failed",
        "error": "Output/2025-05-15_14-10-07-588/Generated_Programs/generated_program_2025-05-15_14-10-07-654.c: In function \u2018main\u2019:\nOutput/2025-05-15_14-10-07-588/Generated_Programs/generated_program_2025-05-15_14-10-07-654.c:10:7: warning: unused variable \u2018s\u2019 [-Wunused-variable]\n   10 |       s[100000]; /* This may cause an internal compiler error due to size */\n      |       ^\n/usr/bin/ld: /usr/lib/gcc/x86_64-linux-gnu/11/../../../x86_64-linux-gnu/Scrt1.o: in function `_start':\n(.text+0x1b): undefined reference to `main'\n/usr/bin/ld: /tmp/ccPUwZd2.o: in function `_main':\ngenerated_program_2025-05-15_14-10-07-654.c:(.text+0x4c): undefined reference to `___stack_chk_fail'\ncollect2: error: ld returned 1 exit status\n",
        "crash_reason": "Compiler Internal Error (ICE)",
        "compiler": "gcc-11",
        "readable_error": {
            "summary": "Compiler Internal Failure",
            "details": "Output/2025-05-15_14-10-07-588/Generated_Programs/generated_program_2025-05-15_14-10-07-654.c: In function \u2018main\u2019:\nOutput/2025-05-15_14-10-07-588/Generated_Programs/generated_program_2025-05-15_14-10-07-654.c:10:7: warning: unused variable \u2018s\u2019 [-Wunused-variable]\n   10 |       s[100000]; /* This may cause an internal compiler error due to size */\n      |       ^\n/usr/bin/ld: /usr/lib/gcc/x86_64-linux-gnu/11/../../../x86_64-linux-gnu/Scrt1.o: in function `_start':\n(.text+0x1b): undefined reference to `main'\n/usr/bin/ld: /tmp/ccPUwZd2.o: in function `_main':\ngenerated_program_2025-05-15_14-10-07-654.c:(.text+0x4c): undefined reference to `___stack_chk_fail'\ncollect2: error: ld returned 1 exit status",
            "solution": "Report to maintainers with minimal reproducer",
            "severity": "Critical",
            "gcc_version": "11.4.0",
            "compiler_flags": [
                "-fleading-underscore",
                "-Wall",
                "-Wextra",
                "-pedantic"
            ],
            "bug_pattern": "ICE - internal compiler error[:,-]?\\s*(.+)"
        },
        "debugging_tips": [
            "Review compiler output for specific error details"
        ],
        "flags_used": [
            "-fleading-underscore",
            "-Wall",
            "-Wextra",
            "-pedantic"
        ]
    },
    {
        "filename": "Output/2025-05-15_14-10-07-588/Generated_Programs/generated_program_2025-05-15_14-10-07-654.c",
        "language": "c",
        "standard": "-std=gnu89",
        "flags": [
            "-m32",
            "-Wall",
            "-Wextra",
            "-pedantic",
            "-Wconversion",
            "-Wshadow"
        ],
        "command": "gcc-11 -std=gnu89 -m32 -Wall -Wextra -pedantic -Wconversion -Wshadow Output/2025-05-15_14-10-07-588/Generated_Programs/generated_program_2025-05-15_14-10-07-654.c -o Output/2025-05-15_14-10-07-588/Generated_Programs/Compiled/generated_program_2025-05-15_14-10-07-654.c_gnu89_0356.o",
        "status": "Failed",
        "error": "Output/2025-05-15_14-10-07-588/Generated_Programs/generated_program_2025-05-15_14-10-07-654.c: In function \u2018main\u2019:\nOutput/2025-05-15_14-10-07-588/Generated_Programs/generated_program_2025-05-15_14-10-07-654.c:10:7: warning: unused variable \u2018s\u2019 [-Wunused-variable]\n   10 |       s[100000]; /* This may cause an internal compiler error due to size */\n      |       ^\n/usr/bin/ld: cannot find Scrt1.o: No such file or directory\n/usr/bin/ld: cannot find crti.o: No such file or directory\n/usr/bin/ld: skipping incompatible /usr/lib/gcc/x86_64-linux-gnu/11/libgcc.a when searching for -lgcc\n/usr/bin/ld: cannot find -lgcc: No such file or directory\n/usr/bin/ld: skipping incompatible /usr/lib/gcc/x86_64-linux-gnu/11/libgcc.a when searching for -lgcc\n/usr/bin/ld: cannot find -lgcc: No such file or directory\ncollect2: error: ld returned 1 exit status\n",
        "crash_reason": "Compiler Internal Error (ICE)",
        "compiler": "gcc-11",
        "readable_error": {
            "summary": "Compiler Internal Failure",
            "details": "Output/2025-05-15_14-10-07-588/Generated_Programs/generated_program_2025-05-15_14-10-07-654.c: In function \u2018main\u2019:\nOutput/2025-05-15_14-10-07-588/Generated_Programs/generated_program_2025-05-15_14-10-07-654.c:10:7: warning: unused variable \u2018s\u2019 [-Wunused-variable]\n   10 |       s[100000]; /* This may cause an internal compiler error due to size */\n      |       ^\n/usr/bin/ld: cannot find Scrt1.o: No such file or directory\n/usr/bin/ld: cannot find crti.o: No such file or directory\n/usr/bin/ld: skipping incompatible /usr/lib/gcc/x86_64-linux-gnu/11/libgcc.a when searching for -lgcc\n/usr/bin/ld: cannot find -lgcc: No such file or directory\n/usr/bin/ld: skipping incompatible /usr/lib/gcc/x86_64-linux-gnu/11/libgcc.a when searching for -lgcc\n/usr/bin/ld: cannot find -lgcc: No such file or directory\ncollect2: error: ld returned 1 exit status",
            "solution": "Report to maintainers with minimal reproducer",
            "severity": "Critical",
            "gcc_version": "11.4.0",
            "compiler_flags": [
                "-m32",
                "-Wall",
                "-Wextra",
                "-pedantic",
                "-Wconversion",
                "-Wshadow"
            ],
            "bug_pattern": "ICE - internal compiler error[:,-]?\\s*(.+)"
        },
        "debugging_tips": [
            "Review compiler output for specific error details"
        ],
        "flags_used": [
            "-m32",
            "-Wall",
            "-Wextra",
            "-pedantic",
            "-Wconversion",
            "-Wshadow"
        ]
    },
    {
        "filename": "Output/2025-05-15_14-10-07-588/Generated_Programs/generated_program_2025-05-15_14-10-07-654.c",
        "language": "c",
        "standard": "-std=gnu89",
        "flags": [
            "-mx32",
            "-Wall",
            "-Wextra",
            "-pedantic",
            "-Wconversion",
            "-Wshadow"
        ],
        "command": "gcc-11 -std=gnu89 -mx32 -Wall -Wextra -pedantic -Wconversion -Wshadow Output/2025-05-15_14-10-07-588/Generated_Programs/generated_program_2025-05-15_14-10-07-654.c -o Output/2025-05-15_14-10-07-588/Generated_Programs/Compiled/generated_program_2025-05-15_14-10-07-654.c_gnu89_0287.o",
        "status": "Failed",
        "error": "Output/2025-05-15_14-10-07-588/Generated_Programs/generated_program_2025-05-15_14-10-07-654.c: In function \u2018main\u2019:\nOutput/2025-05-15_14-10-07-588/Generated_Programs/generated_program_2025-05-15_14-10-07-654.c:10:7: warning: unused variable \u2018s\u2019 [-Wunused-variable]\n   10 |       s[100000]; /* This may cause an internal compiler error due to size */\n      |       ^\n/usr/bin/ld: cannot find Scrt1.o: No such file or directory\n/usr/bin/ld: cannot find crti.o: No such file or directory\n/usr/bin/ld: skipping incompatible /usr/lib/gcc/x86_64-linux-gnu/11/libgcc.a when searching for -lgcc\n/usr/bin/ld: cannot find -lgcc: No such file or directory\n/usr/bin/ld: skipping incompatible /lib/i386-linux-gnu/libgcc_s.so.1 when searching for libgcc_s.so.1\n/usr/bin/ld: skipping incompatible /usr/lib/i386-linux-gnu/libgcc_s.so.1 when searching for libgcc_s.so.1\n/usr/bin/ld: skipping incompatible /usr/lib/x86_64-linux-gnu/libgcc_s.so.1 when searching for libgcc_s.so.1\n/usr/bin/ld: cannot find libgcc_s.so.1: No such file or directory\n/usr/bin/ld: skipping incompatible /lib/i386-linux-gnu/libgcc_s.so.1 when searching for libgcc_s.so.1\n/usr/bin/ld: skipping incompatible /usr/lib/i386-linux-gnu/libgcc_s.so.1 when searching for libgcc_s.so.1\n/usr/bin/ld: skipping incompatible /usr/lib/x86_64-linux-gnu/libgcc_s.so.1 when searching for libgcc_s.so.1\n/usr/bin/ld: skipping incompatible /usr/lib/gcc/x86_64-linux-gnu/11/libgcc.a when searching for -lgcc\n/usr/bin/ld: cannot find -lgcc: No such file or directory\ncollect2: error: ld returned 1 exit status\n",
        "crash_reason": "Compiler Internal Error (ICE)",
        "compiler": "gcc-11",
        "readable_error": {
            "summary": "Compiler Internal Failure",
            "details": "Output/2025-05-15_14-10-07-588/Generated_Programs/generated_program_2025-05-15_14-10-07-654.c: In function \u2018main\u2019:\nOutput/2025-05-15_14-10-07-588/Generated_Programs/generated_program_2025-05-15_14-10-07-654.c:10:7: warning: unused variable \u2018s\u2019 [-Wunused-variable]\n   10 |       s[100000]; /* This may cause an internal compiler error due to size */\n      |       ^\n/usr/bin/ld: cannot find Scrt1.o: No such file or directory\n/usr/bin/ld: cannot find crti.o: No such file or directory\n/usr/bin/ld: skipping incompatible /usr/lib/gcc/x86_64-linux-gnu/11/libgcc.a when searching for -lgcc\n/usr/bin/ld: cannot find -lgcc: No such file or directory\n/usr/bin/ld: skipping incompatible /lib/i386-linux-gnu/libgcc_s.so.1 when searching for libgcc_s.so.1\n/usr/bin/ld: skipping incompatible /usr/lib/i386-linux-gnu/libgcc_s.so.1 when searching for libgcc_s.so.1\n/usr/bin/ld: skipping incompatible /usr/lib/x86_64-linux-gnu/libgcc_s.so.1 when searching for libgcc_s.so.1\n/usr/bin/ld: cannot find libgcc_s.so.1: No such file or directory\n/usr/bin/ld: skipping incompatible /lib/i386-linux-gnu/libgcc_s.so.1 when searching for libgcc_s.so.1\n/usr/bin/ld: skipping incompatible /usr/lib/i386-linux-gnu/libgcc_s.so.1 when searching for libgcc_s.so.1\n/usr/bin/ld: skipping incompatible /usr/lib/x86_64-linux-gnu/libgcc_s.so.1 when searching for libgcc_s.so.1\n/usr/bin/ld: skipping incompatible /usr/lib/gcc/x86_64-linux-gnu/11/libgcc.a when searching for -lgcc\n/usr/bin/ld: cannot find -lgcc: No such file or directory\ncollect2: error: ld returned 1 exit status",
            "solution": "Report to maintainers with minimal reproducer",
            "severity": "Critical",
            "gcc_version": "11.4.0",
            "compiler_flags": [
                "-mx32",
                "-Wall",
                "-Wextra",
                "-pedantic",
                "-Wconversion",
                "-Wshadow"
            ],
            "bug_pattern": "ICE - internal compiler error[:,-]?\\s*(.+)"
        },
        "debugging_tips": [
            "Review compiler output for specific error details"
        ],
        "flags_used": [
            "-mx32",
            "-Wall",
            "-Wextra",
            "-pedantic",
            "-Wconversion",
            "-Wshadow"
        ]
    },
    {
        "filename": "Output/2025-05-15_14-10-07-588/Generated_Programs/generated_program_2025-05-15_14-10-07-654.c",
        "language": "c",
        "standard": "-std=gnu89",
        "flags": [
            "-fleading-underscore",
            "-Wall",
            "-Wextra",
            "-pedantic"
        ],
        "command": "gcc-11 -std=gnu89 -fleading-underscore -Wall -Wextra -pedantic Output/2025-05-15_14-10-07-588/Generated_Programs/generated_program_2025-05-15_14-10-07-654.c -o Output/2025-05-15_14-10-07-588/Generated_Programs/Compiled/generated_program_2025-05-15_14-10-07-654.c_gnu89_0897.o",
        "status": "Failed",
        "error": "Output/2025-05-15_14-10-07-588/Generated_Programs/generated_program_2025-05-15_14-10-07-654.c: In function \u2018main\u2019:\nOutput/2025-05-15_14-10-07-588/Generated_Programs/generated_program_2025-05-15_14-10-07-654.c:10:7: warning: unused variable \u2018s\u2019 [-Wunused-variable]\n   10 |       s[100000]; /* This may cause an internal compiler error due to size */\n      |       ^\n/usr/bin/ld: /usr/lib/gcc/x86_64-linux-gnu/11/../../../x86_64-linux-gnu/Scrt1.o: in function `_start':\n(.text+0x1b): undefined reference to `main'\n/usr/bin/ld: /tmp/ccaX426m.o: in function `_main':\ngenerated_program_2025-05-15_14-10-07-654.c:(.text+0x4c): undefined reference to `___stack_chk_fail'\ncollect2: error: ld returned 1 exit status\n",
        "crash_reason": "Compiler Internal Error (ICE)",
        "compiler": "gcc-11",
        "readable_error": {
            "summary": "Compiler Internal Failure",
            "details": "Output/2025-05-15_14-10-07-588/Generated_Programs/generated_program_2025-05-15_14-10-07-654.c: In function \u2018main\u2019:\nOutput/2025-05-15_14-10-07-588/Generated_Programs/generated_program_2025-05-15_14-10-07-654.c:10:7: warning: unused variable \u2018s\u2019 [-Wunused-variable]\n   10 |       s[100000]; /* This may cause an internal compiler error due to size */\n      |       ^\n/usr/bin/ld: /usr/lib/gcc/x86_64-linux-gnu/11/../../../x86_64-linux-gnu/Scrt1.o: in function `_start':\n(.text+0x1b): undefined reference to `main'\n/usr/bin/ld: /tmp/ccaX426m.o: in function `_main':\ngenerated_program_2025-05-15_14-10-07-654.c:(.text+0x4c): undefined reference to `___stack_chk_fail'\ncollect2: error: ld returned 1 exit status",
            "solution": "Report to maintainers with minimal reproducer",
            "severity": "Critical",
            "gcc_version": "11.4.0",
            "compiler_flags": [
                "-fleading-underscore",
                "-Wall",
                "-Wextra",
                "-pedantic"
            ],
            "bug_pattern": "ICE - internal compiler error[:,-]?\\s*(.+)"
        },
        "debugging_tips": [
            "Review compiler output for specific error details"
        ],
        "flags_used": [
            "-fleading-underscore",
            "-Wall",
            "-Wextra",
            "-pedantic"
        ]
    },
    {
        "filename": "Output/2025-05-15_14-10-07-588/Generated_Programs/generated_program_2025-05-15_14-10-07-654.c",
        "language": "c",
        "standard": "-std=c99",
        "flags": [
            "-m32",
            "-Wall",
            "-Wextra",
            "-pedantic",
            "-Wconversion",
            "-Wshadow"
        ],
        "command": "gcc-11 -std=c99 -m32 -Wall -Wextra -pedantic -Wconversion -Wshadow Output/2025-05-15_14-10-07-588/Generated_Programs/generated_program_2025-05-15_14-10-07-654.c -o Output/2025-05-15_14-10-07-588/Generated_Programs/Compiled/generated_program_2025-05-15_14-10-07-654.c_c99_0356.o",
        "status": "Failed",
        "error": "Output/2025-05-15_14-10-07-588/Generated_Programs/generated_program_2025-05-15_14-10-07-654.c: In function \u2018main\u2019:\nOutput/2025-05-15_14-10-07-588/Generated_Programs/generated_program_2025-05-15_14-10-07-654.c:10:7: warning: unused variable \u2018s\u2019 [-Wunused-variable]\n   10 |       s[100000]; /* This may cause an internal compiler error due to size */\n      |       ^\n/usr/bin/ld: cannot find Scrt1.o: No such file or directory\n/usr/bin/ld: cannot find crti.o: No such file or directory\n/usr/bin/ld: skipping incompatible /usr/lib/gcc/x86_64-linux-gnu/11/libgcc.a when searching for -lgcc\n/usr/bin/ld: cannot find -lgcc: No such file or directory\n/usr/bin/ld: skipping incompatible /usr/lib/gcc/x86_64-linux-gnu/11/libgcc.a when searching for -lgcc\n/usr/bin/ld: cannot find -lgcc: No such file or directory\ncollect2: error: ld returned 1 exit status\n",
        "crash_reason": "Compiler Internal Error (ICE)",
        "compiler": "gcc-11",
        "readable_error": {
            "summary": "Compiler Internal Failure",
            "details": "Output/2025-05-15_14-10-07-588/Generated_Programs/generated_program_2025-05-15_14-10-07-654.c: In function \u2018main\u2019:\nOutput/2025-05-15_14-10-07-588/Generated_Programs/generated_program_2025-05-15_14-10-07-654.c:10:7: warning: unused variable \u2018s\u2019 [-Wunused-variable]\n   10 |       s[100000]; /* This may cause an internal compiler error due to size */\n      |       ^\n/usr/bin/ld: cannot find Scrt1.o: No such file or directory\n/usr/bin/ld: cannot find crti.o: No such file or directory\n/usr/bin/ld: skipping incompatible /usr/lib/gcc/x86_64-linux-gnu/11/libgcc.a when searching for -lgcc\n/usr/bin/ld: cannot find -lgcc: No such file or directory\n/usr/bin/ld: skipping incompatible /usr/lib/gcc/x86_64-linux-gnu/11/libgcc.a when searching for -lgcc\n/usr/bin/ld: cannot find -lgcc: No such file or directory\ncollect2: error: ld returned 1 exit status",
            "solution": "Report to maintainers with minimal reproducer",
            "severity": "Critical",
            "gcc_version": "11.4.0",
            "compiler_flags": [
                "-m32",
                "-Wall",
                "-Wextra",
                "-pedantic",
                "-Wconversion",
                "-Wshadow"
            ],
            "bug_pattern": "ICE - internal compiler error[:,-]?\\s*(.+)"
        },
        "debugging_tips": [
            "Review compiler output for specific error details"
        ],
        "flags_used": [
            "-m32",
            "-Wall",
            "-Wextra",
            "-pedantic",
            "-Wconversion",
            "-Wshadow"
        ]
    },
    {
        "filename": "Output/2025-05-15_14-10-07-588/Generated_Programs/generated_program_2025-05-15_14-10-07-654.c",
        "language": "c",
        "standard": "-std=c99",
        "flags": [
            "-mx32",
            "-Wall",
            "-Wextra",
            "-pedantic",
            "-Wconversion",
            "-Wshadow"
        ],
        "command": "gcc-11 -std=c99 -mx32 -Wall -Wextra -pedantic -Wconversion -Wshadow Output/2025-05-15_14-10-07-588/Generated_Programs/generated_program_2025-05-15_14-10-07-654.c -o Output/2025-05-15_14-10-07-588/Generated_Programs/Compiled/generated_program_2025-05-15_14-10-07-654.c_c99_0287.o",
        "status": "Failed",
        "error": "Output/2025-05-15_14-10-07-588/Generated_Programs/generated_program_2025-05-15_14-10-07-654.c: In function \u2018main\u2019:\nOutput/2025-05-15_14-10-07-588/Generated_Programs/generated_program_2025-05-15_14-10-07-654.c:10:7: warning: unused variable \u2018s\u2019 [-Wunused-variable]\n   10 |       s[100000]; /* This may cause an internal compiler error due to size */\n      |       ^\n/usr/bin/ld: cannot find Scrt1.o: No such file or directory\n/usr/bin/ld: cannot find crti.o: No such file or directory\n/usr/bin/ld: skipping incompatible /usr/lib/gcc/x86_64-linux-gnu/11/libgcc.a when searching for -lgcc\n/usr/bin/ld: cannot find -lgcc: No such file or directory\n/usr/bin/ld: skipping incompatible /lib/i386-linux-gnu/libgcc_s.so.1 when searching for libgcc_s.so.1\n/usr/bin/ld: skipping incompatible /usr/lib/i386-linux-gnu/libgcc_s.so.1 when searching for libgcc_s.so.1\n/usr/bin/ld: skipping incompatible /usr/lib/x86_64-linux-gnu/libgcc_s.so.1 when searching for libgcc_s.so.1\n/usr/bin/ld: cannot find libgcc_s.so.1: No such file or directory\n/usr/bin/ld: skipping incompatible /lib/i386-linux-gnu/libgcc_s.so.1 when searching for libgcc_s.so.1\n/usr/bin/ld: skipping incompatible /usr/lib/i386-linux-gnu/libgcc_s.so.1 when searching for libgcc_s.so.1\n/usr/bin/ld: skipping incompatible /usr/lib/x86_64-linux-gnu/libgcc_s.so.1 when searching for libgcc_s.so.1\n/usr/bin/ld: skipping incompatible /usr/lib/gcc/x86_64-linux-gnu/11/libgcc.a when searching for -lgcc\n/usr/bin/ld: cannot find -lgcc: No such file or directory\ncollect2: error: ld returned 1 exit status\n",
        "crash_reason": "Compiler Internal Error (ICE)",
        "compiler": "gcc-11",
        "readable_error": {
            "summary": "Compiler Internal Failure",
            "details": "Output/2025-05-15_14-10-07-588/Generated_Programs/generated_program_2025-05-15_14-10-07-654.c: In function \u2018main\u2019:\nOutput/2025-05-15_14-10-07-588/Generated_Programs/generated_program_2025-05-15_14-10-07-654.c:10:7: warning: unused variable \u2018s\u2019 [-Wunused-variable]\n   10 |       s[100000]; /* This may cause an internal compiler error due to size */\n      |       ^\n/usr/bin/ld: cannot find Scrt1.o: No such file or directory\n/usr/bin/ld: cannot find crti.o: No such file or directory\n/usr/bin/ld: skipping incompatible /usr/lib/gcc/x86_64-linux-gnu/11/libgcc.a when searching for -lgcc\n/usr/bin/ld: cannot find -lgcc: No such file or directory\n/usr/bin/ld: skipping incompatible /lib/i386-linux-gnu/libgcc_s.so.1 when searching for libgcc_s.so.1\n/usr/bin/ld: skipping incompatible /usr/lib/i386-linux-gnu/libgcc_s.so.1 when searching for libgcc_s.so.1\n/usr/bin/ld: skipping incompatible /usr/lib/x86_64-linux-gnu/libgcc_s.so.1 when searching for libgcc_s.so.1\n/usr/bin/ld: cannot find libgcc_s.so.1: No such file or directory\n/usr/bin/ld: skipping incompatible /lib/i386-linux-gnu/libgcc_s.so.1 when searching for libgcc_s.so.1\n/usr/bin/ld: skipping incompatible /usr/lib/i386-linux-gnu/libgcc_s.so.1 when searching for libgcc_s.so.1\n/usr/bin/ld: skipping incompatible /usr/lib/x86_64-linux-gnu/libgcc_s.so.1 when searching for libgcc_s.so.1\n/usr/bin/ld: skipping incompatible /usr/lib/gcc/x86_64-linux-gnu/11/libgcc.a when searching for -lgcc\n/usr/bin/ld: cannot find -lgcc: No such file or directory\ncollect2: error: ld returned 1 exit status",
            "solution": "Report to maintainers with minimal reproducer",
            "severity": "Critical",
            "gcc_version": "11.4.0",
            "compiler_flags": [
                "-mx32",
                "-Wall",
                "-Wextra",
                "-pedantic",
                "-Wconversion",
                "-Wshadow"
            ],
            "bug_pattern": "ICE - internal compiler error[:,-]?\\s*(.+)"
        },
        "debugging_tips": [
            "Review compiler output for specific error details"
        ],
        "flags_used": [
            "-mx32",
            "-Wall",
            "-Wextra",
            "-pedantic",
            "-Wconversion",
            "-Wshadow"
        ]
    },
    {
        "filename": "Output/2025-05-15_14-10-07-588/Generated_Programs/generated_program_2025-05-15_14-10-07-654.c",
        "language": "c",
        "standard": "-std=c99",
        "flags": [
            "-fleading-underscore",
            "-Wall",
            "-Wextra",
            "-pedantic"
        ],
        "command": "gcc-11 -std=c99 -fleading-underscore -Wall -Wextra -pedantic Output/2025-05-15_14-10-07-588/Generated_Programs/generated_program_2025-05-15_14-10-07-654.c -o Output/2025-05-15_14-10-07-588/Generated_Programs/Compiled/generated_program_2025-05-15_14-10-07-654.c_c99_0897.o",
        "status": "Failed",
        "error": "Output/2025-05-15_14-10-07-588/Generated_Programs/generated_program_2025-05-15_14-10-07-654.c: In function \u2018main\u2019:\nOutput/2025-05-15_14-10-07-588/Generated_Programs/generated_program_2025-05-15_14-10-07-654.c:10:7: warning: unused variable \u2018s\u2019 [-Wunused-variable]\n   10 |       s[100000]; /* This may cause an internal compiler error due to size */\n      |       ^\n/usr/bin/ld: /usr/lib/gcc/x86_64-linux-gnu/11/../../../x86_64-linux-gnu/Scrt1.o: in function `_start':\n(.text+0x1b): undefined reference to `main'\n/usr/bin/ld: /tmp/ccB2aGfa.o: in function `_main':\ngenerated_program_2025-05-15_14-10-07-654.c:(.text+0x4c): undefined reference to `___stack_chk_fail'\ncollect2: error: ld returned 1 exit status\n",
        "crash_reason": "Compiler Internal Error (ICE)",
        "compiler": "gcc-11",
        "readable_error": {
            "summary": "Compiler Internal Failure",
            "details": "Output/2025-05-15_14-10-07-588/Generated_Programs/generated_program_2025-05-15_14-10-07-654.c: In function \u2018main\u2019:\nOutput/2025-05-15_14-10-07-588/Generated_Programs/generated_program_2025-05-15_14-10-07-654.c:10:7: warning: unused variable \u2018s\u2019 [-Wunused-variable]\n   10 |       s[100000]; /* This may cause an internal compiler error due to size */\n      |       ^\n/usr/bin/ld: /usr/lib/gcc/x86_64-linux-gnu/11/../../../x86_64-linux-gnu/Scrt1.o: in function `_start':\n(.text+0x1b): undefined reference to `main'\n/usr/bin/ld: /tmp/ccB2aGfa.o: in function `_main':\ngenerated_program_2025-05-15_14-10-07-654.c:(.text+0x4c): undefined reference to `___stack_chk_fail'\ncollect2: error: ld returned 1 exit status",
            "solution": "Report to maintainers with minimal reproducer",
            "severity": "Critical",
            "gcc_version": "11.4.0",
            "compiler_flags": [
                "-fleading-underscore",
                "-Wall",
                "-Wextra",
                "-pedantic"
            ],
            "bug_pattern": "ICE - internal compiler error[:,-]?\\s*(.+)"
        },
        "debugging_tips": [
            "Review compiler output for specific error details"
        ],
        "flags_used": [
            "-fleading-underscore",
            "-Wall",
            "-Wextra",
            "-pedantic"
        ]
    },
    {
        "filename": "Output/2025-05-15_14-10-07-588/Generated_Programs/generated_program_2025-05-15_14-10-07-654.c",
        "language": "c",
        "standard": "-std=gnu99",
        "flags": [
            "-m32",
            "-Wall",
            "-Wextra",
            "-pedantic",
            "-Wconversion",
            "-Wshadow"
        ],
        "command": "gcc-11 -std=gnu99 -m32 -Wall -Wextra -pedantic -Wconversion -Wshadow Output/2025-05-15_14-10-07-588/Generated_Programs/generated_program_2025-05-15_14-10-07-654.c -o Output/2025-05-15_14-10-07-588/Generated_Programs/Compiled/generated_program_2025-05-15_14-10-07-654.c_gnu99_0356.o",
        "status": "Failed",
        "error": "Output/2025-05-15_14-10-07-588/Generated_Programs/generated_program_2025-05-15_14-10-07-654.c: In function \u2018main\u2019:\nOutput/2025-05-15_14-10-07-588/Generated_Programs/generated_program_2025-05-15_14-10-07-654.c:10:7: warning: unused variable \u2018s\u2019 [-Wunused-variable]\n   10 |       s[100000]; /* This may cause an internal compiler error due to size */\n      |       ^\n/usr/bin/ld: cannot find Scrt1.o: No such file or directory\n/usr/bin/ld: cannot find crti.o: No such file or directory\n/usr/bin/ld: skipping incompatible /usr/lib/gcc/x86_64-linux-gnu/11/libgcc.a when searching for -lgcc\n/usr/bin/ld: cannot find -lgcc: No such file or directory\n/usr/bin/ld: skipping incompatible /usr/lib/gcc/x86_64-linux-gnu/11/libgcc.a when searching for -lgcc\n/usr/bin/ld: cannot find -lgcc: No such file or directory\ncollect2: error: ld returned 1 exit status\n",
        "crash_reason": "Compiler Internal Error (ICE)",
        "compiler": "gcc-11",
        "readable_error": {
            "summary": "Compiler Internal Failure",
            "details": "Output/2025-05-15_14-10-07-588/Generated_Programs/generated_program_2025-05-15_14-10-07-654.c: In function \u2018main\u2019:\nOutput/2025-05-15_14-10-07-588/Generated_Programs/generated_program_2025-05-15_14-10-07-654.c:10:7: warning: unused variable \u2018s\u2019 [-Wunused-variable]\n   10 |       s[100000]; /* This may cause an internal compiler error due to size */\n      |       ^\n/usr/bin/ld: cannot find Scrt1.o: No such file or directory\n/usr/bin/ld: cannot find crti.o: No such file or directory\n/usr/bin/ld: skipping incompatible /usr/lib/gcc/x86_64-linux-gnu/11/libgcc.a when searching for -lgcc\n/usr/bin/ld: cannot find -lgcc: No such file or directory\n/usr/bin/ld: skipping incompatible /usr/lib/gcc/x86_64-linux-gnu/11/libgcc.a when searching for -lgcc\n/usr/bin/ld: cannot find -lgcc: No such file or directory\ncollect2: error: ld returned 1 exit status",
            "solution": "Report to maintainers with minimal reproducer",
            "severity": "Critical",
            "gcc_version": "11.4.0",
            "compiler_flags": [
                "-m32",
                "-Wall",
                "-Wextra",
                "-pedantic",
                "-Wconversion",
                "-Wshadow"
            ],
            "bug_pattern": "ICE - internal compiler error[:,-]?\\s*(.+)"
        },
        "debugging_tips": [
            "Review compiler output for specific error details"
        ],
        "flags_used": [
            "-m32",
            "-Wall",
            "-Wextra",
            "-pedantic",
            "-Wconversion",
            "-Wshadow"
        ]
    },
    {
        "filename": "Output/2025-05-15_14-10-07-588/Generated_Programs/generated_program_2025-05-15_14-10-07-654.c",
        "language": "c",
        "standard": "-std=gnu99",
        "flags": [
            "-mx32",
            "-Wall",
            "-Wextra",
            "-pedantic",
            "-Wconversion",
            "-Wshadow"
        ],
        "command": "gcc-11 -std=gnu99 -mx32 -Wall -Wextra -pedantic -Wconversion -Wshadow Output/2025-05-15_14-10-07-588/Generated_Programs/generated_program_2025-05-15_14-10-07-654.c -o Output/2025-05-15_14-10-07-588/Generated_Programs/Compiled/generated_program_2025-05-15_14-10-07-654.c_gnu99_0287.o",
        "status": "Failed",
        "error": "Output/2025-05-15_14-10-07-588/Generated_Programs/generated_program_2025-05-15_14-10-07-654.c: In function \u2018main\u2019:\nOutput/2025-05-15_14-10-07-588/Generated_Programs/generated_program_2025-05-15_14-10-07-654.c:10:7: warning: unused variable \u2018s\u2019 [-Wunused-variable]\n   10 |       s[100000]; /* This may cause an internal compiler error due to size */\n      |       ^\n/usr/bin/ld: cannot find Scrt1.o: No such file or directory\n/usr/bin/ld: cannot find crti.o: No such file or directory\n/usr/bin/ld: skipping incompatible /usr/lib/gcc/x86_64-linux-gnu/11/libgcc.a when searching for -lgcc\n/usr/bin/ld: cannot find -lgcc: No such file or directory\n/usr/bin/ld: skipping incompatible /lib/i386-linux-gnu/libgcc_s.so.1 when searching for libgcc_s.so.1\n/usr/bin/ld: skipping incompatible /usr/lib/i386-linux-gnu/libgcc_s.so.1 when searching for libgcc_s.so.1\n/usr/bin/ld: skipping incompatible /usr/lib/x86_64-linux-gnu/libgcc_s.so.1 when searching for libgcc_s.so.1\n/usr/bin/ld: cannot find libgcc_s.so.1: No such file or directory\n/usr/bin/ld: skipping incompatible /lib/i386-linux-gnu/libgcc_s.so.1 when searching for libgcc_s.so.1\n/usr/bin/ld: skipping incompatible /usr/lib/i386-linux-gnu/libgcc_s.so.1 when searching for libgcc_s.so.1\n/usr/bin/ld: skipping incompatible /usr/lib/x86_64-linux-gnu/libgcc_s.so.1 when searching for libgcc_s.so.1\n/usr/bin/ld: skipping incompatible /usr/lib/gcc/x86_64-linux-gnu/11/libgcc.a when searching for -lgcc\n/usr/bin/ld: cannot find -lgcc: No such file or directory\ncollect2: error: ld returned 1 exit status\n",
        "crash_reason": "Compiler Internal Error (ICE)",
        "compiler": "gcc-11",
        "readable_error": {
            "summary": "Compiler Internal Failure",
            "details": "Output/2025-05-15_14-10-07-588/Generated_Programs/generated_program_2025-05-15_14-10-07-654.c: In function \u2018main\u2019:\nOutput/2025-05-15_14-10-07-588/Generated_Programs/generated_program_2025-05-15_14-10-07-654.c:10:7: warning: unused variable \u2018s\u2019 [-Wunused-variable]\n   10 |       s[100000]; /* This may cause an internal compiler error due to size */\n      |       ^\n/usr/bin/ld: cannot find Scrt1.o: No such file or directory\n/usr/bin/ld: cannot find crti.o: No such file or directory\n/usr/bin/ld: skipping incompatible /usr/lib/gcc/x86_64-linux-gnu/11/libgcc.a when searching for -lgcc\n/usr/bin/ld: cannot find -lgcc: No such file or directory\n/usr/bin/ld: skipping incompatible /lib/i386-linux-gnu/libgcc_s.so.1 when searching for libgcc_s.so.1\n/usr/bin/ld: skipping incompatible /usr/lib/i386-linux-gnu/libgcc_s.so.1 when searching for libgcc_s.so.1\n/usr/bin/ld: skipping incompatible /usr/lib/x86_64-linux-gnu/libgcc_s.so.1 when searching for libgcc_s.so.1\n/usr/bin/ld: cannot find libgcc_s.so.1: No such file or directory\n/usr/bin/ld: skipping incompatible /lib/i386-linux-gnu/libgcc_s.so.1 when searching for libgcc_s.so.1\n/usr/bin/ld: skipping incompatible /usr/lib/i386-linux-gnu/libgcc_s.so.1 when searching for libgcc_s.so.1\n/usr/bin/ld: skipping incompatible /usr/lib/x86_64-linux-gnu/libgcc_s.so.1 when searching for libgcc_s.so.1\n/usr/bin/ld: skipping incompatible /usr/lib/gcc/x86_64-linux-gnu/11/libgcc.a when searching for -lgcc\n/usr/bin/ld: cannot find -lgcc: No such file or directory\ncollect2: error: ld returned 1 exit status",
            "solution": "Report to maintainers with minimal reproducer",
            "severity": "Critical",
            "gcc_version": "11.4.0",
            "compiler_flags": [
                "-mx32",
                "-Wall",
                "-Wextra",
                "-pedantic",
                "-Wconversion",
                "-Wshadow"
            ],
            "bug_pattern": "ICE - internal compiler error[:,-]?\\s*(.+)"
        },
        "debugging_tips": [
            "Review compiler output for specific error details"
        ],
        "flags_used": [
            "-mx32",
            "-Wall",
            "-Wextra",
            "-pedantic",
            "-Wconversion",
            "-Wshadow"
        ]
    },
    {
        "filename": "Output/2025-05-15_14-10-07-588/Generated_Programs/generated_program_2025-05-15_14-10-07-654.c",
        "language": "c",
        "standard": "-std=gnu99",
        "flags": [
            "-fleading-underscore",
            "-Wall",
            "-Wextra",
            "-pedantic"
        ],
        "command": "gcc-11 -std=gnu99 -fleading-underscore -Wall -Wextra -pedantic Output/2025-05-15_14-10-07-588/Generated_Programs/generated_program_2025-05-15_14-10-07-654.c -o Output/2025-05-15_14-10-07-588/Generated_Programs/Compiled/generated_program_2025-05-15_14-10-07-654.c_gnu99_0897.o",
        "status": "Failed",
        "error": "Output/2025-05-15_14-10-07-588/Generated_Programs/generated_program_2025-05-15_14-10-07-654.c: In function \u2018main\u2019:\nOutput/2025-05-15_14-10-07-588/Generated_Programs/generated_program_2025-05-15_14-10-07-654.c:10:7: warning: unused variable \u2018s\u2019 [-Wunused-variable]\n   10 |       s[100000]; /* This may cause an internal compiler error due to size */\n      |       ^\n/usr/bin/ld: /usr/lib/gcc/x86_64-linux-gnu/11/../../../x86_64-linux-gnu/Scrt1.o: in function `_start':\n(.text+0x1b): undefined reference to `main'\n/usr/bin/ld: /tmp/ccHu1n1p.o: in function `_main':\ngenerated_program_2025-05-15_14-10-07-654.c:(.text+0x4c): undefined reference to `___stack_chk_fail'\ncollect2: error: ld returned 1 exit status\n",
        "crash_reason": "Compiler Internal Error (ICE)",
        "compiler": "gcc-11",
        "readable_error": {
            "summary": "Compiler Internal Failure",
            "details": "Output/2025-05-15_14-10-07-588/Generated_Programs/generated_program_2025-05-15_14-10-07-654.c: In function \u2018main\u2019:\nOutput/2025-05-15_14-10-07-588/Generated_Programs/generated_program_2025-05-15_14-10-07-654.c:10:7: warning: unused variable \u2018s\u2019 [-Wunused-variable]\n   10 |       s[100000]; /* This may cause an internal compiler error due to size */\n      |       ^\n/usr/bin/ld: /usr/lib/gcc/x86_64-linux-gnu/11/../../../x86_64-linux-gnu/Scrt1.o: in function `_start':\n(.text+0x1b): undefined reference to `main'\n/usr/bin/ld: /tmp/ccHu1n1p.o: in function `_main':\ngenerated_program_2025-05-15_14-10-07-654.c:(.text+0x4c): undefined reference to `___stack_chk_fail'\ncollect2: error: ld returned 1 exit status",
            "solution": "Report to maintainers with minimal reproducer",
            "severity": "Critical",
            "gcc_version": "11.4.0",
            "compiler_flags": [
                "-fleading-underscore",
                "-Wall",
                "-Wextra",
                "-pedantic"
            ],
            "bug_pattern": "ICE - internal compiler error[:,-]?\\s*(.+)"
        },
        "debugging_tips": [
            "Review compiler output for specific error details"
        ],
        "flags_used": [
            "-fleading-underscore",
            "-Wall",
            "-Wextra",
            "-pedantic"
        ]
    },
    {
        "filename": "Output/2025-05-15_14-10-07-588/Generated_Programs/generated_program_2025-05-15_14-10-07-654.c",
        "language": "c",
        "standard": "-std=c11",
        "flags": [
            "-m32",
            "-Wall",
            "-Wextra",
            "-pedantic",
            "-Wconversion",
            "-Wshadow"
        ],
        "command": "gcc-11 -std=c11 -m32 -Wall -Wextra -pedantic -Wconversion -Wshadow Output/2025-05-15_14-10-07-588/Generated_Programs/generated_program_2025-05-15_14-10-07-654.c -o Output/2025-05-15_14-10-07-588/Generated_Programs/Compiled/generated_program_2025-05-15_14-10-07-654.c_c11_0356.o",
        "status": "Failed",
        "error": "Output/2025-05-15_14-10-07-588/Generated_Programs/generated_program_2025-05-15_14-10-07-654.c: In function \u2018main\u2019:\nOutput/2025-05-15_14-10-07-588/Generated_Programs/generated_program_2025-05-15_14-10-07-654.c:10:7: warning: unused variable \u2018s\u2019 [-Wunused-variable]\n   10 |       s[100000]; /* This may cause an internal compiler error due to size */\n      |       ^\n/usr/bin/ld: cannot find Scrt1.o: No such file or directory\n/usr/bin/ld: cannot find crti.o: No such file or directory\n/usr/bin/ld: skipping incompatible /usr/lib/gcc/x86_64-linux-gnu/11/libgcc.a when searching for -lgcc\n/usr/bin/ld: cannot find -lgcc: No such file or directory\n/usr/bin/ld: skipping incompatible /usr/lib/gcc/x86_64-linux-gnu/11/libgcc.a when searching for -lgcc\n/usr/bin/ld: cannot find -lgcc: No such file or directory\ncollect2: error: ld returned 1 exit status\n",
        "crash_reason": "Compiler Internal Error (ICE)",
        "compiler": "gcc-11",
        "readable_error": {
            "summary": "Compiler Internal Failure",
            "details": "Output/2025-05-15_14-10-07-588/Generated_Programs/generated_program_2025-05-15_14-10-07-654.c: In function \u2018main\u2019:\nOutput/2025-05-15_14-10-07-588/Generated_Programs/generated_program_2025-05-15_14-10-07-654.c:10:7: warning: unused variable \u2018s\u2019 [-Wunused-variable]\n   10 |       s[100000]; /* This may cause an internal compiler error due to size */\n      |       ^\n/usr/bin/ld: cannot find Scrt1.o: No such file or directory\n/usr/bin/ld: cannot find crti.o: No such file or directory\n/usr/bin/ld: skipping incompatible /usr/lib/gcc/x86_64-linux-gnu/11/libgcc.a when searching for -lgcc\n/usr/bin/ld: cannot find -lgcc: No such file or directory\n/usr/bin/ld: skipping incompatible /usr/lib/gcc/x86_64-linux-gnu/11/libgcc.a when searching for -lgcc\n/usr/bin/ld: cannot find -lgcc: No such file or directory\ncollect2: error: ld returned 1 exit status",
            "solution": "Report to maintainers with minimal reproducer",
            "severity": "Critical",
            "gcc_version": "11.4.0",
            "compiler_flags": [
                "-m32",
                "-Wall",
                "-Wextra",
                "-pedantic",
                "-Wconversion",
                "-Wshadow"
            ],
            "bug_pattern": "ICE - internal compiler error[:,-]?\\s*(.+)"
        },
        "debugging_tips": [
            "Review compiler output for specific error details"
        ],
        "flags_used": [
            "-m32",
            "-Wall",
            "-Wextra",
            "-pedantic",
            "-Wconversion",
            "-Wshadow"
        ]
    },
    {
        "filename": "Output/2025-05-15_14-10-07-588/Generated_Programs/generated_program_2025-05-15_14-10-07-654.c",
        "language": "c",
        "standard": "-std=c11",
        "flags": [
            "-mx32",
            "-Wall",
            "-Wextra",
            "-pedantic",
            "-Wconversion",
            "-Wshadow"
        ],
        "command": "gcc-11 -std=c11 -mx32 -Wall -Wextra -pedantic -Wconversion -Wshadow Output/2025-05-15_14-10-07-588/Generated_Programs/generated_program_2025-05-15_14-10-07-654.c -o Output/2025-05-15_14-10-07-588/Generated_Programs/Compiled/generated_program_2025-05-15_14-10-07-654.c_c11_0287.o",
        "status": "Failed",
        "error": "Output/2025-05-15_14-10-07-588/Generated_Programs/generated_program_2025-05-15_14-10-07-654.c: In function \u2018main\u2019:\nOutput/2025-05-15_14-10-07-588/Generated_Programs/generated_program_2025-05-15_14-10-07-654.c:10:7: warning: unused variable \u2018s\u2019 [-Wunused-variable]\n   10 |       s[100000]; /* This may cause an internal compiler error due to size */\n      |       ^\n/usr/bin/ld: cannot find Scrt1.o: No such file or directory\n/usr/bin/ld: cannot find crti.o: No such file or directory\n/usr/bin/ld: skipping incompatible /usr/lib/gcc/x86_64-linux-gnu/11/libgcc.a when searching for -lgcc\n/usr/bin/ld: cannot find -lgcc: No such file or directory\n/usr/bin/ld: skipping incompatible /lib/i386-linux-gnu/libgcc_s.so.1 when searching for libgcc_s.so.1\n/usr/bin/ld: skipping incompatible /usr/lib/i386-linux-gnu/libgcc_s.so.1 when searching for libgcc_s.so.1\n/usr/bin/ld: skipping incompatible /usr/lib/x86_64-linux-gnu/libgcc_s.so.1 when searching for libgcc_s.so.1\n/usr/bin/ld: cannot find libgcc_s.so.1: No such file or directory\n/usr/bin/ld: skipping incompatible /lib/i386-linux-gnu/libgcc_s.so.1 when searching for libgcc_s.so.1\n/usr/bin/ld: skipping incompatible /usr/lib/i386-linux-gnu/libgcc_s.so.1 when searching for libgcc_s.so.1\n/usr/bin/ld: skipping incompatible /usr/lib/x86_64-linux-gnu/libgcc_s.so.1 when searching for libgcc_s.so.1\n/usr/bin/ld: skipping incompatible /usr/lib/gcc/x86_64-linux-gnu/11/libgcc.a when searching for -lgcc\n/usr/bin/ld: cannot find -lgcc: No such file or directory\ncollect2: error: ld returned 1 exit status\n",
        "crash_reason": "Compiler Internal Error (ICE)",
        "compiler": "gcc-11",
        "readable_error": {
            "summary": "Compiler Internal Failure",
            "details": "Output/2025-05-15_14-10-07-588/Generated_Programs/generated_program_2025-05-15_14-10-07-654.c: In function \u2018main\u2019:\nOutput/2025-05-15_14-10-07-588/Generated_Programs/generated_program_2025-05-15_14-10-07-654.c:10:7: warning: unused variable \u2018s\u2019 [-Wunused-variable]\n   10 |       s[100000]; /* This may cause an internal compiler error due to size */\n      |       ^\n/usr/bin/ld: cannot find Scrt1.o: No such file or directory\n/usr/bin/ld: cannot find crti.o: No such file or directory\n/usr/bin/ld: skipping incompatible /usr/lib/gcc/x86_64-linux-gnu/11/libgcc.a when searching for -lgcc\n/usr/bin/ld: cannot find -lgcc: No such file or directory\n/usr/bin/ld: skipping incompatible /lib/i386-linux-gnu/libgcc_s.so.1 when searching for libgcc_s.so.1\n/usr/bin/ld: skipping incompatible /usr/lib/i386-linux-gnu/libgcc_s.so.1 when searching for libgcc_s.so.1\n/usr/bin/ld: skipping incompatible /usr/lib/x86_64-linux-gnu/libgcc_s.so.1 when searching for libgcc_s.so.1\n/usr/bin/ld: cannot find libgcc_s.so.1: No such file or directory\n/usr/bin/ld: skipping incompatible /lib/i386-linux-gnu/libgcc_s.so.1 when searching for libgcc_s.so.1\n/usr/bin/ld: skipping incompatible /usr/lib/i386-linux-gnu/libgcc_s.so.1 when searching for libgcc_s.so.1\n/usr/bin/ld: skipping incompatible /usr/lib/x86_64-linux-gnu/libgcc_s.so.1 when searching for libgcc_s.so.1\n/usr/bin/ld: skipping incompatible /usr/lib/gcc/x86_64-linux-gnu/11/libgcc.a when searching for -lgcc\n/usr/bin/ld: cannot find -lgcc: No such file or directory\ncollect2: error: ld returned 1 exit status",
            "solution": "Report to maintainers with minimal reproducer",
            "severity": "Critical",
            "gcc_version": "11.4.0",
            "compiler_flags": [
                "-mx32",
                "-Wall",
                "-Wextra",
                "-pedantic",
                "-Wconversion",
                "-Wshadow"
            ],
            "bug_pattern": "ICE - internal compiler error[:,-]?\\s*(.+)"
        },
        "debugging_tips": [
            "Review compiler output for specific error details"
        ],
        "flags_used": [
            "-mx32",
            "-Wall",
            "-Wextra",
            "-pedantic",
            "-Wconversion",
            "-Wshadow"
        ]
    },
    {
        "filename": "Output/2025-05-15_14-10-07-588/Generated_Programs/generated_program_2025-05-15_14-10-07-654.c",
        "language": "c",
        "standard": "-std=c11",
        "flags": [
            "-fleading-underscore",
            "-Wall",
            "-Wextra",
            "-pedantic"
        ],
        "command": "gcc-11 -std=c11 -fleading-underscore -Wall -Wextra -pedantic Output/2025-05-15_14-10-07-588/Generated_Programs/generated_program_2025-05-15_14-10-07-654.c -o Output/2025-05-15_14-10-07-588/Generated_Programs/Compiled/generated_program_2025-05-15_14-10-07-654.c_c11_0897.o",
        "status": "Failed",
        "error": "Output/2025-05-15_14-10-07-588/Generated_Programs/generated_program_2025-05-15_14-10-07-654.c: In function \u2018main\u2019:\nOutput/2025-05-15_14-10-07-588/Generated_Programs/generated_program_2025-05-15_14-10-07-654.c:10:7: warning: unused variable \u2018s\u2019 [-Wunused-variable]\n   10 |       s[100000]; /* This may cause an internal compiler error due to size */\n      |       ^\n/usr/bin/ld: /usr/lib/gcc/x86_64-linux-gnu/11/../../../x86_64-linux-gnu/Scrt1.o: in function `_start':\n(.text+0x1b): undefined reference to `main'\n/usr/bin/ld: /tmp/ccaGe8AJ.o: in function `_main':\ngenerated_program_2025-05-15_14-10-07-654.c:(.text+0x4c): undefined reference to `___stack_chk_fail'\ncollect2: error: ld returned 1 exit status\n",
        "crash_reason": "Compiler Internal Error (ICE)",
        "compiler": "gcc-11",
        "readable_error": {
            "summary": "Compiler Internal Failure",
            "details": "Output/2025-05-15_14-10-07-588/Generated_Programs/generated_program_2025-05-15_14-10-07-654.c: In function \u2018main\u2019:\nOutput/2025-05-15_14-10-07-588/Generated_Programs/generated_program_2025-05-15_14-10-07-654.c:10:7: warning: unused variable \u2018s\u2019 [-Wunused-variable]\n   10 |       s[100000]; /* This may cause an internal compiler error due to size */\n      |       ^\n/usr/bin/ld: /usr/lib/gcc/x86_64-linux-gnu/11/../../../x86_64-linux-gnu/Scrt1.o: in function `_start':\n(.text+0x1b): undefined reference to `main'\n/usr/bin/ld: /tmp/ccaGe8AJ.o: in function `_main':\ngenerated_program_2025-05-15_14-10-07-654.c:(.text+0x4c): undefined reference to `___stack_chk_fail'\ncollect2: error: ld returned 1 exit status",
            "solution": "Report to maintainers with minimal reproducer",
            "severity": "Critical",
            "gcc_version": "11.4.0",
            "compiler_flags": [
                "-fleading-underscore",
                "-Wall",
                "-Wextra",
                "-pedantic"
            ],
            "bug_pattern": "ICE - internal compiler error[:,-]?\\s*(.+)"
        },
        "debugging_tips": [
            "Review compiler output for specific error details"
        ],
        "flags_used": [
            "-fleading-underscore",
            "-Wall",
            "-Wextra",
            "-pedantic"
        ]
    },
    {
        "filename": "Output/2025-05-15_14-10-07-588/Generated_Programs/generated_program_2025-05-15_14-10-07-654.c",
        "language": "c",
        "standard": "-std=gnu11",
        "flags": [
            "-m32",
            "-Wall",
            "-Wextra",
            "-pedantic",
            "-Wconversion",
            "-Wshadow"
        ],
        "command": "gcc-11 -std=gnu11 -m32 -Wall -Wextra -pedantic -Wconversion -Wshadow Output/2025-05-15_14-10-07-588/Generated_Programs/generated_program_2025-05-15_14-10-07-654.c -o Output/2025-05-15_14-10-07-588/Generated_Programs/Compiled/generated_program_2025-05-15_14-10-07-654.c_gnu11_0356.o",
        "status": "Failed",
        "error": "Output/2025-05-15_14-10-07-588/Generated_Programs/generated_program_2025-05-15_14-10-07-654.c: In function \u2018main\u2019:\nOutput/2025-05-15_14-10-07-588/Generated_Programs/generated_program_2025-05-15_14-10-07-654.c:10:7: warning: unused variable \u2018s\u2019 [-Wunused-variable]\n   10 |       s[100000]; /* This may cause an internal compiler error due to size */\n      |       ^\n/usr/bin/ld: cannot find Scrt1.o: No such file or directory\n/usr/bin/ld: cannot find crti.o: No such file or directory\n/usr/bin/ld: skipping incompatible /usr/lib/gcc/x86_64-linux-gnu/11/libgcc.a when searching for -lgcc\n/usr/bin/ld: cannot find -lgcc: No such file or directory\n/usr/bin/ld: skipping incompatible /usr/lib/gcc/x86_64-linux-gnu/11/libgcc.a when searching for -lgcc\n/usr/bin/ld: cannot find -lgcc: No such file or directory\ncollect2: error: ld returned 1 exit status\n",
        "crash_reason": "Compiler Internal Error (ICE)",
        "compiler": "gcc-11",
        "readable_error": {
            "summary": "Compiler Internal Failure",
            "details": "Output/2025-05-15_14-10-07-588/Generated_Programs/generated_program_2025-05-15_14-10-07-654.c: In function \u2018main\u2019:\nOutput/2025-05-15_14-10-07-588/Generated_Programs/generated_program_2025-05-15_14-10-07-654.c:10:7: warning: unused variable \u2018s\u2019 [-Wunused-variable]\n   10 |       s[100000]; /* This may cause an internal compiler error due to size */\n      |       ^\n/usr/bin/ld: cannot find Scrt1.o: No such file or directory\n/usr/bin/ld: cannot find crti.o: No such file or directory\n/usr/bin/ld: skipping incompatible /usr/lib/gcc/x86_64-linux-gnu/11/libgcc.a when searching for -lgcc\n/usr/bin/ld: cannot find -lgcc: No such file or directory\n/usr/bin/ld: skipping incompatible /usr/lib/gcc/x86_64-linux-gnu/11/libgcc.a when searching for -lgcc\n/usr/bin/ld: cannot find -lgcc: No such file or directory\ncollect2: error: ld returned 1 exit status",
            "solution": "Report to maintainers with minimal reproducer",
            "severity": "Critical",
            "gcc_version": "11.4.0",
            "compiler_flags": [
                "-m32",
                "-Wall",
                "-Wextra",
                "-pedantic",
                "-Wconversion",
                "-Wshadow"
            ],
            "bug_pattern": "ICE - internal compiler error[:,-]?\\s*(.+)"
        },
        "debugging_tips": [
            "Review compiler output for specific error details"
        ],
        "flags_used": [
            "-m32",
            "-Wall",
            "-Wextra",
            "-pedantic",
            "-Wconversion",
            "-Wshadow"
        ]
    },
    {
        "filename": "Output/2025-05-15_14-10-07-588/Generated_Programs/generated_program_2025-05-15_14-10-07-654.c",
        "language": "c",
        "standard": "-std=gnu11",
        "flags": [
            "-mx32",
            "-Wall",
            "-Wextra",
            "-pedantic",
            "-Wconversion",
            "-Wshadow"
        ],
        "command": "gcc-11 -std=gnu11 -mx32 -Wall -Wextra -pedantic -Wconversion -Wshadow Output/2025-05-15_14-10-07-588/Generated_Programs/generated_program_2025-05-15_14-10-07-654.c -o Output/2025-05-15_14-10-07-588/Generated_Programs/Compiled/generated_program_2025-05-15_14-10-07-654.c_gnu11_0287.o",
        "status": "Failed",
        "error": "Output/2025-05-15_14-10-07-588/Generated_Programs/generated_program_2025-05-15_14-10-07-654.c: In function \u2018main\u2019:\nOutput/2025-05-15_14-10-07-588/Generated_Programs/generated_program_2025-05-15_14-10-07-654.c:10:7: warning: unused variable \u2018s\u2019 [-Wunused-variable]\n   10 |       s[100000]; /* This may cause an internal compiler error due to size */\n      |       ^\n/usr/bin/ld: cannot find Scrt1.o: No such file or directory\n/usr/bin/ld: cannot find crti.o: No such file or directory\n/usr/bin/ld: skipping incompatible /usr/lib/gcc/x86_64-linux-gnu/11/libgcc.a when searching for -lgcc\n/usr/bin/ld: cannot find -lgcc: No such file or directory\n/usr/bin/ld: skipping incompatible /lib/i386-linux-gnu/libgcc_s.so.1 when searching for libgcc_s.so.1\n/usr/bin/ld: skipping incompatible /usr/lib/i386-linux-gnu/libgcc_s.so.1 when searching for libgcc_s.so.1\n/usr/bin/ld: skipping incompatible /usr/lib/x86_64-linux-gnu/libgcc_s.so.1 when searching for libgcc_s.so.1\n/usr/bin/ld: cannot find libgcc_s.so.1: No such file or directory\n/usr/bin/ld: skipping incompatible /lib/i386-linux-gnu/libgcc_s.so.1 when searching for libgcc_s.so.1\n/usr/bin/ld: skipping incompatible /usr/lib/i386-linux-gnu/libgcc_s.so.1 when searching for libgcc_s.so.1\n/usr/bin/ld: skipping incompatible /usr/lib/x86_64-linux-gnu/libgcc_s.so.1 when searching for libgcc_s.so.1\n/usr/bin/ld: skipping incompatible /usr/lib/gcc/x86_64-linux-gnu/11/libgcc.a when searching for -lgcc\n/usr/bin/ld: cannot find -lgcc: No such file or directory\ncollect2: error: ld returned 1 exit status\n",
        "crash_reason": "Compiler Internal Error (ICE)",
        "compiler": "gcc-11",
        "readable_error": {
            "summary": "Compiler Internal Failure",
            "details": "Output/2025-05-15_14-10-07-588/Generated_Programs/generated_program_2025-05-15_14-10-07-654.c: In function \u2018main\u2019:\nOutput/2025-05-15_14-10-07-588/Generated_Programs/generated_program_2025-05-15_14-10-07-654.c:10:7: warning: unused variable \u2018s\u2019 [-Wunused-variable]\n   10 |       s[100000]; /* This may cause an internal compiler error due to size */\n      |       ^\n/usr/bin/ld: cannot find Scrt1.o: No such file or directory\n/usr/bin/ld: cannot find crti.o: No such file or directory\n/usr/bin/ld: skipping incompatible /usr/lib/gcc/x86_64-linux-gnu/11/libgcc.a when searching for -lgcc\n/usr/bin/ld: cannot find -lgcc: No such file or directory\n/usr/bin/ld: skipping incompatible /lib/i386-linux-gnu/libgcc_s.so.1 when searching for libgcc_s.so.1\n/usr/bin/ld: skipping incompatible /usr/lib/i386-linux-gnu/libgcc_s.so.1 when searching for libgcc_s.so.1\n/usr/bin/ld: skipping incompatible /usr/lib/x86_64-linux-gnu/libgcc_s.so.1 when searching for libgcc_s.so.1\n/usr/bin/ld: cannot find libgcc_s.so.1: No such file or directory\n/usr/bin/ld: skipping incompatible /lib/i386-linux-gnu/libgcc_s.so.1 when searching for libgcc_s.so.1\n/usr/bin/ld: skipping incompatible /usr/lib/i386-linux-gnu/libgcc_s.so.1 when searching for libgcc_s.so.1\n/usr/bin/ld: skipping incompatible /usr/lib/x86_64-linux-gnu/libgcc_s.so.1 when searching for libgcc_s.so.1\n/usr/bin/ld: skipping incompatible /usr/lib/gcc/x86_64-linux-gnu/11/libgcc.a when searching for -lgcc\n/usr/bin/ld: cannot find -lgcc: No such file or directory\ncollect2: error: ld returned 1 exit status",
            "solution": "Report to maintainers with minimal reproducer",
            "severity": "Critical",
            "gcc_version": "11.4.0",
            "compiler_flags": [
                "-mx32",
                "-Wall",
                "-Wextra",
                "-pedantic",
                "-Wconversion",
                "-Wshadow"
            ],
            "bug_pattern": "ICE - internal compiler error[:,-]?\\s*(.+)"
        },
        "debugging_tips": [
            "Review compiler output for specific error details"
        ],
        "flags_used": [
            "-mx32",
            "-Wall",
            "-Wextra",
            "-pedantic",
            "-Wconversion",
            "-Wshadow"
        ]
    },
    {
        "filename": "Output/2025-05-15_14-10-07-588/Generated_Programs/generated_program_2025-05-15_14-10-07-654.c",
        "language": "c",
        "standard": "-std=gnu11",
        "flags": [
            "-fleading-underscore",
            "-Wall",
            "-Wextra",
            "-pedantic"
        ],
        "command": "gcc-11 -std=gnu11 -fleading-underscore -Wall -Wextra -pedantic Output/2025-05-15_14-10-07-588/Generated_Programs/generated_program_2025-05-15_14-10-07-654.c -o Output/2025-05-15_14-10-07-588/Generated_Programs/Compiled/generated_program_2025-05-15_14-10-07-654.c_gnu11_0897.o",
        "status": "Failed",
        "error": "Output/2025-05-15_14-10-07-588/Generated_Programs/generated_program_2025-05-15_14-10-07-654.c: In function \u2018main\u2019:\nOutput/2025-05-15_14-10-07-588/Generated_Programs/generated_program_2025-05-15_14-10-07-654.c:10:7: warning: unused variable \u2018s\u2019 [-Wunused-variable]\n   10 |       s[100000]; /* This may cause an internal compiler error due to size */\n      |       ^\n/usr/bin/ld: /usr/lib/gcc/x86_64-linux-gnu/11/../../../x86_64-linux-gnu/Scrt1.o: in function `_start':\n(.text+0x1b): undefined reference to `main'\n/usr/bin/ld: /tmp/cc9JCbpw.o: in function `_main':\ngenerated_program_2025-05-15_14-10-07-654.c:(.text+0x4c): undefined reference to `___stack_chk_fail'\ncollect2: error: ld returned 1 exit status\n",
        "crash_reason": "Compiler Internal Error (ICE)",
        "compiler": "gcc-11",
        "readable_error": {
            "summary": "Compiler Internal Failure",
            "details": "Output/2025-05-15_14-10-07-588/Generated_Programs/generated_program_2025-05-15_14-10-07-654.c: In function \u2018main\u2019:\nOutput/2025-05-15_14-10-07-588/Generated_Programs/generated_program_2025-05-15_14-10-07-654.c:10:7: warning: unused variable \u2018s\u2019 [-Wunused-variable]\n   10 |       s[100000]; /* This may cause an internal compiler error due to size */\n      |       ^\n/usr/bin/ld: /usr/lib/gcc/x86_64-linux-gnu/11/../../../x86_64-linux-gnu/Scrt1.o: in function `_start':\n(.text+0x1b): undefined reference to `main'\n/usr/bin/ld: /tmp/cc9JCbpw.o: in function `_main':\ngenerated_program_2025-05-15_14-10-07-654.c:(.text+0x4c): undefined reference to `___stack_chk_fail'\ncollect2: error: ld returned 1 exit status",
            "solution": "Report to maintainers with minimal reproducer",
            "severity": "Critical",
            "gcc_version": "11.4.0",
            "compiler_flags": [
                "-fleading-underscore",
                "-Wall",
                "-Wextra",
                "-pedantic"
            ],
            "bug_pattern": "ICE - internal compiler error[:,-]?\\s*(.+)"
        },
        "debugging_tips": [
            "Review compiler output for specific error details"
        ],
        "flags_used": [
            "-fleading-underscore",
            "-Wall",
            "-Wextra",
            "-pedantic"
        ]
    },
    {
        "filename": "Output/2025-05-15_14-10-07-588/Generated_Programs/generated_program_2025-05-15_14-10-07-654.c",
        "language": "c",
        "standard": "-std=c17",
        "flags": [
            "-m32",
            "-Wall",
            "-Wextra",
            "-pedantic",
            "-Wconversion",
            "-Wshadow"
        ],
        "command": "gcc-11 -std=c17 -m32 -Wall -Wextra -pedantic -Wconversion -Wshadow Output/2025-05-15_14-10-07-588/Generated_Programs/generated_program_2025-05-15_14-10-07-654.c -o Output/2025-05-15_14-10-07-588/Generated_Programs/Compiled/generated_program_2025-05-15_14-10-07-654.c_c17_0356.o",
        "status": "Failed",
        "error": "Output/2025-05-15_14-10-07-588/Generated_Programs/generated_program_2025-05-15_14-10-07-654.c: In function \u2018main\u2019:\nOutput/2025-05-15_14-10-07-588/Generated_Programs/generated_program_2025-05-15_14-10-07-654.c:10:7: warning: unused variable \u2018s\u2019 [-Wunused-variable]\n   10 |       s[100000]; /* This may cause an internal compiler error due to size */\n      |       ^\n/usr/bin/ld: cannot find Scrt1.o: No such file or directory\n/usr/bin/ld: cannot find crti.o: No such file or directory\n/usr/bin/ld: skipping incompatible /usr/lib/gcc/x86_64-linux-gnu/11/libgcc.a when searching for -lgcc\n/usr/bin/ld: cannot find -lgcc: No such file or directory\n/usr/bin/ld: skipping incompatible /usr/lib/gcc/x86_64-linux-gnu/11/libgcc.a when searching for -lgcc\n/usr/bin/ld: cannot find -lgcc: No such file or directory\ncollect2: error: ld returned 1 exit status\n",
        "crash_reason": "Compiler Internal Error (ICE)",
        "compiler": "gcc-11",
        "readable_error": {
            "summary": "Compiler Internal Failure",
            "details": "Output/2025-05-15_14-10-07-588/Generated_Programs/generated_program_2025-05-15_14-10-07-654.c: In function \u2018main\u2019:\nOutput/2025-05-15_14-10-07-588/Generated_Programs/generated_program_2025-05-15_14-10-07-654.c:10:7: warning: unused variable \u2018s\u2019 [-Wunused-variable]\n   10 |       s[100000]; /* This may cause an internal compiler error due to size */\n      |       ^\n/usr/bin/ld: cannot find Scrt1.o: No such file or directory\n/usr/bin/ld: cannot find crti.o: No such file or directory\n/usr/bin/ld: skipping incompatible /usr/lib/gcc/x86_64-linux-gnu/11/libgcc.a when searching for -lgcc\n/usr/bin/ld: cannot find -lgcc: No such file or directory\n/usr/bin/ld: skipping incompatible /usr/lib/gcc/x86_64-linux-gnu/11/libgcc.a when searching for -lgcc\n/usr/bin/ld: cannot find -lgcc: No such file or directory\ncollect2: error: ld returned 1 exit status",
            "solution": "Report to maintainers with minimal reproducer",
            "severity": "Critical",
            "gcc_version": "11.4.0",
            "compiler_flags": [
                "-m32",
                "-Wall",
                "-Wextra",
                "-pedantic",
                "-Wconversion",
                "-Wshadow"
            ],
            "bug_pattern": "ICE - internal compiler error[:,-]?\\s*(.+)"
        },
        "debugging_tips": [
            "Review compiler output for specific error details"
        ],
        "flags_used": [
            "-m32",
            "-Wall",
            "-Wextra",
            "-pedantic",
            "-Wconversion",
            "-Wshadow"
        ]
    },
    {
        "filename": "Output/2025-05-15_14-10-07-588/Generated_Programs/generated_program_2025-05-15_14-10-07-654.c",
        "language": "c",
        "standard": "-std=c17",
        "flags": [
            "-mx32",
            "-Wall",
            "-Wextra",
            "-pedantic",
            "-Wconversion",
            "-Wshadow"
        ],
        "command": "gcc-11 -std=c17 -mx32 -Wall -Wextra -pedantic -Wconversion -Wshadow Output/2025-05-15_14-10-07-588/Generated_Programs/generated_program_2025-05-15_14-10-07-654.c -o Output/2025-05-15_14-10-07-588/Generated_Programs/Compiled/generated_program_2025-05-15_14-10-07-654.c_c17_0287.o",
        "status": "Failed",
        "error": "Output/2025-05-15_14-10-07-588/Generated_Programs/generated_program_2025-05-15_14-10-07-654.c: In function \u2018main\u2019:\nOutput/2025-05-15_14-10-07-588/Generated_Programs/generated_program_2025-05-15_14-10-07-654.c:10:7: warning: unused variable \u2018s\u2019 [-Wunused-variable]\n   10 |       s[100000]; /* This may cause an internal compiler error due to size */\n      |       ^\n/usr/bin/ld: cannot find Scrt1.o: No such file or directory\n/usr/bin/ld: cannot find crti.o: No such file or directory\n/usr/bin/ld: skipping incompatible /usr/lib/gcc/x86_64-linux-gnu/11/libgcc.a when searching for -lgcc\n/usr/bin/ld: cannot find -lgcc: No such file or directory\n/usr/bin/ld: skipping incompatible /lib/i386-linux-gnu/libgcc_s.so.1 when searching for libgcc_s.so.1\n/usr/bin/ld: skipping incompatible /usr/lib/i386-linux-gnu/libgcc_s.so.1 when searching for libgcc_s.so.1\n/usr/bin/ld: skipping incompatible /usr/lib/x86_64-linux-gnu/libgcc_s.so.1 when searching for libgcc_s.so.1\n/usr/bin/ld: cannot find libgcc_s.so.1: No such file or directory\n/usr/bin/ld: skipping incompatible /lib/i386-linux-gnu/libgcc_s.so.1 when searching for libgcc_s.so.1\n/usr/bin/ld: skipping incompatible /usr/lib/i386-linux-gnu/libgcc_s.so.1 when searching for libgcc_s.so.1\n/usr/bin/ld: skipping incompatible /usr/lib/x86_64-linux-gnu/libgcc_s.so.1 when searching for libgcc_s.so.1\n/usr/bin/ld: skipping incompatible /usr/lib/gcc/x86_64-linux-gnu/11/libgcc.a when searching for -lgcc\n/usr/bin/ld: cannot find -lgcc: No such file or directory\ncollect2: error: ld returned 1 exit status\n",
        "crash_reason": "Compiler Internal Error (ICE)",
        "compiler": "gcc-11",
        "readable_error": {
            "summary": "Compiler Internal Failure",
            "details": "Output/2025-05-15_14-10-07-588/Generated_Programs/generated_program_2025-05-15_14-10-07-654.c: In function \u2018main\u2019:\nOutput/2025-05-15_14-10-07-588/Generated_Programs/generated_program_2025-05-15_14-10-07-654.c:10:7: warning: unused variable \u2018s\u2019 [-Wunused-variable]\n   10 |       s[100000]; /* This may cause an internal compiler error due to size */\n      |       ^\n/usr/bin/ld: cannot find Scrt1.o: No such file or directory\n/usr/bin/ld: cannot find crti.o: No such file or directory\n/usr/bin/ld: skipping incompatible /usr/lib/gcc/x86_64-linux-gnu/11/libgcc.a when searching for -lgcc\n/usr/bin/ld: cannot find -lgcc: No such file or directory\n/usr/bin/ld: skipping incompatible /lib/i386-linux-gnu/libgcc_s.so.1 when searching for libgcc_s.so.1\n/usr/bin/ld: skipping incompatible /usr/lib/i386-linux-gnu/libgcc_s.so.1 when searching for libgcc_s.so.1\n/usr/bin/ld: skipping incompatible /usr/lib/x86_64-linux-gnu/libgcc_s.so.1 when searching for libgcc_s.so.1\n/usr/bin/ld: cannot find libgcc_s.so.1: No such file or directory\n/usr/bin/ld: skipping incompatible /lib/i386-linux-gnu/libgcc_s.so.1 when searching for libgcc_s.so.1\n/usr/bin/ld: skipping incompatible /usr/lib/i386-linux-gnu/libgcc_s.so.1 when searching for libgcc_s.so.1\n/usr/bin/ld: skipping incompatible /usr/lib/x86_64-linux-gnu/libgcc_s.so.1 when searching for libgcc_s.so.1\n/usr/bin/ld: skipping incompatible /usr/lib/gcc/x86_64-linux-gnu/11/libgcc.a when searching for -lgcc\n/usr/bin/ld: cannot find -lgcc: No such file or directory\ncollect2: error: ld returned 1 exit status",
            "solution": "Report to maintainers with minimal reproducer",
            "severity": "Critical",
            "gcc_version": "11.4.0",
            "compiler_flags": [
                "-mx32",
                "-Wall",
                "-Wextra",
                "-pedantic",
                "-Wconversion",
                "-Wshadow"
            ],
            "bug_pattern": "ICE - internal compiler error[:,-]?\\s*(.+)"
        },
        "debugging_tips": [
            "Review compiler output for specific error details"
        ],
        "flags_used": [
            "-mx32",
            "-Wall",
            "-Wextra",
            "-pedantic",
            "-Wconversion",
            "-Wshadow"
        ]
    },
    {
        "filename": "Output/2025-05-15_14-10-07-588/Generated_Programs/generated_program_2025-05-15_14-10-07-654.c",
        "language": "c",
        "standard": "-std=c17",
        "flags": [
            "-fleading-underscore",
            "-Wall",
            "-Wextra",
            "-pedantic"
        ],
        "command": "gcc-11 -std=c17 -fleading-underscore -Wall -Wextra -pedantic Output/2025-05-15_14-10-07-588/Generated_Programs/generated_program_2025-05-15_14-10-07-654.c -o Output/2025-05-15_14-10-07-588/Generated_Programs/Compiled/generated_program_2025-05-15_14-10-07-654.c_c17_0897.o",
        "status": "Failed",
        "error": "Output/2025-05-15_14-10-07-588/Generated_Programs/generated_program_2025-05-15_14-10-07-654.c: In function \u2018main\u2019:\nOutput/2025-05-15_14-10-07-588/Generated_Programs/generated_program_2025-05-15_14-10-07-654.c:10:7: warning: unused variable \u2018s\u2019 [-Wunused-variable]\n   10 |       s[100000]; /* This may cause an internal compiler error due to size */\n      |       ^\n/usr/bin/ld: /usr/lib/gcc/x86_64-linux-gnu/11/../../../x86_64-linux-gnu/Scrt1.o: in function `_start':\n(.text+0x1b): undefined reference to `main'\n/usr/bin/ld: /tmp/ccgePba7.o: in function `_main':\ngenerated_program_2025-05-15_14-10-07-654.c:(.text+0x4c): undefined reference to `___stack_chk_fail'\ncollect2: error: ld returned 1 exit status\n",
        "crash_reason": "Compiler Internal Error (ICE)",
        "compiler": "gcc-11",
        "readable_error": {
            "summary": "Compiler Internal Failure",
            "details": "Output/2025-05-15_14-10-07-588/Generated_Programs/generated_program_2025-05-15_14-10-07-654.c: In function \u2018main\u2019:\nOutput/2025-05-15_14-10-07-588/Generated_Programs/generated_program_2025-05-15_14-10-07-654.c:10:7: warning: unused variable \u2018s\u2019 [-Wunused-variable]\n   10 |       s[100000]; /* This may cause an internal compiler error due to size */\n      |       ^\n/usr/bin/ld: /usr/lib/gcc/x86_64-linux-gnu/11/../../../x86_64-linux-gnu/Scrt1.o: in function `_start':\n(.text+0x1b): undefined reference to `main'\n/usr/bin/ld: /tmp/ccgePba7.o: in function `_main':\ngenerated_program_2025-05-15_14-10-07-654.c:(.text+0x4c): undefined reference to `___stack_chk_fail'\ncollect2: error: ld returned 1 exit status",
            "solution": "Report to maintainers with minimal reproducer",
            "severity": "Critical",
            "gcc_version": "11.4.0",
            "compiler_flags": [
                "-fleading-underscore",
                "-Wall",
                "-Wextra",
                "-pedantic"
            ],
            "bug_pattern": "ICE - internal compiler error[:,-]?\\s*(.+)"
        },
        "debugging_tips": [
            "Review compiler output for specific error details"
        ],
        "flags_used": [
            "-fleading-underscore",
            "-Wall",
            "-Wextra",
            "-pedantic"
        ]
    },
    {
        "filename": "Output/2025-05-15_14-10-07-588/Generated_Programs/generated_program_2025-05-15_14-10-07-654.c",
        "language": "c",
        "standard": "-std=gnu17",
        "flags": [
            "-m32",
            "-Wall",
            "-Wextra",
            "-pedantic",
            "-Wconversion",
            "-Wshadow"
        ],
        "command": "gcc-11 -std=gnu17 -m32 -Wall -Wextra -pedantic -Wconversion -Wshadow Output/2025-05-15_14-10-07-588/Generated_Programs/generated_program_2025-05-15_14-10-07-654.c -o Output/2025-05-15_14-10-07-588/Generated_Programs/Compiled/generated_program_2025-05-15_14-10-07-654.c_gnu17_0356.o",
        "status": "Failed",
        "error": "Output/2025-05-15_14-10-07-588/Generated_Programs/generated_program_2025-05-15_14-10-07-654.c: In function \u2018main\u2019:\nOutput/2025-05-15_14-10-07-588/Generated_Programs/generated_program_2025-05-15_14-10-07-654.c:10:7: warning: unused variable \u2018s\u2019 [-Wunused-variable]\n   10 |       s[100000]; /* This may cause an internal compiler error due to size */\n      |       ^\n/usr/bin/ld: cannot find Scrt1.o: No such file or directory\n/usr/bin/ld: cannot find crti.o: No such file or directory\n/usr/bin/ld: skipping incompatible /usr/lib/gcc/x86_64-linux-gnu/11/libgcc.a when searching for -lgcc\n/usr/bin/ld: cannot find -lgcc: No such file or directory\n/usr/bin/ld: skipping incompatible /usr/lib/gcc/x86_64-linux-gnu/11/libgcc.a when searching for -lgcc\n/usr/bin/ld: cannot find -lgcc: No such file or directory\ncollect2: error: ld returned 1 exit status\n",
        "crash_reason": "Compiler Internal Error (ICE)",
        "compiler": "gcc-11",
        "readable_error": {
            "summary": "Compiler Internal Failure",
            "details": "Output/2025-05-15_14-10-07-588/Generated_Programs/generated_program_2025-05-15_14-10-07-654.c: In function \u2018main\u2019:\nOutput/2025-05-15_14-10-07-588/Generated_Programs/generated_program_2025-05-15_14-10-07-654.c:10:7: warning: unused variable \u2018s\u2019 [-Wunused-variable]\n   10 |       s[100000]; /* This may cause an internal compiler error due to size */\n      |       ^\n/usr/bin/ld: cannot find Scrt1.o: No such file or directory\n/usr/bin/ld: cannot find crti.o: No such file or directory\n/usr/bin/ld: skipping incompatible /usr/lib/gcc/x86_64-linux-gnu/11/libgcc.a when searching for -lgcc\n/usr/bin/ld: cannot find -lgcc: No such file or directory\n/usr/bin/ld: skipping incompatible /usr/lib/gcc/x86_64-linux-gnu/11/libgcc.a when searching for -lgcc\n/usr/bin/ld: cannot find -lgcc: No such file or directory\ncollect2: error: ld returned 1 exit status",
            "solution": "Report to maintainers with minimal reproducer",
            "severity": "Critical",
            "gcc_version": "11.4.0",
            "compiler_flags": [
                "-m32",
                "-Wall",
                "-Wextra",
                "-pedantic",
                "-Wconversion",
                "-Wshadow"
            ],
            "bug_pattern": "ICE - internal compiler error[:,-]?\\s*(.+)"
        },
        "debugging_tips": [
            "Review compiler output for specific error details"
        ],
        "flags_used": [
            "-m32",
            "-Wall",
            "-Wextra",
            "-pedantic",
            "-Wconversion",
            "-Wshadow"
        ]
    },
    {
        "filename": "Output/2025-05-15_14-10-07-588/Generated_Programs/generated_program_2025-05-15_14-10-07-654.c",
        "language": "c",
        "standard": "-std=gnu17",
        "flags": [
            "-mx32",
            "-Wall",
            "-Wextra",
            "-pedantic",
            "-Wconversion",
            "-Wshadow"
        ],
        "command": "gcc-11 -std=gnu17 -mx32 -Wall -Wextra -pedantic -Wconversion -Wshadow Output/2025-05-15_14-10-07-588/Generated_Programs/generated_program_2025-05-15_14-10-07-654.c -o Output/2025-05-15_14-10-07-588/Generated_Programs/Compiled/generated_program_2025-05-15_14-10-07-654.c_gnu17_0287.o",
        "status": "Failed",
        "error": "Output/2025-05-15_14-10-07-588/Generated_Programs/generated_program_2025-05-15_14-10-07-654.c: In function \u2018main\u2019:\nOutput/2025-05-15_14-10-07-588/Generated_Programs/generated_program_2025-05-15_14-10-07-654.c:10:7: warning: unused variable \u2018s\u2019 [-Wunused-variable]\n   10 |       s[100000]; /* This may cause an internal compiler error due to size */\n      |       ^\n/usr/bin/ld: cannot find Scrt1.o: No such file or directory\n/usr/bin/ld: cannot find crti.o: No such file or directory\n/usr/bin/ld: skipping incompatible /usr/lib/gcc/x86_64-linux-gnu/11/libgcc.a when searching for -lgcc\n/usr/bin/ld: cannot find -lgcc: No such file or directory\n/usr/bin/ld: skipping incompatible /lib/i386-linux-gnu/libgcc_s.so.1 when searching for libgcc_s.so.1\n/usr/bin/ld: skipping incompatible /usr/lib/i386-linux-gnu/libgcc_s.so.1 when searching for libgcc_s.so.1\n/usr/bin/ld: skipping incompatible /usr/lib/x86_64-linux-gnu/libgcc_s.so.1 when searching for libgcc_s.so.1\n/usr/bin/ld: cannot find libgcc_s.so.1: No such file or directory\n/usr/bin/ld: skipping incompatible /lib/i386-linux-gnu/libgcc_s.so.1 when searching for libgcc_s.so.1\n/usr/bin/ld: skipping incompatible /usr/lib/i386-linux-gnu/libgcc_s.so.1 when searching for libgcc_s.so.1\n/usr/bin/ld: skipping incompatible /usr/lib/x86_64-linux-gnu/libgcc_s.so.1 when searching for libgcc_s.so.1\n/usr/bin/ld: skipping incompatible /usr/lib/gcc/x86_64-linux-gnu/11/libgcc.a when searching for -lgcc\n/usr/bin/ld: cannot find -lgcc: No such file or directory\ncollect2: error: ld returned 1 exit status\n",
        "crash_reason": "Compiler Internal Error (ICE)",
        "compiler": "gcc-11",
        "readable_error": {
            "summary": "Compiler Internal Failure",
            "details": "Output/2025-05-15_14-10-07-588/Generated_Programs/generated_program_2025-05-15_14-10-07-654.c: In function \u2018main\u2019:\nOutput/2025-05-15_14-10-07-588/Generated_Programs/generated_program_2025-05-15_14-10-07-654.c:10:7: warning: unused variable \u2018s\u2019 [-Wunused-variable]\n   10 |       s[100000]; /* This may cause an internal compiler error due to size */\n      |       ^\n/usr/bin/ld: cannot find Scrt1.o: No such file or directory\n/usr/bin/ld: cannot find crti.o: No such file or directory\n/usr/bin/ld: skipping incompatible /usr/lib/gcc/x86_64-linux-gnu/11/libgcc.a when searching for -lgcc\n/usr/bin/ld: cannot find -lgcc: No such file or directory\n/usr/bin/ld: skipping incompatible /lib/i386-linux-gnu/libgcc_s.so.1 when searching for libgcc_s.so.1\n/usr/bin/ld: skipping incompatible /usr/lib/i386-linux-gnu/libgcc_s.so.1 when searching for libgcc_s.so.1\n/usr/bin/ld: skipping incompatible /usr/lib/x86_64-linux-gnu/libgcc_s.so.1 when searching for libgcc_s.so.1\n/usr/bin/ld: cannot find libgcc_s.so.1: No such file or directory\n/usr/bin/ld: skipping incompatible /lib/i386-linux-gnu/libgcc_s.so.1 when searching for libgcc_s.so.1\n/usr/bin/ld: skipping incompatible /usr/lib/i386-linux-gnu/libgcc_s.so.1 when searching for libgcc_s.so.1\n/usr/bin/ld: skipping incompatible /usr/lib/x86_64-linux-gnu/libgcc_s.so.1 when searching for libgcc_s.so.1\n/usr/bin/ld: skipping incompatible /usr/lib/gcc/x86_64-linux-gnu/11/libgcc.a when searching for -lgcc\n/usr/bin/ld: cannot find -lgcc: No such file or directory\ncollect2: error: ld returned 1 exit status",
            "solution": "Report to maintainers with minimal reproducer",
            "severity": "Critical",
            "gcc_version": "11.4.0",
            "compiler_flags": [
                "-mx32",
                "-Wall",
                "-Wextra",
                "-pedantic",
                "-Wconversion",
                "-Wshadow"
            ],
            "bug_pattern": "ICE - internal compiler error[:,-]?\\s*(.+)"
        },
        "debugging_tips": [
            "Review compiler output for specific error details"
        ],
        "flags_used": [
            "-mx32",
            "-Wall",
            "-Wextra",
            "-pedantic",
            "-Wconversion",
            "-Wshadow"
        ]
    },
    {
        "filename": "Output/2025-05-15_14-10-07-588/Generated_Programs/generated_program_2025-05-15_14-10-07-654.c",
        "language": "c",
        "standard": "-std=gnu17",
        "flags": [
            "-fleading-underscore",
            "-Wall",
            "-Wextra",
            "-pedantic"
        ],
        "command": "gcc-11 -std=gnu17 -fleading-underscore -Wall -Wextra -pedantic Output/2025-05-15_14-10-07-588/Generated_Programs/generated_program_2025-05-15_14-10-07-654.c -o Output/2025-05-15_14-10-07-588/Generated_Programs/Compiled/generated_program_2025-05-15_14-10-07-654.c_gnu17_0897.o",
        "status": "Failed",
        "error": "Output/2025-05-15_14-10-07-588/Generated_Programs/generated_program_2025-05-15_14-10-07-654.c: In function \u2018main\u2019:\nOutput/2025-05-15_14-10-07-588/Generated_Programs/generated_program_2025-05-15_14-10-07-654.c:10:7: warning: unused variable \u2018s\u2019 [-Wunused-variable]\n   10 |       s[100000]; /* This may cause an internal compiler error due to size */\n      |       ^\n/usr/bin/ld: /usr/lib/gcc/x86_64-linux-gnu/11/../../../x86_64-linux-gnu/Scrt1.o: in function `_start':\n(.text+0x1b): undefined reference to `main'\n/usr/bin/ld: /tmp/ccYA814J.o: in function `_main':\ngenerated_program_2025-05-15_14-10-07-654.c:(.text+0x4c): undefined reference to `___stack_chk_fail'\ncollect2: error: ld returned 1 exit status\n",
        "crash_reason": "Compiler Internal Error (ICE)",
        "compiler": "gcc-11",
        "readable_error": {
            "summary": "Compiler Internal Failure",
            "details": "Output/2025-05-15_14-10-07-588/Generated_Programs/generated_program_2025-05-15_14-10-07-654.c: In function \u2018main\u2019:\nOutput/2025-05-15_14-10-07-588/Generated_Programs/generated_program_2025-05-15_14-10-07-654.c:10:7: warning: unused variable \u2018s\u2019 [-Wunused-variable]\n   10 |       s[100000]; /* This may cause an internal compiler error due to size */\n      |       ^\n/usr/bin/ld: /usr/lib/gcc/x86_64-linux-gnu/11/../../../x86_64-linux-gnu/Scrt1.o: in function `_start':\n(.text+0x1b): undefined reference to `main'\n/usr/bin/ld: /tmp/ccYA814J.o: in function `_main':\ngenerated_program_2025-05-15_14-10-07-654.c:(.text+0x4c): undefined reference to `___stack_chk_fail'\ncollect2: error: ld returned 1 exit status",
            "solution": "Report to maintainers with minimal reproducer",
            "severity": "Critical",
            "gcc_version": "11.4.0",
            "compiler_flags": [
                "-fleading-underscore",
                "-Wall",
                "-Wextra",
                "-pedantic"
            ],
            "bug_pattern": "ICE - internal compiler error[:,-]?\\s*(.+)"
        },
        "debugging_tips": [
            "Review compiler output for specific error details"
        ],
        "flags_used": [
            "-fleading-underscore",
            "-Wall",
            "-Wextra",
            "-pedantic"
        ]
    },
    {
        "filename": "Output/2025-05-15_14-10-07-588/Generated_Programs/generated_program_2025-05-15_14-10-07-654.c",
        "language": "c",
        "standard": "-std=c2x",
        "flags": [
            "-m32",
            "-Wall",
            "-Wextra",
            "-pedantic",
            "-Wconversion",
            "-Wshadow"
        ],
        "command": "gcc-11 -std=c2x -m32 -Wall -Wextra -pedantic -Wconversion -Wshadow Output/2025-05-15_14-10-07-588/Generated_Programs/generated_program_2025-05-15_14-10-07-654.c -o Output/2025-05-15_14-10-07-588/Generated_Programs/Compiled/generated_program_2025-05-15_14-10-07-654.c_c2x_0356.o",
        "status": "Failed",
        "error": "Output/2025-05-15_14-10-07-588/Generated_Programs/generated_program_2025-05-15_14-10-07-654.c: In function \u2018main\u2019:\nOutput/2025-05-15_14-10-07-588/Generated_Programs/generated_program_2025-05-15_14-10-07-654.c:10:7: warning: unused variable \u2018s\u2019 [-Wunused-variable]\n   10 |       s[100000]; /* This may cause an internal compiler error due to size */\n      |       ^\n/usr/bin/ld: cannot find Scrt1.o: No such file or directory\n/usr/bin/ld: cannot find crti.o: No such file or directory\n/usr/bin/ld: skipping incompatible /usr/lib/gcc/x86_64-linux-gnu/11/libgcc.a when searching for -lgcc\n/usr/bin/ld: cannot find -lgcc: No such file or directory\n/usr/bin/ld: skipping incompatible /usr/lib/gcc/x86_64-linux-gnu/11/libgcc.a when searching for -lgcc\n/usr/bin/ld: cannot find -lgcc: No such file or directory\ncollect2: error: ld returned 1 exit status\n",
        "crash_reason": "Compiler Internal Error (ICE)",
        "compiler": "gcc-11",
        "readable_error": {
            "summary": "Compiler Internal Failure",
            "details": "Output/2025-05-15_14-10-07-588/Generated_Programs/generated_program_2025-05-15_14-10-07-654.c: In function \u2018main\u2019:\nOutput/2025-05-15_14-10-07-588/Generated_Programs/generated_program_2025-05-15_14-10-07-654.c:10:7: warning: unused variable \u2018s\u2019 [-Wunused-variable]\n   10 |       s[100000]; /* This may cause an internal compiler error due to size */\n      |       ^\n/usr/bin/ld: cannot find Scrt1.o: No such file or directory\n/usr/bin/ld: cannot find crti.o: No such file or directory\n/usr/bin/ld: skipping incompatible /usr/lib/gcc/x86_64-linux-gnu/11/libgcc.a when searching for -lgcc\n/usr/bin/ld: cannot find -lgcc: No such file or directory\n/usr/bin/ld: skipping incompatible /usr/lib/gcc/x86_64-linux-gnu/11/libgcc.a when searching for -lgcc\n/usr/bin/ld: cannot find -lgcc: No such file or directory\ncollect2: error: ld returned 1 exit status",
            "solution": "Report to maintainers with minimal reproducer",
            "severity": "Critical",
            "gcc_version": "11.4.0",
            "compiler_flags": [
                "-m32",
                "-Wall",
                "-Wextra",
                "-pedantic",
                "-Wconversion",
                "-Wshadow"
            ],
            "bug_pattern": "ICE - internal compiler error[:,-]?\\s*(.+)"
        },
        "debugging_tips": [
            "Review compiler output for specific error details"
        ],
        "flags_used": [
            "-m32",
            "-Wall",
            "-Wextra",
            "-pedantic",
            "-Wconversion",
            "-Wshadow"
        ]
    },
    {
        "filename": "Output/2025-05-15_14-10-07-588/Generated_Programs/generated_program_2025-05-15_14-10-07-654.c",
        "language": "c",
        "standard": "-std=c2x",
        "flags": [
            "-mx32",
            "-Wall",
            "-Wextra",
            "-pedantic",
            "-Wconversion",
            "-Wshadow"
        ],
        "command": "gcc-11 -std=c2x -mx32 -Wall -Wextra -pedantic -Wconversion -Wshadow Output/2025-05-15_14-10-07-588/Generated_Programs/generated_program_2025-05-15_14-10-07-654.c -o Output/2025-05-15_14-10-07-588/Generated_Programs/Compiled/generated_program_2025-05-15_14-10-07-654.c_c2x_0287.o",
        "status": "Failed",
        "error": "Output/2025-05-15_14-10-07-588/Generated_Programs/generated_program_2025-05-15_14-10-07-654.c: In function \u2018main\u2019:\nOutput/2025-05-15_14-10-07-588/Generated_Programs/generated_program_2025-05-15_14-10-07-654.c:10:7: warning: unused variable \u2018s\u2019 [-Wunused-variable]\n   10 |       s[100000]; /* This may cause an internal compiler error due to size */\n      |       ^\n/usr/bin/ld: cannot find Scrt1.o: No such file or directory\n/usr/bin/ld: cannot find crti.o: No such file or directory\n/usr/bin/ld: skipping incompatible /usr/lib/gcc/x86_64-linux-gnu/11/libgcc.a when searching for -lgcc\n/usr/bin/ld: cannot find -lgcc: No such file or directory\n/usr/bin/ld: skipping incompatible /lib/i386-linux-gnu/libgcc_s.so.1 when searching for libgcc_s.so.1\n/usr/bin/ld: skipping incompatible /usr/lib/i386-linux-gnu/libgcc_s.so.1 when searching for libgcc_s.so.1\n/usr/bin/ld: skipping incompatible /usr/lib/x86_64-linux-gnu/libgcc_s.so.1 when searching for libgcc_s.so.1\n/usr/bin/ld: cannot find libgcc_s.so.1: No such file or directory\n/usr/bin/ld: skipping incompatible /lib/i386-linux-gnu/libgcc_s.so.1 when searching for libgcc_s.so.1\n/usr/bin/ld: skipping incompatible /usr/lib/i386-linux-gnu/libgcc_s.so.1 when searching for libgcc_s.so.1\n/usr/bin/ld: skipping incompatible /usr/lib/x86_64-linux-gnu/libgcc_s.so.1 when searching for libgcc_s.so.1\n/usr/bin/ld: skipping incompatible /usr/lib/gcc/x86_64-linux-gnu/11/libgcc.a when searching for -lgcc\n/usr/bin/ld: cannot find -lgcc: No such file or directory\ncollect2: error: ld returned 1 exit status\n",
        "crash_reason": "Compiler Internal Error (ICE)",
        "compiler": "gcc-11",
        "readable_error": {
            "summary": "Compiler Internal Failure",
            "details": "Output/2025-05-15_14-10-07-588/Generated_Programs/generated_program_2025-05-15_14-10-07-654.c: In function \u2018main\u2019:\nOutput/2025-05-15_14-10-07-588/Generated_Programs/generated_program_2025-05-15_14-10-07-654.c:10:7: warning: unused variable \u2018s\u2019 [-Wunused-variable]\n   10 |       s[100000]; /* This may cause an internal compiler error due to size */\n      |       ^\n/usr/bin/ld: cannot find Scrt1.o: No such file or directory\n/usr/bin/ld: cannot find crti.o: No such file or directory\n/usr/bin/ld: skipping incompatible /usr/lib/gcc/x86_64-linux-gnu/11/libgcc.a when searching for -lgcc\n/usr/bin/ld: cannot find -lgcc: No such file or directory\n/usr/bin/ld: skipping incompatible /lib/i386-linux-gnu/libgcc_s.so.1 when searching for libgcc_s.so.1\n/usr/bin/ld: skipping incompatible /usr/lib/i386-linux-gnu/libgcc_s.so.1 when searching for libgcc_s.so.1\n/usr/bin/ld: skipping incompatible /usr/lib/x86_64-linux-gnu/libgcc_s.so.1 when searching for libgcc_s.so.1\n/usr/bin/ld: cannot find libgcc_s.so.1: No such file or directory\n/usr/bin/ld: skipping incompatible /lib/i386-linux-gnu/libgcc_s.so.1 when searching for libgcc_s.so.1\n/usr/bin/ld: skipping incompatible /usr/lib/i386-linux-gnu/libgcc_s.so.1 when searching for libgcc_s.so.1\n/usr/bin/ld: skipping incompatible /usr/lib/x86_64-linux-gnu/libgcc_s.so.1 when searching for libgcc_s.so.1\n/usr/bin/ld: skipping incompatible /usr/lib/gcc/x86_64-linux-gnu/11/libgcc.a when searching for -lgcc\n/usr/bin/ld: cannot find -lgcc: No such file or directory\ncollect2: error: ld returned 1 exit status",
            "solution": "Report to maintainers with minimal reproducer",
            "severity": "Critical",
            "gcc_version": "11.4.0",
            "compiler_flags": [
                "-mx32",
                "-Wall",
                "-Wextra",
                "-pedantic",
                "-Wconversion",
                "-Wshadow"
            ],
            "bug_pattern": "ICE - internal compiler error[:,-]?\\s*(.+)"
        },
        "debugging_tips": [
            "Review compiler output for specific error details"
        ],
        "flags_used": [
            "-mx32",
            "-Wall",
            "-Wextra",
            "-pedantic",
            "-Wconversion",
            "-Wshadow"
        ]
    },
    {
        "filename": "Output/2025-05-15_14-10-07-588/Generated_Programs/generated_program_2025-05-15_14-10-07-654.c",
        "language": "c",
        "standard": "-std=c2x",
        "flags": [
            "-fleading-underscore",
            "-Wall",
            "-Wextra",
            "-pedantic"
        ],
        "command": "gcc-11 -std=c2x -fleading-underscore -Wall -Wextra -pedantic Output/2025-05-15_14-10-07-588/Generated_Programs/generated_program_2025-05-15_14-10-07-654.c -o Output/2025-05-15_14-10-07-588/Generated_Programs/Compiled/generated_program_2025-05-15_14-10-07-654.c_c2x_0897.o",
        "status": "Failed",
        "error": "Output/2025-05-15_14-10-07-588/Generated_Programs/generated_program_2025-05-15_14-10-07-654.c: In function \u2018main\u2019:\nOutput/2025-05-15_14-10-07-588/Generated_Programs/generated_program_2025-05-15_14-10-07-654.c:10:7: warning: unused variable \u2018s\u2019 [-Wunused-variable]\n   10 |       s[100000]; /* This may cause an internal compiler error due to size */\n      |       ^\n/usr/bin/ld: /usr/lib/gcc/x86_64-linux-gnu/11/../../../x86_64-linux-gnu/Scrt1.o: in function `_start':\n(.text+0x1b): undefined reference to `main'\n/usr/bin/ld: /tmp/cc5uEzX0.o: in function `_main':\ngenerated_program_2025-05-15_14-10-07-654.c:(.text+0x4c): undefined reference to `___stack_chk_fail'\ncollect2: error: ld returned 1 exit status\n",
        "crash_reason": "Compiler Internal Error (ICE)",
        "compiler": "gcc-11",
        "readable_error": {
            "summary": "Compiler Internal Failure",
            "details": "Output/2025-05-15_14-10-07-588/Generated_Programs/generated_program_2025-05-15_14-10-07-654.c: In function \u2018main\u2019:\nOutput/2025-05-15_14-10-07-588/Generated_Programs/generated_program_2025-05-15_14-10-07-654.c:10:7: warning: unused variable \u2018s\u2019 [-Wunused-variable]\n   10 |       s[100000]; /* This may cause an internal compiler error due to size */\n      |       ^\n/usr/bin/ld: /usr/lib/gcc/x86_64-linux-gnu/11/../../../x86_64-linux-gnu/Scrt1.o: in function `_start':\n(.text+0x1b): undefined reference to `main'\n/usr/bin/ld: /tmp/cc5uEzX0.o: in function `_main':\ngenerated_program_2025-05-15_14-10-07-654.c:(.text+0x4c): undefined reference to `___stack_chk_fail'\ncollect2: error: ld returned 1 exit status",
            "solution": "Report to maintainers with minimal reproducer",
            "severity": "Critical",
            "gcc_version": "11.4.0",
            "compiler_flags": [
                "-fleading-underscore",
                "-Wall",
                "-Wextra",
                "-pedantic"
            ],
            "bug_pattern": "ICE - internal compiler error[:,-]?\\s*(.+)"
        },
        "debugging_tips": [
            "Review compiler output for specific error details"
        ],
        "flags_used": [
            "-fleading-underscore",
            "-Wall",
            "-Wextra",
            "-pedantic"
        ]
    },
    {
        "filename": "Output/2025-05-15_14-10-07-588/Generated_Programs/generated_program_2025-05-15_14-10-07-654.c",
        "language": "c",
        "standard": "-std=gnu2x",
        "flags": [
            "-m32",
            "-Wall",
            "-Wextra",
            "-pedantic",
            "-Wconversion",
            "-Wshadow"
        ],
        "command": "gcc-11 -std=gnu2x -m32 -Wall -Wextra -pedantic -Wconversion -Wshadow Output/2025-05-15_14-10-07-588/Generated_Programs/generated_program_2025-05-15_14-10-07-654.c -o Output/2025-05-15_14-10-07-588/Generated_Programs/Compiled/generated_program_2025-05-15_14-10-07-654.c_gnu2x_0356.o",
        "status": "Failed",
        "error": "Output/2025-05-15_14-10-07-588/Generated_Programs/generated_program_2025-05-15_14-10-07-654.c: In function \u2018main\u2019:\nOutput/2025-05-15_14-10-07-588/Generated_Programs/generated_program_2025-05-15_14-10-07-654.c:10:7: warning: unused variable \u2018s\u2019 [-Wunused-variable]\n   10 |       s[100000]; /* This may cause an internal compiler error due to size */\n      |       ^\n/usr/bin/ld: cannot find Scrt1.o: No such file or directory\n/usr/bin/ld: cannot find crti.o: No such file or directory\n/usr/bin/ld: skipping incompatible /usr/lib/gcc/x86_64-linux-gnu/11/libgcc.a when searching for -lgcc\n/usr/bin/ld: cannot find -lgcc: No such file or directory\n/usr/bin/ld: skipping incompatible /usr/lib/gcc/x86_64-linux-gnu/11/libgcc.a when searching for -lgcc\n/usr/bin/ld: cannot find -lgcc: No such file or directory\ncollect2: error: ld returned 1 exit status\n",
        "crash_reason": "Compiler Internal Error (ICE)",
        "compiler": "gcc-11",
        "readable_error": {
            "summary": "Compiler Internal Failure",
            "details": "Output/2025-05-15_14-10-07-588/Generated_Programs/generated_program_2025-05-15_14-10-07-654.c: In function \u2018main\u2019:\nOutput/2025-05-15_14-10-07-588/Generated_Programs/generated_program_2025-05-15_14-10-07-654.c:10:7: warning: unused variable \u2018s\u2019 [-Wunused-variable]\n   10 |       s[100000]; /* This may cause an internal compiler error due to size */\n      |       ^\n/usr/bin/ld: cannot find Scrt1.o: No such file or directory\n/usr/bin/ld: cannot find crti.o: No such file or directory\n/usr/bin/ld: skipping incompatible /usr/lib/gcc/x86_64-linux-gnu/11/libgcc.a when searching for -lgcc\n/usr/bin/ld: cannot find -lgcc: No such file or directory\n/usr/bin/ld: skipping incompatible /usr/lib/gcc/x86_64-linux-gnu/11/libgcc.a when searching for -lgcc\n/usr/bin/ld: cannot find -lgcc: No such file or directory\ncollect2: error: ld returned 1 exit status",
            "solution": "Report to maintainers with minimal reproducer",
            "severity": "Critical",
            "gcc_version": "11.4.0",
            "compiler_flags": [
                "-m32",
                "-Wall",
                "-Wextra",
                "-pedantic",
                "-Wconversion",
                "-Wshadow"
            ],
            "bug_pattern": "ICE - internal compiler error[:,-]?\\s*(.+)"
        },
        "debugging_tips": [
            "Review compiler output for specific error details"
        ],
        "flags_used": [
            "-m32",
            "-Wall",
            "-Wextra",
            "-pedantic",
            "-Wconversion",
            "-Wshadow"
        ]
    },
    {
        "filename": "Output/2025-05-15_14-10-07-588/Generated_Programs/generated_program_2025-05-15_14-10-07-654.c",
        "language": "c",
        "standard": "-std=gnu2x",
        "flags": [
            "-mx32",
            "-Wall",
            "-Wextra",
            "-pedantic",
            "-Wconversion",
            "-Wshadow"
        ],
        "command": "gcc-11 -std=gnu2x -mx32 -Wall -Wextra -pedantic -Wconversion -Wshadow Output/2025-05-15_14-10-07-588/Generated_Programs/generated_program_2025-05-15_14-10-07-654.c -o Output/2025-05-15_14-10-07-588/Generated_Programs/Compiled/generated_program_2025-05-15_14-10-07-654.c_gnu2x_0287.o",
        "status": "Failed",
        "error": "Output/2025-05-15_14-10-07-588/Generated_Programs/generated_program_2025-05-15_14-10-07-654.c: In function \u2018main\u2019:\nOutput/2025-05-15_14-10-07-588/Generated_Programs/generated_program_2025-05-15_14-10-07-654.c:10:7: warning: unused variable \u2018s\u2019 [-Wunused-variable]\n   10 |       s[100000]; /* This may cause an internal compiler error due to size */\n      |       ^\n/usr/bin/ld: cannot find Scrt1.o: No such file or directory\n/usr/bin/ld: cannot find crti.o: No such file or directory\n/usr/bin/ld: skipping incompatible /usr/lib/gcc/x86_64-linux-gnu/11/libgcc.a when searching for -lgcc\n/usr/bin/ld: cannot find -lgcc: No such file or directory\n/usr/bin/ld: skipping incompatible /lib/i386-linux-gnu/libgcc_s.so.1 when searching for libgcc_s.so.1\n/usr/bin/ld: skipping incompatible /usr/lib/i386-linux-gnu/libgcc_s.so.1 when searching for libgcc_s.so.1\n/usr/bin/ld: skipping incompatible /usr/lib/x86_64-linux-gnu/libgcc_s.so.1 when searching for libgcc_s.so.1\n/usr/bin/ld: cannot find libgcc_s.so.1: No such file or directory\n/usr/bin/ld: skipping incompatible /lib/i386-linux-gnu/libgcc_s.so.1 when searching for libgcc_s.so.1\n/usr/bin/ld: skipping incompatible /usr/lib/i386-linux-gnu/libgcc_s.so.1 when searching for libgcc_s.so.1\n/usr/bin/ld: skipping incompatible /usr/lib/x86_64-linux-gnu/libgcc_s.so.1 when searching for libgcc_s.so.1\n/usr/bin/ld: skipping incompatible /usr/lib/gcc/x86_64-linux-gnu/11/libgcc.a when searching for -lgcc\n/usr/bin/ld: cannot find -lgcc: No such file or directory\ncollect2: error: ld returned 1 exit status\n",
        "crash_reason": "Compiler Internal Error (ICE)",
        "compiler": "gcc-11",
        "readable_error": {
            "summary": "Compiler Internal Failure",
            "details": "Output/2025-05-15_14-10-07-588/Generated_Programs/generated_program_2025-05-15_14-10-07-654.c: In function \u2018main\u2019:\nOutput/2025-05-15_14-10-07-588/Generated_Programs/generated_program_2025-05-15_14-10-07-654.c:10:7: warning: unused variable \u2018s\u2019 [-Wunused-variable]\n   10 |       s[100000]; /* This may cause an internal compiler error due to size */\n      |       ^\n/usr/bin/ld: cannot find Scrt1.o: No such file or directory\n/usr/bin/ld: cannot find crti.o: No such file or directory\n/usr/bin/ld: skipping incompatible /usr/lib/gcc/x86_64-linux-gnu/11/libgcc.a when searching for -lgcc\n/usr/bin/ld: cannot find -lgcc: No such file or directory\n/usr/bin/ld: skipping incompatible /lib/i386-linux-gnu/libgcc_s.so.1 when searching for libgcc_s.so.1\n/usr/bin/ld: skipping incompatible /usr/lib/i386-linux-gnu/libgcc_s.so.1 when searching for libgcc_s.so.1\n/usr/bin/ld: skipping incompatible /usr/lib/x86_64-linux-gnu/libgcc_s.so.1 when searching for libgcc_s.so.1\n/usr/bin/ld: cannot find libgcc_s.so.1: No such file or directory\n/usr/bin/ld: skipping incompatible /lib/i386-linux-gnu/libgcc_s.so.1 when searching for libgcc_s.so.1\n/usr/bin/ld: skipping incompatible /usr/lib/i386-linux-gnu/libgcc_s.so.1 when searching for libgcc_s.so.1\n/usr/bin/ld: skipping incompatible /usr/lib/x86_64-linux-gnu/libgcc_s.so.1 when searching for libgcc_s.so.1\n/usr/bin/ld: skipping incompatible /usr/lib/gcc/x86_64-linux-gnu/11/libgcc.a when searching for -lgcc\n/usr/bin/ld: cannot find -lgcc: No such file or directory\ncollect2: error: ld returned 1 exit status",
            "solution": "Report to maintainers with minimal reproducer",
            "severity": "Critical",
            "gcc_version": "11.4.0",
            "compiler_flags": [
                "-mx32",
                "-Wall",
                "-Wextra",
                "-pedantic",
                "-Wconversion",
                "-Wshadow"
            ],
            "bug_pattern": "ICE - internal compiler error[:,-]?\\s*(.+)"
        },
        "debugging_tips": [
            "Review compiler output for specific error details"
        ],
        "flags_used": [
            "-mx32",
            "-Wall",
            "-Wextra",
            "-pedantic",
            "-Wconversion",
            "-Wshadow"
        ]
    },
    {
        "filename": "Output/2025-05-15_14-10-07-588/Generated_Programs/generated_program_2025-05-15_14-10-07-654.c",
        "language": "c",
        "standard": "-std=gnu2x",
        "flags": [
            "-fleading-underscore",
            "-Wall",
            "-Wextra",
            "-pedantic"
        ],
        "command": "gcc-11 -std=gnu2x -fleading-underscore -Wall -Wextra -pedantic Output/2025-05-15_14-10-07-588/Generated_Programs/generated_program_2025-05-15_14-10-07-654.c -o Output/2025-05-15_14-10-07-588/Generated_Programs/Compiled/generated_program_2025-05-15_14-10-07-654.c_gnu2x_0897.o",
        "status": "Failed",
        "error": "Output/2025-05-15_14-10-07-588/Generated_Programs/generated_program_2025-05-15_14-10-07-654.c: In function \u2018main\u2019:\nOutput/2025-05-15_14-10-07-588/Generated_Programs/generated_program_2025-05-15_14-10-07-654.c:10:7: warning: unused variable \u2018s\u2019 [-Wunused-variable]\n   10 |       s[100000]; /* This may cause an internal compiler error due to size */\n      |       ^\n/usr/bin/ld: /usr/lib/gcc/x86_64-linux-gnu/11/../../../x86_64-linux-gnu/Scrt1.o: in function `_start':\n(.text+0x1b): undefined reference to `main'\n/usr/bin/ld: /tmp/cc7H5m5Z.o: in function `_main':\ngenerated_program_2025-05-15_14-10-07-654.c:(.text+0x4c): undefined reference to `___stack_chk_fail'\ncollect2: error: ld returned 1 exit status\n",
        "crash_reason": "Compiler Internal Error (ICE)",
        "compiler": "gcc-11",
        "readable_error": {
            "summary": "Compiler Internal Failure",
            "details": "Output/2025-05-15_14-10-07-588/Generated_Programs/generated_program_2025-05-15_14-10-07-654.c: In function \u2018main\u2019:\nOutput/2025-05-15_14-10-07-588/Generated_Programs/generated_program_2025-05-15_14-10-07-654.c:10:7: warning: unused variable \u2018s\u2019 [-Wunused-variable]\n   10 |       s[100000]; /* This may cause an internal compiler error due to size */\n      |       ^\n/usr/bin/ld: /usr/lib/gcc/x86_64-linux-gnu/11/../../../x86_64-linux-gnu/Scrt1.o: in function `_start':\n(.text+0x1b): undefined reference to `main'\n/usr/bin/ld: /tmp/cc7H5m5Z.o: in function `_main':\ngenerated_program_2025-05-15_14-10-07-654.c:(.text+0x4c): undefined reference to `___stack_chk_fail'\ncollect2: error: ld returned 1 exit status",
            "solution": "Report to maintainers with minimal reproducer",
            "severity": "Critical",
            "gcc_version": "11.4.0",
            "compiler_flags": [
                "-fleading-underscore",
                "-Wall",
                "-Wextra",
                "-pedantic"
            ],
            "bug_pattern": "ICE - internal compiler error[:,-]?\\s*(.+)"
        },
        "debugging_tips": [
            "Review compiler output for specific error details"
        ],
        "flags_used": [
            "-fleading-underscore",
            "-Wall",
            "-Wextra",
            "-pedantic"
        ]
    }
]